<?xml version="1.0" encoding="utf-8"?>
<CoverageSession xmlns:xsd="http://www.w3.org/2001/XMLSchema" xmlns:xsi="http://www.w3.org/2001/XMLSchema-instance">
  <Summary numSequencePoints="262" visitedSequencePoints="232" numBranchPoints="161" visitedBranchPoints="128" sequenceCoverage="88.55" branchCoverage="79.50" maxCyclomaticComplexity="17" minCyclomaticComplexity="1" />
  <Modules>
    <Module skippedDueTo="Filter" hash="E9-A8-6A-CC-31-FF-25-91-E6-86-F2-D5-72-EE-77-7D-AB-36-F0-0B">
      <FullName>C:\Windows\Microsoft.Net\assembly\GAC_32\mscorlib\v4.0_4.0.0.0__b77a5c561934e089\mscorlib.dll</FullName>
      <ModuleName>mscorlib</ModuleName>
      <Classes />
    </Module>
    <Module skippedDueTo="MissingPdb" hash="66-71-3F-9B-CE-FA-0C-A8-74-D7-88-15-33-DF-6B-A8-10-FE-A3-68">
      <FullName>F:\Documents\GithubCom\Node.Cs.2.0.0\Node.Cs\build_utils\VisualStudioIdentifier.exe</FullName>
      <ModuleName>VisualStudioIdentifier</ModuleName>
      <Classes />
    </Module>
    <Module skippedDueTo="MissingPdb" hash="51-57-32-32-3A-99-BE-2D-0F-55-8E-53-39-A1-87-44-A4-8F-7F-96">
      <FullName>F:\Programs\Development\Microsoft Visual Studio 12.0\Common7\IDE\MSTest.exe</FullName>
      <ModuleName>MSTest</ModuleName>
      <Classes />
    </Module>
    <Module skippedDueTo="MissingPdb" hash="DC-F8-9B-F7-2C-08-0C-DA-07-27-F8-D5-02-E6-16-D6-41-91-92-AB">
      <FullName>C:\Windows\assembly\GAC_MSIL\Microsoft.VisualStudio.QualityTools.Common\12.0.0.0__b03f5f7f11d50a3a\Microsoft.VisualStudio.QualityTools.Common.dll</FullName>
      <ModuleName>Microsoft.VisualStudio.QualityTools.Common</ModuleName>
      <Classes />
    </Module>
    <Module skippedDueTo="Filter" hash="38-4A-D4-CE-0C-44-E3-14-2E-0C-38-16-21-36-08-FC-9E-19-4A-F0">
      <FullName>C:\Windows\Microsoft.Net\assembly\GAC_MSIL\System\v4.0_4.0.0.0__b77a5c561934e089\System.dll</FullName>
      <ModuleName>System</ModuleName>
      <Classes />
    </Module>
    <Module skippedDueTo="MissingPdb" hash="6C-F3-21-D3-55-B9-65-8F-79-5C-94-83-2B-55-5B-61-F1-44-E2-3D">
      <FullName>C:\Windows\assembly\GAC_MSIL\Microsoft.VisualStudio.QualityTools.ExecutionCommon\12.0.0.0__b03f5f7f11d50a3a\Microsoft.VisualStudio.QualityTools.ExecutionCommon.dll</FullName>
      <ModuleName>Microsoft.VisualStudio.QualityTools.ExecutionCommon</ModuleName>
      <Classes />
    </Module>
    <Module skippedDueTo="MissingPdb" hash="14-3D-05-8D-99-D4-2A-75-D3-21-57-04-93-CD-3F-7B-76-07-28-5E">
      <FullName>C:\Windows\assembly\GAC_MSIL\Microsoft.VisualStudio.QualityTools.Resource\12.0.0.0__b03f5f7f11d50a3a\Microsoft.VisualStudio.QualityTools.Resource.dll</FullName>
      <ModuleName>Microsoft.VisualStudio.QualityTools.Resource</ModuleName>
      <Classes />
    </Module>
    <Module skippedDueTo="Filter" hash="8F-6E-E8-4F-40-6A-75-31-1B-08-C2-22-D5-EA-FE-23-3B-7B-82-15">
      <FullName>C:\Windows\Microsoft.Net\assembly\GAC_MSIL\System.Configuration\v4.0_4.0.0.0__b03f5f7f11d50a3a\System.Configuration.dll</FullName>
      <ModuleName>System.Configuration</ModuleName>
      <Classes />
    </Module>
    <Module skippedDueTo="Filter" hash="36-6D-BE-CC-C6-8D-5C-6B-D8-CE-E3-42-E9-1D-D1-3D-6E-FD-D9-5C">
      <FullName>C:\Windows\Microsoft.Net\assembly\GAC_MSIL\System.Xml\v4.0_4.0.0.0__b77a5c561934e089\System.Xml.dll</FullName>
      <ModuleName>System.Xml</ModuleName>
      <Classes />
    </Module>
    <Module skippedDueTo="MissingPdb" hash="25-DB-39-AF-D2-EF-C6-D7-46-FB-43-4E-6D-00-CA-60-D2-BC-73-4C">
      <FullName>C:\Windows\Microsoft.Net\assembly\GAC_MSIL\Microsoft.VisualStudio.QualityTools.CommandLine\v4.0_12.0.0.0__b03f5f7f11d50a3a\Microsoft.VisualStudio.QualityTools.CommandLine.dll</FullName>
      <ModuleName>Microsoft.VisualStudio.QualityTools.CommandLine</ModuleName>
      <Classes />
    </Module>
    <Module skippedDueTo="MissingPdb" hash="C3-B2-EE-56-03-E2-1E-61-F3-58-71-8C-F2-35-7D-7F-98-94-D9-25">
      <FullName>C:\Windows\assembly\GAC_MSIL\Microsoft.VisualStudio.QualityTools.TMI\12.0.0.0__b03f5f7f11d50a3a\Microsoft.VisualStudio.QualityTools.TMI.dll</FullName>
      <ModuleName>Microsoft.VisualStudio.QualityTools.TMI</ModuleName>
      <Classes />
    </Module>
    <Module skippedDueTo="Filter" hash="59-EC-08-3D-BA-0B-D9-8E-68-CA-E7-80-C5-A9-1C-70-2E-6F-C6-2B">
      <FullName>C:\Windows\Microsoft.Net\assembly\GAC_MSIL\System.resources\v4.0_4.0.0.0_it_b77a5c561934e089\System.resources.dll</FullName>
      <ModuleName>System.resources</ModuleName>
      <Classes />
    </Module>
    <Module skippedDueTo="Filter" hash="83-92-A6-61-AB-24-2D-60-6E-B3-F0-4C-6A-F3-38-AF-4E-6E-B8-30">
      <FullName>C:\Windows\Microsoft.Net\assembly\GAC_32\System.Data\v4.0_4.0.0.0__b77a5c561934e089\System.Data.dll</FullName>
      <ModuleName>System.Data</ModuleName>
      <Classes />
    </Module>
    <Module skippedDueTo="Filter" hash="5F-95-A9-21-AF-EF-CF-27-26-37-79-95-73-81-7A-A3-5F-E6-5D-E7">
      <FullName>C:\Windows\Microsoft.Net\assembly\GAC_MSIL\System.Numerics\v4.0_4.0.0.0__b77a5c561934e089\System.Numerics.dll</FullName>
      <ModuleName>System.Numerics</ModuleName>
      <Classes />
    </Module>
    <Module skippedDueTo="Filter" hash="22-2E-5B-E5-EF-E3-B8-D0-FE-00-02-F5-D7-49-64-F5-4B-03-EA-01">
      <FullName>C:\Windows\Microsoft.Net\assembly\GAC_32\System.Web\v4.0_4.0.0.0__b03f5f7f11d50a3a\System.Web.dll</FullName>
      <ModuleName>System.Web</ModuleName>
      <Classes />
    </Module>
    <Module skippedDueTo="Filter" hash="F0-AC-29-46-F9-CE-FF-96-AE-EE-4F-C0-DE-9E-59-D3-7E-1B-ED-08">
      <FullName>C:\Windows\Microsoft.Net\assembly\GAC_MSIL\System.Core\v4.0_4.0.0.0__b77a5c561934e089\System.Core.dll</FullName>
      <ModuleName>System.Core</ModuleName>
      <Classes />
    </Module>
    <Module skippedDueTo="MissingPdb" hash="B8-BD-0B-9C-FE-40-35-92-D1-0C-F8-1C-06-DF-75-D9-6D-4E-B5-9F">
      <FullName>C:\Windows\assembly\GAC_MSIL\Microsoft.VisualStudio.QualityTools.Tips.UnitTest.Tip\12.0.0.0__b03f5f7f11d50a3a\Microsoft.VisualStudio.QualityTools.Tips.UnitTest.Tip.dll</FullName>
      <ModuleName>Microsoft.VisualStudio.QualityTools.Tips.UnitTest.Tip</ModuleName>
      <Classes />
    </Module>
    <Module skippedDueTo="MissingPdb" hash="80-91-7B-77-89-19-B3-0A-B9-FD-35-76-4A-23-60-1A-8D-35-58-07">
      <FullName>C:\Windows\assembly\GAC_MSIL\Microsoft.VisualStudio.QualityTools.Tips.UnitTest.ObjectModel\12.0.0.0__b03f5f7f11d50a3a\Microsoft.VisualStudio.QualityTools.Tips.UnitTest.ObjectModel.dll</FullName>
      <ModuleName>Microsoft.VisualStudio.QualityTools.Tips.UnitTest.ObjectModel</ModuleName>
      <Classes />
    </Module>
    <Module skippedDueTo="MissingPdb" hash="B6-BE-C7-09-6A-69-79-02-C4-B3-2E-2E-B9-3D-72-09-BB-84-01-6E">
      <FullName>C:\Windows\assembly\GAC_MSIL\Microsoft.VisualStudio.QualityTools.UnitTestFramework\10.0.0.0__b03f5f7f11d50a3a\Microsoft.VisualStudio.QualityTools.UnitTestFramework.dll</FullName>
      <ModuleName>Microsoft.VisualStudio.QualityTools.UnitTestFramework</ModuleName>
      <Classes />
    </Module>
    <Module skippedDueTo="MissingPdb" hash="91-A7-F9-01-20-FA-B7-30-6F-8D-00-4C-1E-EC-D4-8D-65-53-89-BC">
      <FullName>C:\Windows\assembly\GAC_MSIL\Microsoft.VisualStudio.QualityTools.Tips.UnitTest.AssemblyResolver\12.0.0.0__b03f5f7f11d50a3a\Microsoft.VisualStudio.QualityTools.Tips.UnitTest.AssemblyResolver.dll</FullName>
      <ModuleName>Microsoft.VisualStudio.QualityTools.Tips.UnitTest.AssemblyResolver</ModuleName>
      <Classes />
    </Module>
    <Module skippedDueTo="Filter" hash="79-F4-04-4A-6B-2A-25-58-EC-9A-DA-6E-67-73-B8-77-C8-D7-6A-CC">
      <FullName>F:\Documents\GithubCom\Node.Cs.2.0.0\Node.Cs\.report\bin\Node.Cs.Lib.Test.dll</FullName>
      <ModuleName>Node.Cs.Lib.Test</ModuleName>
      <Classes />
    </Module>
    <Module skippedDueTo="Filter" hash="B0-E0-E4-F6-50-89-38-1A-78-29-A3-BB-1D-7A-CD-CA-E8-16-4E-E1">
      <FullName>F:\Documents\GithubCom\Node.Cs.2.0.0\Node.Cs\.report\bin\Node.Cs.TestUtils.dll</FullName>
      <ModuleName>Node.Cs.TestUtils</ModuleName>
      <Classes />
    </Module>
    <Module hash="95-7F-56-B8-B7-FD-28-54-29-FA-B1-A3-53-FF-BA-31-7C-94-7F-6E">
      <Summary numSequencePoints="201" visitedSequencePoints="171" numBranchPoints="109" visitedBranchPoints="82" sequenceCoverage="85.07" branchCoverage="75.23" maxCyclomaticComplexity="7" minCyclomaticComplexity="1" />
      <FullName>F:\Documents\GithubCom\Node.Cs.2.0.0\Node.Cs\.report\bin\Node.Cs.Lib.dll</FullName>
      <ModuleName>Node.Cs.Lib</ModuleName>
      <Files>
        <File uid="1" fullPath="f:\Documents\GithubCom\Node.Cs.2.0.0\Node.Cs\src\Node.Cs.Lib\CommandHandlers\BasicNodeCommands.cs" />
        <File uid="2" fullPath="f:\Documents\GithubCom\Node.Cs.2.0.0\Node.Cs\src\Node.Cs.Lib\Consoles\BasicNodeConsole.cs" />
        <File uid="3" fullPath="f:\Documents\GithubCom\Node.Cs.2.0.0\Node.Cs\src\Node.Cs.Lib\NodeCsEntryPoint.cs" />
        <File uid="4" fullPath="f:\Documents\GithubCom\Node.Cs.2.0.0\Node.Cs\src\Node.Cs.Lib\NodeCsEntryPointForTest.cs" />
        <File uid="5" fullPath="f:\Documents\GithubCom\Node.Cs.2.0.0\Node.Cs\src\Node.Cs.Lib\NodeRootModule.cs" />
        <File uid="6" fullPath="f:\Documents\GithubCom\Node.Cs.2.0.0\Node.Cs\src\Node.Cs.Lib\CommandHandlers\UiCommandsHandler.cs" />
      </Files>
      <Classes>
        <Class>
          <Summary numSequencePoints="0" visitedSequencePoints="0" numBranchPoints="0" visitedBranchPoints="0" sequenceCoverage="0" branchCoverage="0" maxCyclomaticComplexity="0" minCyclomaticComplexity="0" />
          <FullName>&lt;Module&gt;</FullName>
          <Methods />
        </Class>
        <Class>
          <Summary numSequencePoints="13" visitedSequencePoints="6" numBranchPoints="8" visitedBranchPoints="3" sequenceCoverage="46.15" branchCoverage="37.5" maxCyclomaticComplexity="3" minCyclomaticComplexity="1" />
          <FullName>Node.Cs.CommandHandlers.BasicNodeCommands</FullName>
          <Methods>
            <Method visited="true" cyclomaticComplexity="1" sequenceCoverage="100" branchCoverage="100" isConstructor="true" isStatic="false" isGetter="false" isSetter="false">
              <Summary numSequencePoints="3" visitedSequencePoints="3" numBranchPoints="1" visitedBranchPoints="1" sequenceCoverage="100" branchCoverage="100" maxCyclomaticComplexity="1" minCyclomaticComplexity="1" />
              <MetadataToken>100663297</MetadataToken>
              <Name>System.Void Node.Cs.CommandHandlers.BasicNodeCommands::.ctor(Node.Cs.Consoles.INodeConsole)</Name>
              <FileRef uid="1" />
              <SequencePoints>
                <SequencePoint vc="3" uspid="1" ordinal="0" offset="0" sl="27" sc="9" el="27" ec="55" bec="0" bev="0" fileid="1" />
                <SequencePoint vc="3" uspid="2" ordinal="1" offset="6" sl="29" sc="13" el="29" ec="32" bec="0" bev="0" fileid="1" />
                <SequencePoint vc="3" uspid="3" ordinal="2" offset="13" sl="30" sc="9" el="30" ec="10" bec="0" bev="0" fileid="1" />
              </SequencePoints>
              <BranchPoints />
              <MethodPoint xsi:type="SequencePoint" vc="3" uspid="1" ordinal="0" offset="0" sl="27" sc="9" el="27" ec="55" bec="0" bev="0" fileid="1" />
            </Method>
            <Method visited="true" cyclomaticComplexity="3" sequenceCoverage="16.67" branchCoverage="20" isConstructor="false" isStatic="false" isGetter="false" isSetter="false">
              <Summary numSequencePoints="6" visitedSequencePoints="1" numBranchPoints="5" visitedBranchPoints="1" sequenceCoverage="16.67" branchCoverage="20" maxCyclomaticComplexity="3" minCyclomaticComplexity="3" />
              <MetadataToken>100663298</MetadataToken>
              <Name>System.Void Node.Cs.CommandHandlers.BasicNodeCommands::Run(Node.Cs.INodeExecutionContext,System.String)</Name>
              <FileRef uid="1" />
              <SequencePoints>
                <SequencePoint vc="2" uspid="4" ordinal="0" offset="0" sl="39" sc="13" el="39" ec="102" bec="0" bev="0" fileid="1" />
                <SequencePoint vc="0" uspid="5" ordinal="1" offset="54" sl="40" sc="13" el="40" ec="44" bec="2" bev="0" fileid="1" />
                <SequencePoint vc="0" uspid="6" ordinal="2" offset="62" sl="42" sc="17" el="42" ec="74" bec="0" bev="0" fileid="1" />
                <SequencePoint vc="0" uspid="7" ordinal="3" offset="74" sl="44" sc="13" el="44" ec="77" bec="2" bev="0" fileid="1" />
                <SequencePoint vc="0" uspid="8" ordinal="4" offset="97" sl="48" sc="18" el="48" ec="83" bec="0" bev="0" fileid="1" />
                <SequencePoint vc="0" uspid="9" ordinal="5" offset="119" sl="52" sc="13" el="52" ec="47" bec="0" bev="0" fileid="1" />
              </SequencePoints>
              <BranchPoints>
                <BranchPoint vc="0" uspid="10" ordinal="0" offset="60" sl="40" path="0" offsetend="62" fileid="1" />
                <BranchPoint vc="0" uspid="11" ordinal="1" offset="60" sl="40" path="1" offsetend="74" fileid="1" />
                <BranchPoint vc="0" uspid="12" ordinal="2" offset="95" sl="44" path="0" offsetend="97" fileid="1" />
                <BranchPoint vc="0" uspid="13" ordinal="3" offset="95" sl="44" path="1" offsetend="119" fileid="1" />
              </BranchPoints>
              <MethodPoint xsi:type="SequencePoint" vc="2" uspid="4" ordinal="0" offset="0" sl="39" sc="13" el="39" ec="102" bec="0" bev="0" fileid="1" />
            </Method>
            <Method visited="true" cyclomaticComplexity="1" sequenceCoverage="100" branchCoverage="100" isConstructor="false" isStatic="false" isGetter="false" isSetter="false">
              <Summary numSequencePoints="2" visitedSequencePoints="2" numBranchPoints="1" visitedBranchPoints="1" sequenceCoverage="100" branchCoverage="100" maxCyclomaticComplexity="1" minCyclomaticComplexity="1" />
              <MetadataToken>100663299</MetadataToken>
              <Name>System.Void Node.Cs.CommandHandlers.BasicNodeCommands::Echo(Node.Cs.INodeExecutionContext,System.String)</Name>
              <FileRef uid="1" />
              <SequencePoints>
                <SequencePoint vc="1" uspid="14" ordinal="0" offset="0" sl="57" sc="13" el="57" ec="41" bec="0" bev="0" fileid="1" />
                <SequencePoint vc="1" uspid="15" ordinal="1" offset="18" sl="58" sc="9" el="58" ec="10" bec="0" bev="0" fileid="1" />
              </SequencePoints>
              <BranchPoints />
              <MethodPoint xsi:type="SequencePoint" vc="1" uspid="14" ordinal="0" offset="0" sl="57" sc="13" el="57" ec="41" bec="0" bev="0" fileid="1" />
            </Method>
            <Method visited="false" cyclomaticComplexity="1" sequenceCoverage="0" branchCoverage="0" isConstructor="false" isStatic="false" isGetter="false" isSetter="false">
              <Summary numSequencePoints="2" visitedSequencePoints="0" numBranchPoints="1" visitedBranchPoints="0" sequenceCoverage="0" branchCoverage="0" maxCyclomaticComplexity="1" minCyclomaticComplexity="1" />
              <MetadataToken>100663300</MetadataToken>
              <Name>System.Void Node.Cs.CommandHandlers.BasicNodeCommands::Exit(Node.Cs.INodeExecutionContext,System.Int32)</Name>
              <FileRef uid="1" />
              <SequencePoints>
                <SequencePoint vc="0" uspid="16" ordinal="0" offset="0" sl="62" sc="13" el="62" ec="41" bec="0" bev="0" fileid="1" />
                <SequencePoint vc="0" uspid="17" ordinal="1" offset="6" sl="63" sc="9" el="63" ec="10" bec="0" bev="0" fileid="1" />
              </SequencePoints>
              <BranchPoints />
              <MethodPoint xsi:type="SequencePoint" vc="0" uspid="16" ordinal="0" offset="0" sl="62" sc="13" el="62" ec="41" bec="0" bev="0" fileid="1" />
            </Method>
          </Methods>
        </Class>
        <Class>
          <Summary numSequencePoints="7" visitedSequencePoints="0" numBranchPoints="4" visitedBranchPoints="0" sequenceCoverage="0" branchCoverage="0" maxCyclomaticComplexity="1" minCyclomaticComplexity="1" />
          <FullName>Node.Cs.Consoles.BasicNodeConsole</FullName>
          <Methods>
            <Method visited="false" cyclomaticComplexity="1" sequenceCoverage="0" branchCoverage="0" isConstructor="false" isStatic="false" isGetter="false" isSetter="false">
              <Summary numSequencePoints="2" visitedSequencePoints="0" numBranchPoints="1" visitedBranchPoints="0" sequenceCoverage="0" branchCoverage="0" maxCyclomaticComplexity="1" minCyclomaticComplexity="1" />
              <MetadataToken>100663301</MetadataToken>
              <Name>System.Void Node.Cs.Consoles.BasicNodeConsole::Write(System.String,System.Object[])</Name>
              <FileRef uid="2" />
              <SequencePoints>
                <SequencePoint vc="0" uspid="18" ordinal="0" offset="0" sl="24" sc="13" el="24" ec="59" bec="0" bev="0" fileid="2" />
                <SequencePoint vc="0" uspid="19" ordinal="1" offset="7" sl="25" sc="9" el="25" ec="10" bec="0" bev="0" fileid="2" />
              </SequencePoints>
              <BranchPoints />
              <MethodPoint xsi:type="SequencePoint" vc="0" uspid="18" ordinal="0" offset="0" sl="24" sc="13" el="24" ec="59" bec="0" bev="0" fileid="2" />
            </Method>
            <Method visited="false" cyclomaticComplexity="1" sequenceCoverage="0" branchCoverage="0" isConstructor="false" isStatic="false" isGetter="false" isSetter="false">
              <Summary numSequencePoints="2" visitedSequencePoints="0" numBranchPoints="1" visitedBranchPoints="0" sequenceCoverage="0" branchCoverage="0" maxCyclomaticComplexity="1" minCyclomaticComplexity="1" />
              <MetadataToken>100663302</MetadataToken>
              <Name>System.Void Node.Cs.Consoles.BasicNodeConsole::WriteLine(System.String,System.Object[])</Name>
              <FileRef uid="2" />
              <SequencePoints>
                <SequencePoint vc="0" uspid="20" ordinal="0" offset="0" sl="29" sc="13" el="29" ec="63" bec="0" bev="0" fileid="2" />
                <SequencePoint vc="0" uspid="21" ordinal="1" offset="7" sl="30" sc="9" el="30" ec="10" bec="0" bev="0" fileid="2" />
              </SequencePoints>
              <BranchPoints />
              <MethodPoint xsi:type="SequencePoint" vc="0" uspid="20" ordinal="0" offset="0" sl="29" sc="13" el="29" ec="63" bec="0" bev="0" fileid="2" />
            </Method>
            <Method visited="false" cyclomaticComplexity="1" sequenceCoverage="0" branchCoverage="0" isConstructor="false" isStatic="false" isGetter="false" isSetter="false">
              <Summary numSequencePoints="1" visitedSequencePoints="0" numBranchPoints="1" visitedBranchPoints="0" sequenceCoverage="0" branchCoverage="0" maxCyclomaticComplexity="1" minCyclomaticComplexity="1" />
              <MetadataToken>100663303</MetadataToken>
              <Name>System.String Node.Cs.Consoles.BasicNodeConsole::ReadLine()</Name>
              <FileRef uid="2" />
              <SequencePoints>
                <SequencePoint vc="0" uspid="22" ordinal="0" offset="0" sl="34" sc="13" el="34" ec="39" bec="0" bev="0" fileid="2" />
              </SequencePoints>
              <BranchPoints />
              <MethodPoint xsi:type="SequencePoint" vc="0" uspid="22" ordinal="0" offset="0" sl="34" sc="13" el="34" ec="39" bec="0" bev="0" fileid="2" />
            </Method>
            <Method visited="false" cyclomaticComplexity="1" sequenceCoverage="0" branchCoverage="0" isConstructor="false" isStatic="false" isGetter="false" isSetter="false">
              <Summary numSequencePoints="2" visitedSequencePoints="0" numBranchPoints="1" visitedBranchPoints="0" sequenceCoverage="0" branchCoverage="0" maxCyclomaticComplexity="1" minCyclomaticComplexity="1" />
              <MetadataToken>100663304</MetadataToken>
              <Name>System.Void Node.Cs.Consoles.BasicNodeConsole::Exit(System.Int32)</Name>
              <FileRef uid="2" />
              <SequencePoints>
                <SequencePoint vc="0" uspid="23" ordinal="0" offset="0" sl="39" sc="13" el="39" ec="41" bec="0" bev="0" fileid="2" />
                <SequencePoint vc="0" uspid="24" ordinal="1" offset="6" sl="40" sc="9" el="40" ec="10" bec="0" bev="0" fileid="2" />
              </SequencePoints>
              <BranchPoints />
              <MethodPoint xsi:type="SequencePoint" vc="0" uspid="23" ordinal="0" offset="0" sl="39" sc="13" el="39" ec="41" bec="0" bev="0" fileid="2" />
            </Method>
            <Method visited="false" cyclomaticComplexity="1" sequenceCoverage="0" branchCoverage="0" isConstructor="true" isStatic="false" isGetter="false" isSetter="false">
              <Summary numSequencePoints="0" visitedSequencePoints="0" numBranchPoints="0" visitedBranchPoints="0" sequenceCoverage="0" branchCoverage="0" maxCyclomaticComplexity="1" minCyclomaticComplexity="1" />
              <MetadataToken>100663305</MetadataToken>
              <Name>System.Void Node.Cs.Consoles.BasicNodeConsole::.ctor()</Name>
              <SequencePoints />
              <BranchPoints />
              <MethodPoint vc="0" uspid="25" ordinal="0" offset="0" />
            </Method>
          </Methods>
        </Class>
        <Class>
          <Summary numSequencePoints="38" visitedSequencePoints="33" numBranchPoints="16" visitedBranchPoints="12" sequenceCoverage="86.84" branchCoverage="75" maxCyclomaticComplexity="3" minCyclomaticComplexity="1" />
          <FullName>Node.Cs.NodeCsEntryPoint</FullName>
          <Methods>
            <Method visited="true" cyclomaticComplexity="1" sequenceCoverage="100" branchCoverage="100" isConstructor="true" isStatic="false" isGetter="false" isSetter="false">
              <Summary numSequencePoints="6" visitedSequencePoints="6" numBranchPoints="1" visitedBranchPoints="1" sequenceCoverage="100" branchCoverage="100" maxCyclomaticComplexity="1" minCyclomaticComplexity="1" />
              <MetadataToken>100663306</MetadataToken>
              <Name>System.Void Node.Cs.NodeCsEntryPoint::.ctor(GenericHelpers.CommandLineParser,Castle.Windsor.WindsorContainer)</Name>
              <FileRef uid="3" />
              <SequencePoints>
                <SequencePoint vc="4" uspid="26" ordinal="0" offset="0" sl="33" sc="3" el="33" ec="78" bec="0" bev="0" fileid="3" />
                <SequencePoint vc="4" uspid="27" ordinal="1" offset="6" sl="35" sc="4" el="35" ec="44" bec="0" bev="0" fileid="3" />
                <SequencePoint vc="4" uspid="28" ordinal="2" offset="12" sl="36" sc="4" el="36" ec="43" bec="0" bev="0" fileid="3" />
                <SequencePoint vc="4" uspid="29" ordinal="3" offset="24" sl="37" sc="4" el="37" ec="27" bec="0" bev="0" fileid="3" />
                <SequencePoint vc="4" uspid="30" ordinal="4" offset="31" sl="38" sc="4" el="43" ec="7" bec="0" bev="0" fileid="3" />
                <SequencePoint vc="4" uspid="31" ordinal="5" offset="70" sl="44" sc="3" el="44" ec="4" bec="0" bev="0" fileid="3" />
              </SequencePoints>
              <BranchPoints />
              <MethodPoint xsi:type="SequencePoint" vc="4" uspid="26" ordinal="0" offset="0" sl="33" sc="3" el="33" ec="78" bec="0" bev="0" fileid="3" />
            </Method>
            <Method visited="true" cyclomaticComplexity="2" sequenceCoverage="80" branchCoverage="66.67" isConstructor="false" isStatic="false" isGetter="false" isSetter="false">
              <Summary numSequencePoints="5" visitedSequencePoints="4" numBranchPoints="3" visitedBranchPoints="2" sequenceCoverage="80" branchCoverage="66.67" maxCyclomaticComplexity="2" minCyclomaticComplexity="2" />
              <MetadataToken>100663307</MetadataToken>
              <Name>System.Void Node.Cs.NodeCsEntryPoint::Run(System.Boolean)</Name>
              <FileRef uid="3" />
              <SequencePoints>
                <SequencePoint vc="4" uspid="32" ordinal="0" offset="0" sl="48" sc="4" el="48" ec="17" bec="0" bev="0" fileid="3" />
                <SequencePoint vc="4" uspid="33" ordinal="1" offset="6" sl="50" sc="4" el="50" ec="18" bec="2" bev="1" fileid="3" />
                <SequencePoint vc="0" uspid="34" ordinal="2" offset="9" sl="52" sc="5" el="52" ec="20" bec="0" bev="0" fileid="3" />
                <SequencePoint vc="4" uspid="35" ordinal="3" offset="15" sl="56" sc="5" el="56" ec="24" bec="0" bev="0" fileid="3" />
                <SequencePoint vc="4" uspid="36" ordinal="4" offset="21" sl="58" sc="3" el="58" ec="4" bec="0" bev="0" fileid="3" />
              </SequencePoints>
              <BranchPoints>
                <BranchPoint vc="0" uspid="37" ordinal="0" offset="7" sl="50" path="0" offsetend="9" fileid="3" />
                <BranchPoint vc="4" uspid="38" ordinal="1" offset="7" sl="50" path="1" offsetend="15" fileid="3" />
              </BranchPoints>
              <MethodPoint xsi:type="SequencePoint" vc="4" uspid="32" ordinal="0" offset="0" sl="48" sc="4" el="48" ec="17" bec="0" bev="0" fileid="3" />
            </Method>
            <Method visited="false" cyclomaticComplexity="1" sequenceCoverage="0" branchCoverage="0" isConstructor="false" isStatic="false" isGetter="false" isSetter="false">
              <Summary numSequencePoints="1" visitedSequencePoints="0" numBranchPoints="1" visitedBranchPoints="0" sequenceCoverage="0" branchCoverage="0" maxCyclomaticComplexity="1" minCyclomaticComplexity="1" />
              <MetadataToken>100663308</MetadataToken>
              <Name>System.Boolean Node.Cs.NodeCsEntryPoint::ShouldContinueRunning()</Name>
              <FileRef uid="3" />
              <SequencePoints>
                <SequencePoint vc="0" uspid="39" ordinal="0" offset="0" sl="62" sc="4" el="62" ec="16" bec="0" bev="0" fileid="3" />
              </SequencePoints>
              <BranchPoints />
              <MethodPoint xsi:type="SequencePoint" vc="0" uspid="39" ordinal="0" offset="0" sl="62" sc="4" el="62" ec="16" bec="0" bev="0" fileid="3" />
            </Method>
            <Method visited="false" cyclomaticComplexity="1" sequenceCoverage="0" branchCoverage="0" isConstructor="false" isStatic="true" isGetter="false" isSetter="false">
              <Summary numSequencePoints="1" visitedSequencePoints="0" numBranchPoints="1" visitedBranchPoints="0" sequenceCoverage="0" branchCoverage="0" maxCyclomaticComplexity="1" minCyclomaticComplexity="1" />
              <MetadataToken>100663309</MetadataToken>
              <Name>System.Void Node.Cs.NodeCsEntryPoint::RunAsService()</Name>
              <FileRef uid="3" />
              <SequencePoints>
                <SequencePoint vc="0" uspid="40" ordinal="0" offset="0" sl="67" sc="4" el="67" ec="73" bec="0" bev="0" fileid="3" />
              </SequencePoints>
              <BranchPoints />
              <MethodPoint xsi:type="SequencePoint" vc="0" uspid="40" ordinal="0" offset="0" sl="67" sc="4" el="67" ec="73" bec="0" bev="0" fileid="3" />
            </Method>
            <Method visited="true" cyclomaticComplexity="3" sequenceCoverage="100" branchCoverage="100" isConstructor="false" isStatic="false" isGetter="false" isSetter="false">
              <Summary numSequencePoints="9" visitedSequencePoints="9" numBranchPoints="5" visitedBranchPoints="5" sequenceCoverage="100" branchCoverage="100" maxCyclomaticComplexity="3" minCyclomaticComplexity="3" />
              <MetadataToken>100663310</MetadataToken>
              <Name>System.Void Node.Cs.NodeCsEntryPoint::RunAsInteractive()</Name>
              <FileRef uid="3" />
              <SequencePoints>
                <SequencePoint vc="4" uspid="41" ordinal="0" offset="0" sl="72" sc="4" el="72" ec="67" bec="0" bev="0" fileid="3" />
                <SequencePoint vc="4" uspid="42" ordinal="1" offset="12" sl="73" sc="4" el="73" ec="53" bec="0" bev="0" fileid="3" />
                <SequencePoint vc="4" uspid="43" ordinal="2" offset="26" sl="76" sc="5" el="76" ec="38" bec="0" bev="0" fileid="3" />
                <SequencePoint vc="4" uspid="44" ordinal="3" offset="33" sl="77" sc="5" el="77" ec="45" bec="2" bev="2" fileid="3" />
                <SequencePoint vc="2" uspid="45" ordinal="4" offset="41" sl="81" sc="7" el="81" ec="36" bec="0" bev="0" fileid="3" />
                <SequencePoint vc="1" uspid="46" ordinal="5" offset="50" sl="83" sc="6" el="83" ec="26" bec="0" bev="0" fileid="3" />
                <SequencePoint vc="1" uspid="47" ordinal="6" offset="51" sl="85" sc="7" el="85" ec="68" bec="0" bev="0" fileid="3" />
                <SequencePoint vc="8" uspid="48" ordinal="7" offset="89" sl="74" sc="4" el="74" ec="35" bec="2" bev="2" fileid="3" />
                <SequencePoint vc="4" uspid="49" ordinal="8" offset="97" sl="89" sc="3" el="89" ec="4" bec="0" bev="0" fileid="3" />
              </SequencePoints>
              <BranchPoints>
                <BranchPoint vc="2" uspid="50" ordinal="0" offset="39" sl="77" path="0" offsetend="41" fileid="3" />
                <BranchPoint vc="2" uspid="51" ordinal="1" offset="39" sl="77" path="1" offsetend="89" fileid="3" />
                <BranchPoint vc="4" uspid="52" ordinal="2" offset="95" sl="74" path="0" offsetend="97" fileid="3" />
                <BranchPoint vc="4" uspid="53" ordinal="3" offset="95" sl="74" path="1" offsetend="26" fileid="3" />
              </BranchPoints>
              <MethodPoint xsi:type="SequencePoint" vc="4" uspid="41" ordinal="0" offset="0" sl="72" sc="4" el="72" ec="67" bec="0" bev="0" fileid="3" />
            </Method>
            <Method visited="true" cyclomaticComplexity="1" sequenceCoverage="100" branchCoverage="100" isConstructor="false" isStatic="false" isGetter="false" isSetter="false">
              <Summary numSequencePoints="4" visitedSequencePoints="4" numBranchPoints="1" visitedBranchPoints="1" sequenceCoverage="100" branchCoverage="100" maxCyclomaticComplexity="1" minCyclomaticComplexity="1" />
              <MetadataToken>100663311</MetadataToken>
              <Name>System.Void Node.Cs.NodeCsEntryPoint::Initialize()</Name>
              <FileRef uid="3" />
              <SequencePoints>
                <SequencePoint vc="4" uspid="54" ordinal="0" offset="0" sl="93" sc="4" el="96" ec="29" bec="0" bev="0" fileid="3" />
                <SequencePoint vc="4" uspid="55" ordinal="1" offset="44" sl="98" sc="4" el="98" ec="28" bec="0" bev="0" fileid="3" />
                <SequencePoint vc="4" uspid="56" ordinal="2" offset="50" sl="99" sc="4" el="99" ec="32" bec="0" bev="0" fileid="3" />
                <SequencePoint vc="4" uspid="57" ordinal="3" offset="56" sl="100" sc="3" el="100" ec="4" bec="0" bev="0" fileid="3" />
              </SequencePoints>
              <BranchPoints />
              <MethodPoint xsi:type="SequencePoint" vc="4" uspid="54" ordinal="0" offset="0" sl="93" sc="4" el="96" ec="29" bec="0" bev="0" fileid="3" />
            </Method>
            <Method visited="true" cyclomaticComplexity="1" sequenceCoverage="100" branchCoverage="100" isConstructor="false" isStatic="false" isGetter="false" isSetter="false">
              <Summary numSequencePoints="7" visitedSequencePoints="7" numBranchPoints="1" visitedBranchPoints="1" sequenceCoverage="100" branchCoverage="100" maxCyclomaticComplexity="1" minCyclomaticComplexity="1" />
              <MetadataToken>100663312</MetadataToken>
              <Name>System.Void Node.Cs.NodeCsEntryPoint::SetupMainDependencies()</Name>
              <FileRef uid="3" />
              <SequencePoints>
                <SequencePoint vc="4" uspid="58" ordinal="0" offset="0" sl="104" sc="4" el="108" ec="26" bec="0" bev="0" fileid="3" />
                <SequencePoint vc="4" uspid="59" ordinal="1" offset="43" sl="110" sc="4" el="114" ec="26" bec="0" bev="0" fileid="3" />
                <SequencePoint vc="4" uspid="60" ordinal="2" offset="86" sl="116" sc="4" el="120" ec="26" bec="0" bev="0" fileid="3" />
                <SequencePoint vc="4" uspid="61" ordinal="3" offset="129" sl="122" sc="4" el="126" ec="26" bec="0" bev="0" fileid="3" />
                <SequencePoint vc="4" uspid="62" ordinal="4" offset="172" sl="128" sc="4" el="131" ec="29" bec="0" bev="0" fileid="3" />
                <SequencePoint vc="4" uspid="63" ordinal="5" offset="214" sl="133" sc="4" el="137" ec="7" bec="0" bev="0" fileid="3" />
                <SequencePoint vc="4" uspid="64" ordinal="6" offset="255" sl="138" sc="3" el="138" ec="4" bec="0" bev="0" fileid="3" />
              </SequencePoints>
              <BranchPoints />
              <MethodPoint xsi:type="SequencePoint" vc="4" uspid="58" ordinal="0" offset="0" sl="104" sc="4" el="108" ec="26" bec="0" bev="0" fileid="3" />
            </Method>
            <Method visited="true" cyclomaticComplexity="2" sequenceCoverage="60" branchCoverage="66.67" isConstructor="false" isStatic="false" isGetter="false" isSetter="false">
              <Summary numSequencePoints="5" visitedSequencePoints="3" numBranchPoints="3" visitedBranchPoints="2" sequenceCoverage="60" branchCoverage="66.67" maxCyclomaticComplexity="2" minCyclomaticComplexity="2" />
              <MetadataToken>100663313</MetadataToken>
              <Name>System.Void Node.Cs.NodeCsEntryPoint::PreInitializeBasicModules()</Name>
              <FileRef uid="3" />
              <SequencePoints>
                <SequencePoint vc="4" uspid="65" ordinal="0" offset="0" sl="142" sc="32" el="142" ec="68" bec="0" bev="0" fileid="3" />
                <SequencePoint vc="0" uspid="66" ordinal="1" offset="16" sl="142" sc="13" el="142" ec="28" bec="0" bev="0" fileid="3" />
                <SequencePoint vc="0" uspid="67" ordinal="2" offset="20" sl="144" sc="5" el="144" ec="33" bec="0" bev="0" fileid="3" />
                <SequencePoint vc="4" uspid="68" ordinal="3" offset="30" sl="142" sc="29" el="142" ec="31" bec="2" bev="1" fileid="3" />
                <SequencePoint vc="4" uspid="69" ordinal="4" offset="36" sl="146" sc="3" el="146" ec="4" bec="0" bev="0" fileid="3" />
              </SequencePoints>
              <BranchPoints>
                <BranchPoint vc="4" uspid="70" ordinal="0" offset="34" sl="142" path="0" offsetend="36" fileid="3" />
                <BranchPoint vc="0" uspid="71" ordinal="1" offset="34" sl="142" path="1" offsetend="16" fileid="3" />
              </BranchPoints>
              <MethodPoint xsi:type="SequencePoint" vc="4" uspid="65" ordinal="0" offset="0" sl="142" sc="32" el="142" ec="68" bec="0" bev="0" fileid="3" />
            </Method>
          </Methods>
        </Class>
        <Class>
          <Summary numSequencePoints="7" visitedSequencePoints="7" numBranchPoints="4" visitedBranchPoints="4" sequenceCoverage="100" branchCoverage="100" maxCyclomaticComplexity="2" minCyclomaticComplexity="1" />
          <FullName>Node.Cs.NodeCsEntryPointForTest</FullName>
          <Methods>
            <Method visited="true" cyclomaticComplexity="1" sequenceCoverage="0" branchCoverage="0" isConstructor="false" isStatic="false" isGetter="true" isSetter="false">
              <Summary numSequencePoints="0" visitedSequencePoints="0" numBranchPoints="0" visitedBranchPoints="0" sequenceCoverage="0" branchCoverage="0" maxCyclomaticComplexity="1" minCyclomaticComplexity="1" />
              <MetadataToken>100663314</MetadataToken>
              <Name>System.Int32 Node.Cs.NodeCsEntryPointForTest::get_CyclesToRun()</Name>
              <SequencePoints />
              <BranchPoints />
              <MethodPoint vc="12" uspid="72" ordinal="0" offset="0" />
            </Method>
            <Method visited="true" cyclomaticComplexity="1" sequenceCoverage="0" branchCoverage="0" isConstructor="false" isStatic="false" isGetter="false" isSetter="true">
              <Summary numSequencePoints="0" visitedSequencePoints="0" numBranchPoints="0" visitedBranchPoints="0" sequenceCoverage="0" branchCoverage="0" maxCyclomaticComplexity="1" minCyclomaticComplexity="1" />
              <MetadataToken>100663315</MetadataToken>
              <Name>System.Void Node.Cs.NodeCsEntryPointForTest::set_CyclesToRun(System.Int32)</Name>
              <SequencePoints />
              <BranchPoints />
              <MethodPoint vc="8" uspid="73" ordinal="0" offset="0" />
            </Method>
            <Method visited="true" cyclomaticComplexity="1" sequenceCoverage="100" branchCoverage="100" isConstructor="true" isStatic="false" isGetter="false" isSetter="false">
              <Summary numSequencePoints="3" visitedSequencePoints="3" numBranchPoints="1" visitedBranchPoints="1" sequenceCoverage="100" branchCoverage="100" maxCyclomaticComplexity="1" minCyclomaticComplexity="1" />
              <MetadataToken>100663316</MetadataToken>
              <Name>System.Void Node.Cs.NodeCsEntryPointForTest::.ctor(GenericHelpers.CommandLineParser,Castle.Windsor.WindsorContainer,System.Int32)</Name>
              <FileRef uid="4" />
              <SequencePoints>
                <SequencePoint vc="4" uspid="74" ordinal="0" offset="0" sl="26" sc="3" el="27" ec="25" bec="0" bev="0" fileid="4" />
                <SequencePoint vc="4" uspid="75" ordinal="1" offset="8" sl="29" sc="4" el="29" ec="30" bec="0" bev="0" fileid="4" />
                <SequencePoint vc="4" uspid="76" ordinal="2" offset="15" sl="30" sc="3" el="30" ec="4" bec="0" bev="0" fileid="4" />
              </SequencePoints>
              <BranchPoints />
              <MethodPoint xsi:type="SequencePoint" vc="4" uspid="74" ordinal="0" offset="0" sl="26" sc="3" el="27" ec="25" bec="0" bev="0" fileid="4" />
            </Method>
            <Method visited="true" cyclomaticComplexity="2" sequenceCoverage="100" branchCoverage="100" isConstructor="false" isStatic="false" isGetter="false" isSetter="false">
              <Summary numSequencePoints="4" visitedSequencePoints="4" numBranchPoints="3" visitedBranchPoints="3" sequenceCoverage="100" branchCoverage="100" maxCyclomaticComplexity="2" minCyclomaticComplexity="2" />
              <MetadataToken>100663317</MetadataToken>
              <Name>System.Boolean Node.Cs.NodeCsEntryPointForTest::ShouldContinueRunning()</Name>
              <FileRef uid="4" />
              <SequencePoints>
                <SequencePoint vc="8" uspid="77" ordinal="0" offset="0" sl="34" sc="4" el="34" ec="24" bec="2" bev="2" fileid="4" />
                <SequencePoint vc="4" uspid="78" ordinal="1" offset="9" sl="36" sc="5" el="36" ec="19" bec="0" bev="0" fileid="4" />
                <SequencePoint vc="4" uspid="79" ordinal="2" offset="23" sl="37" sc="5" el="37" ec="17" bec="0" bev="0" fileid="4" />
                <SequencePoint vc="4" uspid="80" ordinal="3" offset="25" sl="39" sc="4" el="39" ec="17" bec="0" bev="0" fileid="4" />
              </SequencePoints>
              <BranchPoints>
                <BranchPoint vc="4" uspid="81" ordinal="0" offset="7" sl="34" path="0" offsetend="9" fileid="4" />
                <BranchPoint vc="4" uspid="82" ordinal="1" offset="7" sl="34" path="1" offsetend="25" fileid="4" />
              </BranchPoints>
              <MethodPoint xsi:type="SequencePoint" vc="8" uspid="77" ordinal="0" offset="0" sl="34" sc="4" el="34" ec="24" bec="2" bev="2" fileid="4" />
            </Method>
          </Methods>
        </Class>
        <Class>
          <Summary numSequencePoints="9" visitedSequencePoints="9" numBranchPoints="2" visitedBranchPoints="2" sequenceCoverage="100" branchCoverage="100" maxCyclomaticComplexity="1" minCyclomaticComplexity="1" />
          <FullName>Node.Cs.NodeRootModule</FullName>
          <Methods>
            <Method visited="true" cyclomaticComplexity="1" sequenceCoverage="100" branchCoverage="100" isConstructor="true" isStatic="false" isGetter="false" isSetter="false">
              <Summary numSequencePoints="4" visitedSequencePoints="4" numBranchPoints="1" visitedBranchPoints="1" sequenceCoverage="100" branchCoverage="100" maxCyclomaticComplexity="1" minCyclomaticComplexity="1" />
              <MetadataToken>100663318</MetadataToken>
              <Name>System.Void Node.Cs.NodeRootModule::.ctor(Node.Cs.CommandHandlers.IUiCommandsHandler,Node.Cs.CommandHandlers.IBasicNodeCommands)</Name>
              <FileRef uid="5" />
              <SequencePoints>
                <SequencePoint vc="4" uspid="83" ordinal="0" offset="0" sl="26" sc="3" el="26" ec="97" bec="0" bev="0" fileid="5" />
                <SequencePoint vc="4" uspid="84" ordinal="1" offset="6" sl="28" sc="4" el="28" ec="39" bec="0" bev="0" fileid="5" />
                <SequencePoint vc="4" uspid="85" ordinal="2" offset="13" sl="29" sc="4" el="29" ec="38" bec="0" bev="0" fileid="5" />
                <SequencePoint vc="4" uspid="86" ordinal="3" offset="20" sl="30" sc="3" el="30" ec="4" bec="0" bev="0" fileid="5" />
              </SequencePoints>
              <BranchPoints />
              <MethodPoint xsi:type="SequencePoint" vc="4" uspid="83" ordinal="0" offset="0" sl="26" sc="3" el="26" ec="97" bec="0" bev="0" fileid="5" />
            </Method>
            <Method visited="true" cyclomaticComplexity="1" sequenceCoverage="100" branchCoverage="100" isConstructor="false" isStatic="false" isGetter="false" isSetter="false">
              <Summary numSequencePoints="5" visitedSequencePoints="5" numBranchPoints="1" visitedBranchPoints="1" sequenceCoverage="100" branchCoverage="100" maxCyclomaticComplexity="1" minCyclomaticComplexity="1" />
              <MetadataToken>100663319</MetadataToken>
              <Name>System.Void Node.Cs.NodeRootModule::PreInitialize()</Name>
              <FileRef uid="5" />
              <SequencePoints>
                <SequencePoint vc="4" uspid="87" ordinal="0" offset="0" sl="34" sc="4" el="36" ec="93" bec="0" bev="0" fileid="5" />
                <SequencePoint vc="4" uspid="88" ordinal="1" offset="45" sl="38" sc="4" el="40" ec="96" bec="0" bev="0" fileid="5" />
                <SequencePoint vc="4" uspid="89" ordinal="2" offset="90" sl="42" sc="4" el="44" ec="95" bec="0" bev="0" fileid="5" />
                <SequencePoint vc="4" uspid="90" ordinal="3" offset="135" sl="46" sc="4" el="48" ec="99" bec="0" bev="0" fileid="5" />
                <SequencePoint vc="4" uspid="91" ordinal="4" offset="180" sl="49" sc="3" el="49" ec="4" bec="0" bev="0" fileid="5" />
              </SequencePoints>
              <BranchPoints />
              <MethodPoint xsi:type="SequencePoint" vc="4" uspid="87" ordinal="0" offset="0" sl="34" sc="4" el="36" ec="93" bec="0" bev="0" fileid="5" />
            </Method>
          </Methods>
        </Class>
        <Class>
          <Summary numSequencePoints="127" visitedSequencePoints="116" numBranchPoints="75" visitedBranchPoints="61" sequenceCoverage="91.34" branchCoverage="81.33" maxCyclomaticComplexity="7" minCyclomaticComplexity="1" />
          <FullName>Node.Cs.CommandHandlers.UiCommandsHandler</FullName>
          <Methods>
            <Method visited="true" cyclomaticComplexity="1" sequenceCoverage="100" branchCoverage="100" isConstructor="true" isStatic="false" isGetter="false" isSetter="false">
              <Summary numSequencePoints="6" visitedSequencePoints="6" numBranchPoints="1" visitedBranchPoints="1" sequenceCoverage="100" branchCoverage="100" maxCyclomaticComplexity="1" minCyclomaticComplexity="1" />
              <MetadataToken>100663320</MetadataToken>
              <Name>System.Void Node.Cs.CommandHandlers.UiCommandsHandler::.ctor(Node.Cs.CommandHandlers.ICommandParser,Node.Cs.INodeExecutionContext,Node.Cs.Consoles.INodeConsole)</Name>
              <FileRef uid="6" />
              <SequencePoints>
                <SequencePoint vc="10" uspid="92" ordinal="0" offset="0" sl="33" sc="9" el="33" ec="116" bec="0" bev="0" fileid="6" />
                <SequencePoint vc="10" uspid="93" ordinal="1" offset="6" sl="35" sc="13" el="35" ec="44" bec="0" bev="0" fileid="6" />
                <SequencePoint vc="10" uspid="94" ordinal="2" offset="13" sl="36" sc="13" el="36" ec="32" bec="0" bev="0" fileid="6" />
                <SequencePoint vc="10" uspid="95" ordinal="3" offset="20" sl="37" sc="13" el="37" ec="107" bec="0" bev="0" fileid="6" />
                <SequencePoint vc="10" uspid="96" ordinal="4" offset="36" sl="38" sc="13" el="38" ec="32" bec="0" bev="0" fileid="6" />
                <SequencePoint vc="10" uspid="97" ordinal="5" offset="43" sl="39" sc="9" el="39" ec="10" bec="0" bev="0" fileid="6" />
              </SequencePoints>
              <BranchPoints />
              <MethodPoint xsi:type="SequencePoint" vc="10" uspid="92" ordinal="0" offset="0" sl="33" sc="9" el="33" ec="116" bec="0" bev="0" fileid="6" />
            </Method>
            <Method visited="true" cyclomaticComplexity="4" sequenceCoverage="90" branchCoverage="85.71" isConstructor="false" isStatic="false" isGetter="false" isSetter="false">
              <Summary numSequencePoints="10" visitedSequencePoints="9" numBranchPoints="7" visitedBranchPoints="6" sequenceCoverage="90" branchCoverage="85.71" maxCyclomaticComplexity="4" minCyclomaticComplexity="4" />
              <MetadataToken>100663321</MetadataToken>
              <Name>System.Boolean Node.Cs.CommandHandlers.UiCommandsHandler::ContainsCommand(System.String,System.Type[])</Name>
              <FileRef uid="6" />
              <SequencePoints>
                <SequencePoint vc="6" uspid="98" ordinal="0" offset="0" sl="43" sc="13" el="43" ec="46" bec="2" bev="2" fileid="6" />
                <SequencePoint vc="3" uspid="99" ordinal="1" offset="14" sl="45" sc="17" el="45" ec="30" bec="0" bev="0" fileid="6" />
                <SequencePoint vc="3" uspid="100" ordinal="2" offset="16" sl="47" sc="13" el="47" ec="52" bec="0" bev="0" fileid="6" />
                <SequencePoint vc="3" uspid="101" ordinal="3" offset="29" sl="48" sc="18" el="48" ec="28" bec="0" bev="0" fileid="6" />
                <SequencePoint vc="2" uspid="102" ordinal="4" offset="33" sl="50" sc="17" el="50" ec="51" bec="0" bev="0" fileid="6" />
                <SequencePoint vc="2" uspid="103" ordinal="5" offset="41" sl="51" sc="17" el="51" ec="60" bec="2" bev="1" fileid="6" />
                <SequencePoint vc="2" uspid="104" ordinal="6" offset="51" sl="53" sc="21" el="53" ec="33" bec="0" bev="0" fileid="6" />
                <SequencePoint vc="0" uspid="105" ordinal="7" offset="53" sl="48" sc="57" el="48" ec="60" bec="0" bev="0" fileid="6" />
                <SequencePoint vc="3" uspid="106" ordinal="8" offset="57" sl="48" sc="29" el="48" ec="55" bec="2" bev="2" fileid="6" />
                <SequencePoint vc="1" uspid="107" ordinal="9" offset="66" sl="56" sc="13" el="56" ec="26" bec="0" bev="0" fileid="6" />
              </SequencePoints>
              <BranchPoints>
                <BranchPoint vc="3" uspid="108" ordinal="0" offset="12" sl="43" path="0" offsetend="14" fileid="6" />
                <BranchPoint vc="3" uspid="109" ordinal="1" offset="12" sl="43" path="1" offsetend="16" fileid="6" />
                <BranchPoint vc="2" uspid="110" ordinal="2" offset="49" sl="51" path="0" offsetend="51" fileid="6" />
                <BranchPoint vc="0" uspid="111" ordinal="3" offset="49" sl="51" path="1" offsetend="53" fileid="6" />
                <BranchPoint vc="1" uspid="112" ordinal="4" offset="64" sl="48" path="0" offsetend="66" fileid="6" />
                <BranchPoint vc="2" uspid="113" ordinal="5" offset="64" sl="48" path="1" offsetend="33" fileid="6" />
              </BranchPoints>
              <MethodPoint xsi:type="SequencePoint" vc="6" uspid="98" ordinal="0" offset="0" sl="43" sc="13" el="43" ec="46" bec="2" bev="2" fileid="6" />
            </Method>
            <Method visited="true" cyclomaticComplexity="4" sequenceCoverage="90.91" branchCoverage="85.71" isConstructor="false" isStatic="false" isGetter="false" isSetter="false">
              <Summary numSequencePoints="11" visitedSequencePoints="10" numBranchPoints="7" visitedBranchPoints="6" sequenceCoverage="90.91" branchCoverage="85.71" maxCyclomaticComplexity="4" minCyclomaticComplexity="4" />
              <MetadataToken>100663322</MetadataToken>
              <Name>System.Void Node.Cs.CommandHandlers.UiCommandsHandler::RegisterCommand(Node.Cs.CommandHandlers.CommandDescriptor)</Name>
              <FileRef uid="6" />
              <SequencePoints>
                <SequencePoint vc="14" uspid="114" ordinal="0" offset="0" sl="62" sc="13" el="62" ec="54" bec="2" bev="2" fileid="6" />
                <SequencePoint vc="13" uspid="115" ordinal="1" offset="19" sl="64" sc="17" el="64" ec="76" bec="0" bev="0" fileid="6" />
                <SequencePoint vc="14" uspid="116" ordinal="2" offset="41" sl="66" sc="13" el="66" ec="60" bec="0" bev="0" fileid="6" />
                <SequencePoint vc="14" uspid="117" ordinal="3" offset="59" sl="67" sc="18" el="67" ec="28" bec="0" bev="0" fileid="6" />
                <SequencePoint vc="1" uspid="118" ordinal="4" offset="63" sl="69" sc="17" el="69" ec="51" bec="0" bev="0" fileid="6" />
                <SequencePoint vc="1" uspid="119" ordinal="5" offset="71" sl="70" sc="17" el="70" ec="52" bec="2" bev="1" fileid="6" />
                <SequencePoint vc="1" uspid="120" ordinal="6" offset="81" sl="72" sc="21" el="72" ec="99" bec="0" bev="0" fileid="6" />
                <SequencePoint vc="0" uspid="121" ordinal="7" offset="109" sl="67" sc="57" el="67" ec="60" bec="0" bev="0" fileid="6" />
                <SequencePoint vc="14" uspid="122" ordinal="8" offset="113" sl="67" sc="29" el="67" ec="55" bec="2" bev="2" fileid="6" />
                <SequencePoint vc="13" uspid="123" ordinal="9" offset="122" sl="75" sc="13" el="75" ec="38" bec="0" bev="0" fileid="6" />
                <SequencePoint vc="13" uspid="124" ordinal="10" offset="129" sl="76" sc="9" el="76" ec="10" bec="0" bev="0" fileid="6" />
              </SequencePoints>
              <BranchPoints>
                <BranchPoint vc="13" uspid="125" ordinal="0" offset="17" sl="62" path="0" offsetend="19" fileid="6" />
                <BranchPoint vc="1" uspid="126" ordinal="1" offset="17" sl="62" path="1" offsetend="41" fileid="6" />
                <BranchPoint vc="1" uspid="127" ordinal="2" offset="79" sl="70" path="0" offsetend="81" fileid="6" />
                <BranchPoint vc="0" uspid="128" ordinal="3" offset="79" sl="70" path="1" offsetend="109" fileid="6" />
                <BranchPoint vc="13" uspid="129" ordinal="4" offset="120" sl="67" path="0" offsetend="122" fileid="6" />
                <BranchPoint vc="1" uspid="130" ordinal="5" offset="120" sl="67" path="1" offsetend="63" fileid="6" />
              </BranchPoints>
              <MethodPoint xsi:type="SequencePoint" vc="14" uspid="114" ordinal="0" offset="0" sl="62" sc="13" el="62" ec="54" bec="2" bev="2" fileid="6" />
            </Method>
            <Method visited="true" cyclomaticComplexity="4" sequenceCoverage="50" branchCoverage="42.86" isConstructor="false" isStatic="false" isGetter="false" isSetter="false">
              <Summary numSequencePoints="12" visitedSequencePoints="6" numBranchPoints="7" visitedBranchPoints="3" sequenceCoverage="50" branchCoverage="42.86" maxCyclomaticComplexity="4" minCyclomaticComplexity="4" />
              <MetadataToken>100663323</MetadataToken>
              <Name>System.Boolean Node.Cs.CommandHandlers.UiCommandsHandler::HasSameParameters(Node.Cs.CommandHandlers.CommandDescriptor,Node.Cs.CommandHandlers.CommandDescriptor)</Name>
              <FileRef uid="6" />
              <SequencePoints>
                <SequencePoint vc="1" uspid="131" ordinal="0" offset="0" sl="80" sc="13" el="80" ec="67" bec="0" bev="0" fileid="6" />
                <SequencePoint vc="1" uspid="132" ordinal="1" offset="13" sl="81" sc="13" el="81" ec="67" bec="0" bev="0" fileid="6" />
                <SequencePoint vc="1" uspid="133" ordinal="2" offset="26" sl="82" sc="13" el="82" ec="42" bec="2" bev="1" fileid="6" />
                <SequencePoint vc="0" uspid="134" ordinal="3" offset="34" sl="82" sc="43" el="82" ec="56" bec="0" bev="0" fileid="6" />
                <SequencePoint vc="1" uspid="135" ordinal="4" offset="36" sl="83" sc="18" el="83" ec="28" bec="0" bev="0" fileid="6" />
                <SequencePoint vc="0" uspid="136" ordinal="5" offset="40" sl="85" sc="17" el="85" ec="33" bec="0" bev="0" fileid="6" />
                <SequencePoint vc="0" uspid="137" ordinal="6" offset="44" sl="86" sc="17" el="86" ec="33" bec="0" bev="0" fileid="6" />
                <SequencePoint vc="0" uspid="138" ordinal="7" offset="49" sl="87" sc="17" el="87" ec="30" bec="2" bev="0" fileid="6" />
                <SequencePoint vc="0" uspid="139" ordinal="8" offset="54" sl="87" sc="31" el="87" ec="44" bec="0" bev="0" fileid="6" />
                <SequencePoint vc="0" uspid="140" ordinal="9" offset="56" sl="83" sc="45" el="83" ec="48" bec="0" bev="0" fileid="6" />
                <SequencePoint vc="1" uspid="141" ordinal="10" offset="60" sl="83" sc="29" el="83" ec="43" bec="2" bev="1" fileid="6" />
                <SequencePoint vc="1" uspid="142" ordinal="11" offset="66" sl="89" sc="13" el="89" ec="25" bec="0" bev="0" fileid="6" />
              </SequencePoints>
              <BranchPoints>
                <BranchPoint vc="0" uspid="143" ordinal="0" offset="32" sl="82" path="0" offsetend="34" fileid="6" />
                <BranchPoint vc="1" uspid="144" ordinal="1" offset="32" sl="82" path="1" offsetend="36" fileid="6" />
                <BranchPoint vc="0" uspid="145" ordinal="2" offset="52" sl="87" path="0" offsetend="54" fileid="6" />
                <BranchPoint vc="0" uspid="146" ordinal="3" offset="52" sl="87" path="1" offsetend="56" fileid="6" />
                <BranchPoint vc="1" uspid="147" ordinal="4" offset="64" sl="83" path="0" offsetend="66" fileid="6" />
                <BranchPoint vc="0" uspid="148" ordinal="5" offset="64" sl="83" path="1" offsetend="40" fileid="6" />
              </BranchPoints>
              <MethodPoint xsi:type="SequencePoint" vc="1" uspid="131" ordinal="0" offset="0" sl="80" sc="13" el="80" ec="67" bec="0" bev="0" fileid="6" />
            </Method>
            <Method visited="true" cyclomaticComplexity="5" sequenceCoverage="92.86" branchCoverage="66.67" isConstructor="false" isStatic="false" isGetter="false" isSetter="false">
              <Summary numSequencePoints="14" visitedSequencePoints="13" numBranchPoints="9" visitedBranchPoints="6" sequenceCoverage="92.86" branchCoverage="66.67" maxCyclomaticComplexity="5" minCyclomaticComplexity="5" />
              <MetadataToken>100663324</MetadataToken>
              <Name>System.Void Node.Cs.CommandHandlers.UiCommandsHandler::UnregisterCommand(System.String,System.Type[])</Name>
              <FileRef uid="6" />
              <SequencePoints>
                <SequencePoint vc="2" uspid="149" ordinal="0" offset="0" sl="94" sc="13" el="94" ec="46" bec="2" bev="2" fileid="6" />
                <SequencePoint vc="1" uspid="150" ordinal="1" offset="14" sl="96" sc="17" el="96" ec="24" bec="0" bev="0" fileid="6" />
                <SequencePoint vc="1" uspid="151" ordinal="2" offset="15" sl="98" sc="13" el="98" ec="52" bec="0" bev="0" fileid="6" />
                <SequencePoint vc="1" uspid="152" ordinal="3" offset="28" sl="99" sc="13" el="99" ec="31" bec="0" bev="0" fileid="6" />
                <SequencePoint vc="1" uspid="153" ordinal="4" offset="30" sl="100" sc="18" el="100" ec="28" bec="0" bev="0" fileid="6" />
                <SequencePoint vc="1" uspid="154" ordinal="5" offset="34" sl="102" sc="17" el="102" ec="51" bec="0" bev="0" fileid="6" />
                <SequencePoint vc="1" uspid="155" ordinal="6" offset="42" sl="103" sc="17" el="103" ec="60" bec="2" bev="1" fileid="6" />
                <SequencePoint vc="1" uspid="156" ordinal="7" offset="52" sl="105" sc="21" el="105" ec="34" bec="0" bev="0" fileid="6" />
                <SequencePoint vc="1" uspid="157" ordinal="8" offset="54" sl="106" sc="21" el="106" ec="27" bec="0" bev="0" fileid="6" />
                <SequencePoint vc="0" uspid="158" ordinal="9" offset="56" sl="100" sc="57" el="100" ec="60" bec="0" bev="0" fileid="6" />
                <SequencePoint vc="1" uspid="159" ordinal="10" offset="60" sl="100" sc="29" el="100" ec="55" bec="2" bev="1" fileid="6" />
                <SequencePoint vc="1" uspid="160" ordinal="11" offset="69" sl="109" sc="13" el="109" ec="31" bec="2" bev="1" fileid="6" />
                <SequencePoint vc="1" uspid="161" ordinal="12" offset="73" sl="111" sc="17" el="111" ec="53" bec="0" bev="0" fileid="6" />
                <SequencePoint vc="1" uspid="162" ordinal="13" offset="80" sl="113" sc="9" el="113" ec="10" bec="0" bev="0" fileid="6" />
              </SequencePoints>
              <BranchPoints>
                <BranchPoint vc="1" uspid="163" ordinal="0" offset="12" sl="94" path="0" offsetend="14" fileid="6" />
                <BranchPoint vc="1" uspid="164" ordinal="1" offset="12" sl="94" path="1" offsetend="15" fileid="6" />
                <BranchPoint vc="1" uspid="165" ordinal="2" offset="50" sl="103" path="0" offsetend="52" fileid="6" />
                <BranchPoint vc="0" uspid="166" ordinal="3" offset="50" sl="103" path="1" offsetend="56" fileid="6" />
                <BranchPoint vc="0" uspid="167" ordinal="4" offset="67" sl="100" path="0" offsetend="69" fileid="6" />
                <BranchPoint vc="1" uspid="168" ordinal="5" offset="67" sl="100" path="1" offsetend="34" fileid="6" />
                <BranchPoint vc="1" uspid="169" ordinal="6" offset="71" sl="109" path="0" offsetend="73" fileid="6" />
                <BranchPoint vc="0" uspid="170" ordinal="7" offset="71" sl="109" path="1" offsetend="80" fileid="6" />
              </BranchPoints>
              <MethodPoint xsi:type="SequencePoint" vc="2" uspid="149" ordinal="0" offset="0" sl="94" sc="13" el="94" ec="46" bec="2" bev="2" fileid="6" />
            </Method>
            <Method visited="true" cyclomaticComplexity="4" sequenceCoverage="81.82" branchCoverage="71.43" isConstructor="false" isStatic="false" isGetter="false" isSetter="false">
              <Summary numSequencePoints="11" visitedSequencePoints="9" numBranchPoints="7" visitedBranchPoints="5" sequenceCoverage="81.82" branchCoverage="71.43" maxCyclomaticComplexity="4" minCyclomaticComplexity="4" />
              <MetadataToken>100663325</MetadataToken>
              <Name>System.Boolean Node.Cs.CommandHandlers.UiCommandsHandler::HasSameParameters(Node.Cs.CommandHandlers.CommandDescriptor,System.Type[])</Name>
              <FileRef uid="6" />
              <SequencePoints>
                <SequencePoint vc="3" uspid="171" ordinal="0" offset="0" sl="118" sc="13" el="118" ec="81" bec="0" bev="0" fileid="6" />
                <SequencePoint vc="3" uspid="172" ordinal="1" offset="13" sl="119" sc="13" el="119" ec="57" bec="2" bev="1" fileid="6" />
                <SequencePoint vc="0" uspid="173" ordinal="2" offset="21" sl="119" sc="58" el="119" ec="71" bec="0" bev="0" fileid="6" />
                <SequencePoint vc="3" uspid="174" ordinal="3" offset="23" sl="120" sc="18" el="120" ec="28" bec="0" bev="0" fileid="6" />
                <SequencePoint vc="1" uspid="175" ordinal="4" offset="27" sl="122" sc="17" el="122" ec="55" bec="0" bev="0" fileid="6" />
                <SequencePoint vc="1" uspid="176" ordinal="5" offset="36" sl="123" sc="17" el="123" ec="40" bec="0" bev="0" fileid="6" />
                <SequencePoint vc="1" uspid="177" ordinal="6" offset="40" sl="124" sc="17" el="124" ec="30" bec="2" bev="1" fileid="6" />
                <SequencePoint vc="0" uspid="178" ordinal="7" offset="49" sl="124" sc="31" el="124" ec="44" bec="0" bev="0" fileid="6" />
                <SequencePoint vc="1" uspid="179" ordinal="8" offset="51" sl="120" sc="53" el="120" ec="56" bec="0" bev="0" fileid="6" />
                <SequencePoint vc="4" uspid="180" ordinal="9" offset="55" sl="120" sc="29" el="120" ec="51" bec="2" bev="2" fileid="6" />
                <SequencePoint vc="3" uspid="181" ordinal="10" offset="61" sl="126" sc="13" el="126" ec="25" bec="0" bev="0" fileid="6" />
              </SequencePoints>
              <BranchPoints>
                <BranchPoint vc="0" uspid="182" ordinal="0" offset="19" sl="119" path="0" offsetend="21" fileid="6" />
                <BranchPoint vc="3" uspid="183" ordinal="1" offset="19" sl="119" path="1" offsetend="23" fileid="6" />
                <BranchPoint vc="0" uspid="184" ordinal="2" offset="47" sl="124" path="0" offsetend="49" fileid="6" />
                <BranchPoint vc="1" uspid="185" ordinal="3" offset="47" sl="124" path="1" offsetend="51" fileid="6" />
                <BranchPoint vc="3" uspid="186" ordinal="4" offset="59" sl="120" path="0" offsetend="61" fileid="6" />
                <BranchPoint vc="1" uspid="187" ordinal="5" offset="59" sl="120" path="1" offsetend="27" fileid="6" />
              </BranchPoints>
              <MethodPoint xsi:type="SequencePoint" vc="3" uspid="171" ordinal="0" offset="0" sl="118" sc="13" el="118" ec="81" bec="0" bev="0" fileid="6" />
            </Method>
            <Method visited="true" cyclomaticComplexity="2" sequenceCoverage="100" branchCoverage="100" isConstructor="false" isStatic="false" isGetter="false" isSetter="false">
              <Summary numSequencePoints="8" visitedSequencePoints="8" numBranchPoints="3" visitedBranchPoints="3" sequenceCoverage="100" branchCoverage="100" maxCyclomaticComplexity="2" minCyclomaticComplexity="2" />
              <MetadataToken>100663326</MetadataToken>
              <Name>System.Reflection.ParameterInfo[] Node.Cs.CommandHandlers.UiCommandsHandler::GetParametersFromDelegate(System.Delegate)</Name>
              <FileRef uid="6" />
              <SequencePoints>
                <SequencePoint vc="9" uspid="188" ordinal="0" offset="0" sl="131" sc="13" el="131" ec="52" bec="0" bev="0" fileid="6" />
                <SequencePoint vc="9" uspid="189" ordinal="1" offset="6" sl="132" sc="13" el="132" ec="60" bec="0" bev="0" fileid="6" />
                <SequencePoint vc="9" uspid="190" ordinal="2" offset="23" sl="133" sc="18" el="133" ec="32" bec="0" bev="0" fileid="6" />
                <SequencePoint vc="3" uspid="191" ordinal="3" offset="27" sl="135" sc="17" el="135" ec="57" bec="0" bev="0" fileid="6" />
                <SequencePoint vc="3" uspid="192" ordinal="4" offset="36" sl="136" sc="17" el="136" ec="33" bec="0" bev="0" fileid="6" />
                <SequencePoint vc="3" uspid="193" ordinal="5" offset="43" sl="133" sc="72" el="133" ec="79" bec="0" bev="0" fileid="6" />
                <SequencePoint vc="12" uspid="194" ordinal="6" offset="47" sl="133" sc="33" el="133" ec="70" bec="2" bev="2" fileid="6" />
                <SequencePoint vc="9" uspid="195" ordinal="7" offset="58" sl="138" sc="13" el="138" ec="37" bec="0" bev="0" fileid="6" />
              </SequencePoints>
              <BranchPoints>
                <BranchPoint vc="9" uspid="196" ordinal="0" offset="56" sl="133" path="0" offsetend="58" fileid="6" />
                <BranchPoint vc="3" uspid="197" ordinal="1" offset="56" sl="133" path="1" offsetend="27" fileid="6" />
              </BranchPoints>
              <MethodPoint xsi:type="SequencePoint" vc="9" uspid="188" ordinal="0" offset="0" sl="131" sc="13" el="131" ec="52" bec="0" bev="0" fileid="6" />
            </Method>
            <Method visited="true" cyclomaticComplexity="5" sequenceCoverage="100" branchCoverage="100" isConstructor="false" isStatic="false" isGetter="false" isSetter="false">
              <Summary numSequencePoints="17" visitedSequencePoints="17" numBranchPoints="9" visitedBranchPoints="9" sequenceCoverage="100" branchCoverage="100" maxCyclomaticComplexity="5" minCyclomaticComplexity="5" />
              <MetadataToken>100663327</MetadataToken>
              <Name>System.Void Node.Cs.CommandHandlers.UiCommandsHandler::Run(System.String)</Name>
              <FileRef uid="6" />
              <SequencePoints>
                <SequencePoint vc="6" uspid="198" ordinal="0" offset="0" sl="143" sc="13" el="143" ec="63" bec="0" bev="0" fileid="6" />
                <SequencePoint vc="6" uspid="199" ordinal="1" offset="13" sl="144" sc="13" el="144" ec="63" bec="2" bev="2" fileid="6" />
                <SequencePoint vc="2" uspid="200" ordinal="2" offset="32" sl="146" sc="17" el="146" ec="71" bec="2" bev="2" fileid="6" />
                <SequencePoint vc="1" uspid="201" ordinal="3" offset="69" sl="148" sc="21" el="148" ec="48" bec="0" bev="0" fileid="6" />
                <SequencePoint vc="1" uspid="202" ordinal="4" offset="81" sl="149" sc="21" el="149" ec="28" bec="0" bev="0" fileid="6" />
                <SequencePoint vc="1" uspid="203" ordinal="5" offset="82" sl="151" sc="17" el="151" ec="107" bec="0" bev="0" fileid="6" />
                <SequencePoint vc="4" uspid="204" ordinal="6" offset="113" sl="153" sc="13" el="153" ec="69" bec="0" bev="0" fileid="6" />
                <SequencePoint vc="4" uspid="205" ordinal="7" offset="131" sl="154" sc="18" el="154" ec="28" bec="0" bev="0" fileid="6" />
                <SequencePoint vc="4" uspid="206" ordinal="8" offset="135" sl="156" sc="17" el="156" ec="59" bec="0" bev="0" fileid="6" />
                <SequencePoint vc="4" uspid="207" ordinal="9" offset="143" sl="157" sc="17" el="157" ec="89" bec="0" bev="0" fileid="6" />
                <SequencePoint vc="4" uspid="208" ordinal="10" offset="158" sl="158" sc="17" el="158" ec="40" bec="2" bev="2" fileid="6" />
                <SequencePoint vc="3" uspid="209" ordinal="11" offset="162" sl="160" sc="21" el="160" ec="88" bec="0" bev="0" fileid="6" />
                <SequencePoint vc="3" uspid="210" ordinal="12" offset="181" sl="161" sc="21" el="161" ec="28" bec="0" bev="0" fileid="6" />
                <SequencePoint vc="1" uspid="211" ordinal="13" offset="182" sl="154" sc="57" el="154" ec="60" bec="0" bev="0" fileid="6" />
                <SequencePoint vc="5" uspid="212" ordinal="14" offset="186" sl="154" sc="29" el="154" ec="55" bec="2" bev="2" fileid="6" />
                <SequencePoint vc="1" uspid="213" ordinal="15" offset="195" sl="164" sc="13" el="164" ec="73" bec="0" bev="0" fileid="6" />
                <SequencePoint vc="1" uspid="214" ordinal="16" offset="208" sl="165" sc="9" el="165" ec="10" bec="0" bev="0" fileid="6" />
              </SequencePoints>
              <BranchPoints>
                <BranchPoint vc="2" uspid="215" ordinal="0" offset="30" sl="144" path="0" offsetend="32" fileid="6" />
                <BranchPoint vc="4" uspid="216" ordinal="1" offset="30" sl="144" path="1" offsetend="113" fileid="6" />
                <BranchPoint vc="1" uspid="217" ordinal="2" offset="67" sl="146" path="0" offsetend="69" fileid="6" />
                <BranchPoint vc="1" uspid="218" ordinal="3" offset="67" sl="146" path="1" offsetend="82" fileid="6" />
                <BranchPoint vc="3" uspid="219" ordinal="4" offset="160" sl="158" path="0" offsetend="162" fileid="6" />
                <BranchPoint vc="1" uspid="220" ordinal="5" offset="160" sl="158" path="1" offsetend="182" fileid="6" />
                <BranchPoint vc="1" uspid="221" ordinal="6" offset="193" sl="154" path="0" offsetend="195" fileid="6" />
                <BranchPoint vc="4" uspid="222" ordinal="7" offset="193" sl="154" path="1" offsetend="135" fileid="6" />
              </BranchPoints>
              <MethodPoint xsi:type="SequencePoint" vc="6" uspid="198" ordinal="0" offset="0" sl="143" sc="13" el="143" ec="63" bec="0" bev="0" fileid="6" />
            </Method>
            <Method visited="true" cyclomaticComplexity="5" sequenceCoverage="100" branchCoverage="100" isConstructor="false" isStatic="false" isGetter="false" isSetter="false">
              <Summary numSequencePoints="18" visitedSequencePoints="18" numBranchPoints="9" visitedBranchPoints="9" sequenceCoverage="100" branchCoverage="100" maxCyclomaticComplexity="5" minCyclomaticComplexity="5" />
              <MetadataToken>100663328</MetadataToken>
              <Name>System.Void Node.Cs.CommandHandlers.UiCommandsHandler::ShowHelpForCommand(System.String,System.Collections.Generic.List`1&lt;Node.Cs.CommandHandlers.CommandDescriptor&gt;)</Name>
              <FileRef uid="6" />
              <SequencePoints>
                <SequencePoint vc="4" uspid="223" ordinal="0" offset="0" sl="169" sc="13" el="169" ec="42" bec="2" bev="2" fileid="6" />
                <SequencePoint vc="2" uspid="224" ordinal="1" offset="3" sl="171" sc="17" el="171" ec="82" bec="0" bev="0" fileid="6" />
                <SequencePoint vc="2" uspid="225" ordinal="2" offset="34" sl="172" sc="22" el="172" ec="32" bec="0" bev="0" fileid="6" />
                <SequencePoint vc="2" uspid="226" ordinal="3" offset="38" sl="174" sc="21" el="174" ec="63" bec="0" bev="0" fileid="6" />
                <SequencePoint vc="2" uspid="227" ordinal="4" offset="46" sl="175" sc="21" el="175" ec="44" bec="0" bev="0" fileid="6" />
                <SequencePoint vc="2" uspid="228" ordinal="5" offset="68" sl="176" sc="21" el="176" ec="66" bec="0" bev="0" fileid="6" />
                <SequencePoint vc="2" uspid="229" ordinal="6" offset="91" sl="172" sc="89" el="172" ec="92" bec="0" bev="0" fileid="6" />
                <SequencePoint vc="4" uspid="230" ordinal="7" offset="95" sl="172" sc="33" el="172" ec="87" bec="3" bev="3" fileid="6" />
                <SequencePoint vc="2" uspid="231" ordinal="8" offset="109" sl="181" sc="17" el="181" ec="66" bec="0" bev="0" fileid="6" />
                <SequencePoint vc="2" uspid="232" ordinal="9" offset="131" sl="182" sc="17" el="182" ec="40" bec="0" bev="0" fileid="6" />
                <SequencePoint vc="2" uspid="233" ordinal="10" offset="153" sl="183" sc="17" el="183" ec="57" bec="0" bev="0" fileid="6" />
                <SequencePoint vc="2" uspid="234" ordinal="11" offset="170" sl="184" sc="22" el="184" ec="32" bec="0" bev="0" fileid="6" />
                <SequencePoint vc="6" uspid="235" ordinal="12" offset="174" sl="186" sc="21" el="186" ec="55" bec="0" bev="0" fileid="6" />
                <SequencePoint vc="6" uspid="236" ordinal="13" offset="179" sl="187" sc="21" el="187" ec="66" bec="0" bev="0" fileid="6" />
                <SequencePoint vc="6" uspid="237" ordinal="14" offset="211" sl="184" sc="54" el="184" ec="57" bec="0" bev="0" fileid="6" />
                <SequencePoint vc="8" uspid="238" ordinal="15" offset="215" sl="184" sc="33" el="184" ec="52" bec="2" bev="2" fileid="6" />
                <SequencePoint vc="4" uspid="239" ordinal="16" offset="221" sl="191" sc="13" el="191" ec="36" bec="0" bev="0" fileid="6" />
                <SequencePoint vc="4" uspid="240" ordinal="17" offset="243" sl="192" sc="9" el="192" ec="10" bec="0" bev="0" fileid="6" />
              </SequencePoints>
              <BranchPoints>
                <BranchPoint vc="2" uspid="241" ordinal="0" offset="1" sl="169" path="0" offsetend="3" fileid="6" />
                <BranchPoint vc="2" uspid="242" ordinal="1" offset="1" sl="169" path="1" offsetend="109" fileid="6" />
                <BranchPoint vc="4" uspid="243" ordinal="2" offset="96" sl="172" path="0" offsetend="98" fileid="6" />
                <BranchPoint vc="2" uspid="244" ordinal="3" offset="96" sl="172" path="1" offsetend="221" fileid="6" />
                <BranchPoint vc="2" uspid="245" ordinal="4" offset="105" sl="172" path="0" offsetchain="107" offsetend="221" fileid="6" />
                <BranchPoint vc="2" uspid="246" ordinal="5" offset="105" sl="172" path="1" offsetend="38" fileid="6" />
                <BranchPoint vc="2" uspid="247" ordinal="6" offset="219" sl="184" path="0" offsetend="221" fileid="6" />
                <BranchPoint vc="6" uspid="248" ordinal="7" offset="219" sl="184" path="1" offsetend="174" fileid="6" />
              </BranchPoints>
              <MethodPoint xsi:type="SequencePoint" vc="4" uspid="223" ordinal="0" offset="0" sl="169" sc="13" el="169" ec="42" bec="2" bev="2" fileid="6" />
            </Method>
            <Method visited="true" cyclomaticComplexity="7" sequenceCoverage="100" branchCoverage="76.92" isConstructor="false" isStatic="false" isGetter="false" isSetter="false">
              <Summary numSequencePoints="17" visitedSequencePoints="17" numBranchPoints="13" visitedBranchPoints="10" sequenceCoverage="100" branchCoverage="76.92" maxCyclomaticComplexity="7" minCyclomaticComplexity="7" />
              <MetadataToken>100663329</MetadataToken>
              <Name>System.Collections.Generic.List`1&lt;System.Object&gt; Node.Cs.CommandHandlers.UiCommandsHandler::SetupParams(Node.Cs.CommandHandlers.CommandDescriptor,System.Collections.Generic.List`1&lt;System.String&gt;)</Name>
              <FileRef uid="6" />
              <SequencePoints>
                <SequencePoint vc="4" uspid="249" ordinal="0" offset="0" sl="196" sc="13" el="196" ec="48" bec="0" bev="0" fileid="6" />
                <SequencePoint vc="4" uspid="250" ordinal="1" offset="6" sl="197" sc="13" el="197" ec="87" bec="0" bev="0" fileid="6" />
                <SequencePoint vc="4" uspid="251" ordinal="2" offset="19" sl="198" sc="13" el="198" ec="37" bec="0" bev="0" fileid="6" />
                <SequencePoint vc="4" uspid="252" ordinal="3" offset="31" sl="199" sc="13" el="199" ec="53" bec="2" bev="2" fileid="6" />
                <SequencePoint vc="1" uspid="253" ordinal="4" offset="42" sl="199" sc="54" el="199" ec="66" bec="0" bev="0" fileid="6" />
                <SequencePoint vc="3" uspid="254" ordinal="5" offset="44" sl="200" sc="18" el="200" ec="28" bec="0" bev="0" fileid="6" />
                <SequencePoint vc="2" uspid="255" ordinal="6" offset="48" sl="202" sc="17" el="202" ec="46" bec="0" bev="0" fileid="6" />
                <SequencePoint vc="2" uspid="256" ordinal="7" offset="52" sl="204" sc="17" el="204" ec="42" bec="2" bev="2" fileid="6" />
                <SequencePoint vc="1" uspid="257" ordinal="8" offset="61" sl="206" sc="21" el="206" ec="46" bec="0" bev="0" fileid="6" />
                <SequencePoint vc="1" uspid="258" ordinal="9" offset="70" sl="207" sc="21" el="207" ec="90" bec="2" bev="1" fileid="6" />
                <SequencePoint vc="1" uspid="259" ordinal="10" offset="85" sl="210" sc="25" el="210" ec="106" bec="2" bev="1" fileid="6" />
                <SequencePoint vc="1" uspid="260" ordinal="11" offset="102" sl="212" sc="29" el="212" ec="51" bec="0" bev="0" fileid="6" />
                <SequencePoint vc="1" uspid="261" ordinal="12" offset="110" sl="213" sc="29" el="213" ec="38" bec="0" bev="0" fileid="6" />
                <SequencePoint vc="1" uspid="262" ordinal="13" offset="112" sl="218" sc="17" el="218" ec="160" bec="2" bev="1" fileid="6" />
                <SequencePoint vc="2" uspid="263" ordinal="14" offset="151" sl="200" sc="51" el="200" ec="54" bec="0" bev="0" fileid="6" />
                <SequencePoint vc="5" uspid="264" ordinal="15" offset="155" sl="200" sc="29" el="200" ec="49" bec="2" bev="2" fileid="6" />
                <SequencePoint vc="3" uspid="265" ordinal="16" offset="161" sl="220" sc="13" el="220" ec="30" bec="0" bev="0" fileid="6" />
              </SequencePoints>
              <BranchPoints>
                <BranchPoint vc="1" uspid="266" ordinal="0" offset="40" sl="199" path="0" offsetend="42" fileid="6" />
                <BranchPoint vc="3" uspid="267" ordinal="1" offset="40" sl="199" path="1" offsetend="44" fileid="6" />
                <BranchPoint vc="1" uspid="268" ordinal="2" offset="59" sl="204" path="0" offsetend="61" fileid="6" />
                <BranchPoint vc="1" uspid="269" ordinal="3" offset="59" sl="204" path="1" offsetend="112" fileid="6" />
                <BranchPoint vc="1" uspid="270" ordinal="4" offset="83" sl="207" path="0" offsetend="85" fileid="6" />
                <BranchPoint vc="0" uspid="271" ordinal="5" offset="83" sl="207" path="1" offsetend="112" fileid="6" />
                <BranchPoint vc="1" uspid="272" ordinal="6" offset="100" sl="210" path="0" offsetend="102" fileid="6" />
                <BranchPoint vc="0" uspid="273" ordinal="7" offset="100" sl="210" path="1" offsetend="112" fileid="6" />
                <BranchPoint vc="0" uspid="274" ordinal="8" offset="124" sl="218" path="0" offsetend="126" fileid="6" />
                <BranchPoint vc="1" uspid="275" ordinal="9" offset="124" sl="218" path="1" offsetend="134" fileid="6" />
                <BranchPoint vc="3" uspid="276" ordinal="10" offset="159" sl="200" path="0" offsetend="161" fileid="6" />
                <BranchPoint vc="2" uspid="277" ordinal="11" offset="159" sl="200" path="1" offsetend="48" fileid="6" />
              </BranchPoints>
              <MethodPoint xsi:type="SequencePoint" vc="4" uspid="249" ordinal="0" offset="0" sl="196" sc="13" el="196" ec="48" bec="0" bev="0" fileid="6" />
            </Method>
            <Method visited="true" cyclomaticComplexity="2" sequenceCoverage="100" branchCoverage="100" isConstructor="false" isStatic="false" isGetter="false" isSetter="false">
              <Summary numSequencePoints="3" visitedSequencePoints="3" numBranchPoints="3" visitedBranchPoints="3" sequenceCoverage="100" branchCoverage="100" maxCyclomaticComplexity="2" minCyclomaticComplexity="2" />
              <MetadataToken>100663330</MetadataToken>
              <Name>System.Void Node.Cs.CommandHandlers.UiCommandsHandler::Help(Node.Cs.INodeExecutionContext,System.String)</Name>
              <FileRef uid="6" />
              <SequencePoints>
                <SequencePoint vc="2" uspid="278" ordinal="0" offset="0" sl="225" sc="13" el="225" ec="97" bec="2" bev="2" fileid="6" />
                <SequencePoint vc="2" uspid="279" ordinal="1" offset="24" sl="226" sc="13" el="226" ec="57" bec="0" bev="0" fileid="6" />
                <SequencePoint vc="2" uspid="280" ordinal="2" offset="32" sl="227" sc="9" el="227" ec="10" bec="0" bev="0" fileid="6" />
              </SequencePoints>
              <BranchPoints>
                <BranchPoint vc="1" uspid="281" ordinal="0" offset="6" sl="225" path="0" offsetend="8" fileid="6" />
                <BranchPoint vc="1" uspid="282" ordinal="1" offset="6" sl="225" path="1" offsetend="22" fileid="6" />
              </BranchPoints>
              <MethodPoint xsi:type="SequencePoint" vc="2" uspid="278" ordinal="0" offset="0" sl="225" sc="13" el="225" ec="97" bec="2" bev="2" fileid="6" />
            </Method>
          </Methods>
        </Class>
      </Classes>
    </Module>
    <Module hash="8F-E5-36-30-E1-63-03-F8-EC-EA-4E-65-E3-21-F6-A6-5F-E9-76-A0">
      <Summary numSequencePoints="61" visitedSequencePoints="61" numBranchPoints="52" visitedBranchPoints="46" sequenceCoverage="100" branchCoverage="88.46" maxCyclomaticComplexity="17" minCyclomaticComplexity="1" />
      <FullName>F:\Documents\GithubCom\Node.Cs.2.0.0\Node.Cs\.report\bin\Node.Cs.Shared.dll</FullName>
      <ModuleName>Node.Cs.Shared</ModuleName>
      <Files>
        <File uid="13" fullPath="f:\Documents\GithubCom\Node.Cs.2.0.0\Node.Cs\src\Node.Cs.Shared\CommandHandlers\CommandDescriptor.cs" />
        <File uid="14" fullPath="f:\Documents\GithubCom\Node.Cs.2.0.0\Node.Cs\src\Node.Cs.Shared\CommandHandlers\BasicCommandParser.cs" />
        <File uid="15" fullPath="f:\Documents\GithubCom\Node.Cs.2.0.0\Node.Cs\src\Node.Cs.Shared\CommandHandlers\ParsedCommand.cs" />
        <File uid="16" fullPath="f:\Documents\GithubCom\Node.Cs.2.0.0\Node.Cs\src\Node.Cs.Shared\Exceptions\DuplicateCommandException.cs" />
        <File uid="17" fullPath="f:\Documents\GithubCom\Node.Cs.2.0.0\Node.Cs\src\Node.Cs.Shared\Exceptions\MissingCommandException.cs" />
        <File uid="18" fullPath="f:\Documents\GithubCom\Node.Cs.2.0.0\Node.Cs\src\Node.Cs.Shared\NodeExecutionContext.cs" />
      </Files>
      <Classes>
        <Class>
          <Summary numSequencePoints="0" visitedSequencePoints="0" numBranchPoints="0" visitedBranchPoints="0" sequenceCoverage="0" branchCoverage="0" maxCyclomaticComplexity="0" minCyclomaticComplexity="0" />
          <FullName>&lt;Module&gt;</FullName>
          <Methods />
        </Class>
        <Class>
[...]
              <Name>System.Void Node.Cs.CommandHandlers.ParsedCommand::.ctor()</Name>
              <FileRef uid="15" />
              <SequencePoints>
                <SequencePoint vc="17" uspid="385" ordinal="0" offset="0" sl="22" sc="3" el="22" ec="25" bec="0" bev="0" fileid="15" />
                <SequencePoint vc="17" uspid="386" ordinal="1" offset="6" sl="24" sc="4" el="24" ec="36" bec="0" bev="0" fileid="15" />
                <SequencePoint vc="17" uspid="387" ordinal="2" offset="17" sl="25" sc="3" el="25" ec="4" bec="0" bev="0" fileid="15" />
              </SequencePoints>
              <BranchPoints />
              <MethodPoint xsi:type="SequencePoint" vc="17" uspid="385" ordinal="0" offset="0" sl="22" sc="3" el="22" ec="25" bec="0" bev="0" fileid="15" />
            </Method>
          </Methods>
        </Class>
        <Class>
          <Summary numSequencePoints="2" visitedSequencePoints="2" numBranchPoints="1" visitedBranchPoints="1" sequenceCoverage="100" branchCoverage="100" maxCyclomaticComplexity="1" minCyclomaticComplexity="1" />
          <FullName>Node.Cs.Exceptions.DuplicateCommandException</FullName>
          <Methods>
            <Method visited="true" cyclomaticComplexity="1" sequenceCoverage="100" branchCoverage="100" isConstructor="true" isStatic="false" isGetter="false" isSetter="false">
              <Summary numSequencePoints="2" visitedSequencePoints="2" numBranchPoints="1" visitedBranchPoints="1" sequenceCoverage="100" branchCoverage="100" maxCyclomaticComplexity="1" minCyclomaticComplexity="1" />
              <MetadataToken>100663325</MetadataToken>
              <Name>System.Void Node.Cs.Exceptions.DuplicateCommandException::.ctor(System.String,System.Object[])</Name>
              <FileRef uid="16" />
              <SequencePoints>
                <SequencePoint vc="1" uspid="388" ordinal="0" offset="0" sl="22" sc="3" el="23" ec="37" bec="0" bev="0" fileid="16" />
                <SequencePoint vc="1" uspid="389" ordinal="1" offset="13" sl="26" sc="3" el="26" ec="4" bec="0" bev="0" fileid="16" />
              </SequencePoints>
              <BranchPoints />
              <MethodPoint xsi:type="SequencePoint" vc="1" uspid="388" ordinal="0" offset="0" sl="22" sc="3" el="23" ec="37" bec="0" bev="0" fileid="16" />
            </Method>
          </Methods>
        </Class>
        <Class>
          <Summary numSequencePoints="2" visitedSequencePoints="2" numBranchPoints="1" visitedBranchPoints="1" sequenceCoverage="100" branchCoverage="100" maxCyclomaticComplexity="1" minCyclomaticComplexity="1" />
          <FullName>Node.Cs.Exceptions.MissingCommandException</FullName>
          <Methods>
            <Method visited="true" cyclomaticComplexity="1" sequenceCoverage="100" branchCoverage="100" isConstructor="true" isStatic="false" isGetter="false" isSetter="false">
              <Summary numSequencePoints="2" visitedSequencePoints="2" numBranchPoints="1" visitedBranchPoints="1" sequenceCoverage="100" branchCoverage="100" maxCyclomaticComplexity="1" minCyclomaticComplexity="1" />
              <MetadataToken>100663326</MetadataToken>
              <Name>System.Void Node.Cs.Exceptions.MissingCommandException::.ctor(System.String,System.Object[])</Name>
              <FileRef uid="17" />
              <SequencePoints>
                <SequencePoint vc="1" uspid="390" ordinal="0" offset="0" sl="26" sc="9" el="27" ec="48" bec="0" bev="0" fileid="17" />
                <SequencePoint vc="1" uspid="391" ordinal="1" offset="13" sl="30" sc="9" el="30" ec="10" bec="0" bev="0" fileid="17" />
              </SequencePoints>
              <BranchPoints />
              <MethodPoint xsi:type="SequencePoint" vc="1" uspid="390" ordinal="0" offset="0" sl="26" sc="9" el="27" ec="48" bec="0" bev="0" fileid="17" />
            </Method>
          </Methods>
        </Class>
        <Class>
          <Summary numSequencePoints="7" visitedSequencePoints="7" numBranchPoints="1" visitedBranchPoints="1" sequenceCoverage="100" branchCoverage="100" maxCyclomaticComplexity="1" minCyclomaticComplexity="1" />
          <FullName>Node.Cs.NodeExecutionContext</FullName>
          <Methods>
            <Method visited="false" cyclomaticComplexity="1" sequenceCoverage="0" branchCoverage="0" isConstructor="false" isStatic="false" isGetter="true" isSetter="false">
              <Summary numSequencePoints="0" visitedSequencePoints="0" numBranchPoints="0" visitedBranchPoints="0" sequenceCoverage="0" branchCoverage="0" maxCyclomaticComplexity="1" minCyclomaticComplexity="1" />
              <MetadataToken>100663340</MetadataToken>
              <Name>GenericHelpers.CommandLineParser Node.Cs.NodeExecutionContext::get_Args()</Name>
              <SequencePoints />
              <BranchPoints />
              <MethodPoint vc="0" uspid="392" ordinal="0" offset="0" />
            </Method>
            <Method visited="true" cyclomaticComplexity="1" sequenceCoverage="0" branchCoverage="0" isConstructor="false" isStatic="false" isGetter="false" isSetter="true">
              <Summary numSequencePoints="0" visitedSequencePoints="0" numBranchPoints="0" visitedBranchPoints="0" sequenceCoverage="0" branchCoverage="0" maxCyclomaticComplexity="1" minCyclomaticComplexity="1" />
              <MetadataToken>100663341</MetadataToken>
              <Name>System.Void Node.Cs.NodeExecutionContext::set_Args(GenericHelpers.CommandLineParser)</Name>
              <SequencePoints />
              <BranchPoints />
              <MethodPoint vc="7" uspid="393" ordinal="0" offset="0" />
            </Method>
            <Method visited="false" cyclomaticComplexity="1" sequenceCoverage="0" branchCoverage="0" isConstructor="false" isStatic="false" isGetter="true" isSetter="false">
              <Summary numSequencePoints="0" visitedSequencePoints="0" numBranchPoints="0" visitedBranchPoints="0" sequenceCoverage="0" branchCoverage="0" maxCyclomaticComplexity="1" minCyclomaticComplexity="1" />
              <MetadataToken>100663342</MetadataToken>
              <Name>System.Version Node.Cs.NodeExecutionContext::get_Version()</Name>
              <SequencePoints />
              <BranchPoints />
              <MethodPoint vc="0" uspid="394" ordinal="0" offset="0" />
            </Method>
            <Method visited="true" cyclomaticComplexity="1" sequenceCoverage="0" branchCoverage="0" isConstructor="false" isStatic="false" isGetter="false" isSetter="true">
              <Summary numSequencePoints="0" visitedSequencePoints="0" numBranchPoints="0" visitedBranchPoints="0" sequenceCoverage="0" branchCoverage="0" maxCyclomaticComplexity="1" minCyclomaticComplexity="1" />
              <MetadataToken>100663343</MetadataToken>
              <Name>System.Void Node.Cs.NodeExecutionContext::set_Version(System.Version)</Name>
              <SequencePoints />
              <BranchPoints />
              <MethodPoint vc="7" uspid="395" ordinal="0" offset="0" />
            </Method>
            <Method visited="true" cyclomaticComplexity="1" sequenceCoverage="0" branchCoverage="0" isConstructor="false" isStatic="false" isGetter="true" isSetter="false">
              <Summary numSequencePoints="0" visitedSequencePoints="0" numBranchPoints="0" visitedBranchPoints="0" sequenceCoverage="0" branchCoverage="0" maxCyclomaticComplexity="1" minCyclomaticComplexity="1" />
              <MetadataToken>100663344</MetadataToken>
              <Name>System.String Node.Cs.NodeExecutionContext::get_NodeCsExecutablePath()</Name>
              <SequencePoints />
              <BranchPoints />
              <MethodPoint vc="1" uspid="396" ordinal="0" offset="0" />
            </Method>
            <Method visited="true" cyclomaticComplexity="1" sequenceCoverage="0" branchCoverage="0" isConstructor="false" isStatic="false" isGetter="false" isSetter="true">
              <Summary numSequencePoints="0" visitedSequencePoints="0" numBranchPoints="0" visitedBranchPoints="0" sequenceCoverage="0" branchCoverage="0" maxCyclomaticComplexity="1" minCyclomaticComplexity="1" />
              <MetadataToken>100663345</MetadataToken>
              <Name>System.Void Node.Cs.NodeExecutionContext::set_NodeCsExecutablePath(System.String)</Name>
              <SequencePoints />
              <BranchPoints />
              <MethodPoint vc="7" uspid="397" ordinal="0" offset="0" />
            </Method>
            <Method visited="false" cyclomaticComplexity="1" sequenceCoverage="0" branchCoverage="0" isConstructor="false" isStatic="false" isGetter="true" isSetter="false">
              <Summary numSequencePoints="0" visitedSequencePoints="0" numBranchPoints="0" visitedBranchPoints="0" sequenceCoverage="0" branchCoverage="0" maxCyclomaticComplexity="1" minCyclomaticComplexity="1" />
              <MetadataToken>100663346</MetadataToken>
              <Name>ConcurrencyHelpers.Containers.LockFreeItem`1&lt;System.String&gt; Node.Cs.NodeExecutionContext::get_NodeCsExtraBinDirecotry()</Name>
              <SequencePoints />
              <BranchPoints />
              <MethodPoint vc="0" uspid="398" ordinal="0" offset="0" />
            </Method>
            <Method visited="true" cyclomaticComplexity="1" sequenceCoverage="0" branchCoverage="0" isConstructor="false" isStatic="false" isGetter="false" isSetter="true">
              <Summary numSequencePoints="0" visitedSequencePoints="0" numBranchPoints="0" visitedBranchPoints="0" sequenceCoverage="0" branchCoverage="0" maxCyclomaticComplexity="1" minCyclomaticComplexity="1" />
              <MetadataToken>100663347</MetadataToken>
              <Name>System.Void Node.Cs.NodeExecutionContext::set_NodeCsExtraBinDirecotry(ConcurrencyHelpers.Containers.LockFreeItem`1&lt;System.String&gt;)</Name>
              <SequencePoints />
              <BranchPoints />
              <MethodPoint vc="7" uspid="399" ordinal="0" offset="0" />
            </Method>
            <Method visited="true" cyclomaticComplexity="1" sequenceCoverage="0" branchCoverage="0" isConstructor="false" isStatic="false" isGetter="true" isSetter="false">
              <Summary numSequencePoints="0" visitedSequencePoints="0" numBranchPoints="0" visitedBranchPoints="0" sequenceCoverage="0" branchCoverage="0" maxCyclomaticComplexity="1" minCyclomaticComplexity="1" />
              <MetadataToken>100663348</MetadataToken>
              <Name>ConcurrencyHelpers.Containers.LockFreeItem`1&lt;System.String&gt; Node.Cs.NodeExecutionContext::get_CurrentDirectory()</Name>
              <SequencePoints />
              <BranchPoints />
              <MethodPoint vc="2" uspid="400" ordinal="0" offset="0" />
            </Method>
            <Method visited="true" cyclomaticComplexity="1" sequenceCoverage="0" branchCoverage="0" isConstructor="false" isStatic="false" isGetter="false" isSetter="true">
              <Summary numSequencePoints="0" visitedSequencePoints="0" numBranchPoints="0" visitedBranchPoints="0" sequenceCoverage="0" branchCoverage="0" maxCyclomaticComplexity="1" minCyclomaticComplexity="1" />
              <MetadataToken>100663349</MetadataToken>
              <Name>System.Void Node.Cs.NodeExecutionContext::set_CurrentDirectory(ConcurrencyHelpers.Containers.LockFreeItem`1&lt;System.String&gt;)</Name>
              <SequencePoints />
              <BranchPoints />
              <MethodPoint vc="7" uspid="401" ordinal="0" offset="0" />
            </Method>
            <Method visited="true" cyclomaticComplexity="1" sequenceCoverage="100" branchCoverage="100" isConstructor="true" isStatic="false" isGetter="false" isSetter="false">
              <Summary numSequencePoints="7" visitedSequencePoints="7" numBranchPoints="1" visitedBranchPoints="1" sequenceCoverage="100" branchCoverage="100" maxCyclomaticComplexity="1" minCyclomaticComplexity="1" />
              <MetadataToken>100663339</MetadataToken>
              <Name>System.Void Node.Cs.NodeExecutionContext::.ctor(GenericHelpers.CommandLineParser,System.Version,System.String,System.String,System.String)</Name>
              <FileRef uid="18" />
              <SequencePoints>
                <SequencePoint vc="7" uspid="402" ordinal="0" offset="0" sl="24" sc="3" el="29" ec="28" bec="0" bev="0" fileid="18" />
                <SequencePoint vc="7" uspid="403" ordinal="1" offset="6" sl="31" sc="4" el="31" ec="16" bec="0" bev="0" fileid="18" />
                <SequencePoint vc="7" uspid="404" ordinal="2" offset="13" sl="32" sc="4" el="32" ec="22" bec="0" bev="0" fileid="18" />
                <SequencePoint vc="7" uspid="405" ordinal="3" offset="20" sl="33" sc="4" el="33" ec="48" bec="0" bev="0" fileid="18" />
                <SequencePoint vc="7" uspid="406" ordinal="4" offset="27" sl="34" sc="4" el="34" ec="80" bec="0" bev="0" fileid="18" />
                <SequencePoint vc="7" uspid="407" ordinal="5" offset="40" sl="35" sc="4" el="35" ec="66" bec="0" bev="0" fileid="18" />
                <SequencePoint vc="7" uspid="408" ordinal="6" offset="53" sl="36" sc="3" el="36" ec="4" bec="0" bev="0" fileid="18" />
              </SequencePoints>
              <BranchPoints />
              <MethodPoint xsi:type="SequencePoint" vc="7" uspid="402" ordinal="0" offset="0" sl="24" sc="3" el="29" ec="28" bec="0" bev="0" fileid="18" />
            </Method>
          </Methods>
        </Class>
      </Classes>
    </Module>
    <Module skippedDueTo="MissingPdb" hash="D6-D2-A1-C9-DD-EF-1E-23-9A-9B-69-17-B0-3A-5A-89-2A-AD-75-30">
      <FullName>C:\Windows\Microsoft.Net\assembly\GAC_MSIL\Microsoft.VisualStudio.QualityTools.ControllerObject\v4.0_12.0.0.0__b03f5f7f11d50a3a\Microsoft.VisualStudio.QualityTools.ControllerObject.dll</FullName>
      <ModuleName>Microsoft.VisualStudio.QualityTools.ControllerObject</ModuleName>
      <Classes />
    </Module>
    <Module skippedDueTo="MissingPdb" hash="87-C9-BA-8D-5D-BC-48-A2-9A-EE-A2-4C-0D-24-85-14-7E-47-C9-50">
      <FullName>F:\Programs\Development\Microsoft Visual Studio 12.0\Common7\IDE\PrivateAssemblies\Microsoft.VisualStudio.TeamSystem.Licensing.dll</FullName>
      <ModuleName>Microsoft.VisualStudio.TeamSystem.Licensing</ModuleName>
      <Classes />
    </Module>
    <Module skippedDueTo="MissingPdb" hash="1D-1F-58-DB-C3-75-56-7F-9E-36-D4-74-56-60-D3-99-19-21-33-F4">
      <FullName>F:\Documents\GithubCom\Node.Cs.2.0.0\Node.Cs\.report\bin\Castle.Windsor.dll</FullName>
      <ModuleName>Castle.Windsor</ModuleName>
      <Classes />
    </Module>
    <Module skippedDueTo="MissingPdb" hash="5E-53-6A-F9-74-B1-13-42-99-AE-BD-26-7F-AB-F8-CB-65-B1-2A-37">
      <FullName>F:\Documents\GithubCom\Node.Cs.2.0.0\Node.Cs\.report\bin\Castle.Core.dll</FullName>
      <ModuleName>Castle.Core</ModuleName>
      <Classes />
    </Module>
    <Module skippedDueTo="MissingPdb" hash="CB-63-99-E0-2F-FD-88-09-15-21-28-61-2E-80-79-E5-05-CF-A4-F1">
      <FullName>F:\Documents\GithubCom\Node.Cs.2.0.0\Node.Cs\.report\bin\GenericHelpers.dll</FullName>
      <ModuleName>GenericHelpers</ModuleName>
      <Classes />
    </Module>
    <Module skippedDueTo="MissingPdb" hash="C9-76-22-B4-8B-E9-48-54-0D-AC-2E-FF-EF-EC-E2-7F-BD-79-72-E4">
      <FullName>F:\Documents\GithubCom\Node.Cs.2.0.0\Node.Cs\.report\bin\ConcurrencyHelpers.dll</FullName>
      <ModuleName>ConcurrencyHelpers</ModuleName>
      <Classes />
    </Module>
    <Module skippedDueTo="MissingPdb" hash="78-CE-BF-55-E5-E2-5B-E9-E0-2D-DA-E4-FA-46-C1-AB-4C-55-49-AE">
      <FullName>F:\Documents\GithubCom\Node.Cs.2.0.0\Node.Cs\.report\bin\Moq.dll</FullName>
      <ModuleName>Moq</ModuleName>
      <Classes />
    </Module>
    <Module skippedDueTo="MissingPdb" hash="67-B1-95-11-82-25-74-F1-A4-67-0F-86-B6-3A-F2-E3-E2-47-25-66">
      <FullName>F:\Documents\GithubCom\Node.Cs.2.0.0\Node.Cs\.report\bin\UniversalTypeConverter.dll</FullName>
      <ModuleName>UniversalTypeConverter</ModuleName>
      <Classes />
    </Module>
    <Module skippedDueTo="Filter" hash="7B-DE-E2-6E-72-44-F2-FF-86-1F-FE-31-28-DC-ED-59-32-9C-EB-39">
      <FullName>C:\Windows\Microsoft.Net\assembly\GAC_MSIL\mscorlib.resources\v4.0_4.0.0.0_it_b77a5c561934e089\mscorlib.resources.dll</FullName>
      <ModuleName>mscorlib.resources</ModuleName>
      <Classes />
    </Module>
    <Module skippedDueTo="MissingPdb" hash="65-84-09-3F-3D-4A-20-11-0F-F8-41-12-52-55-82-3D-5F-C7-91-15">
      <FullName>C:\Windows\assembly\GAC_MSIL\Microsoft.VisualStudio.QualityTools.AgentProcessManager\12.0.0.0__b03f5f7f11d50a3a\Microsoft.VisualStudio.QualityTools.AgentProcessManager.dll</FullName>
      <ModuleName>Microsoft.VisualStudio.QualityTools.AgentProcessManager</ModuleName>
      <Classes />
    </Module>
    <Module skippedDueTo="MissingPdb" hash="BF-6C-85-48-0A-74-60-89-2C-DB-0A-4D-BF-E3-85-68-0D-08-CD-10">
      <FullName>C:\Windows\assembly\GAC_MSIL\Microsoft.VisualStudio.QualityTools.DataCollectionAgentObject\12.0.0.0__b03f5f7f11d50a3a\Microsoft.VisualStudio.QualityTools.DataCollectionAgentObject.dll</FullName>
      <ModuleName>Microsoft.VisualStudio.QualityTools.DataCollectionAgentObject</ModuleName>
      <Classes />
    </Module>
    <Module skippedDueTo="MissingPdb" hash="C2-C1-8F-47-58-BB-5C-12-6A-16-A6-86-AB-70-8D-11-49-3A-AA-64">
      <FullName>C:\Windows\assembly\GAC_MSIL\Microsoft.VisualStudio.QualityTools.AgentObject\12.0.0.0__b03f5f7f11d50a3a\Microsoft.VisualStudio.QualityTools.AgentObject.dll</FullName>
      <ModuleName>Microsoft.VisualStudio.QualityTools.AgentObject</ModuleName>
      <Classes />
    </Module>
    <Module skippedDueTo="MissingPdb" hash="5D-4B-76-CA-B8-70-4D-26-A3-95-E9-EB-A9-4B-C4-42-8D-66-57-63">
      <FullName>C:\Windows\assembly\GAC_MSIL\Microsoft.VisualStudio.QualityTools.Tips.UnitTest.Adapter\12.0.0.0__b03f5f7f11d50a3a\Microsoft.VisualStudio.QualityTools.Tips.UnitTest.Adapter.dll</FullName>
      <ModuleName>Microsoft.VisualStudio.QualityTools.Tips.UnitTest.Adapter</ModuleName>
      <Classes />
    </Module>
    <Module skippedDueTo="MissingPdb" hash="DC-BB-C1-4C-4A-D0-77-C4-51-72-1D-4B-6E-68-F2-31-AA-61-44-D3">
      <FullName>F:\Programs\Development\Microsoft Visual Studio 12.0\Common7\IDE\PrivateAssemblies\DataCollectors\Microsoft.VisualStudio.PerformanceTools.DataCollection.dll</FullName>
      <ModuleName>Microsoft.VisualStudio.PerformanceTools.DataCollection</ModuleName>
      <Classes />
    </Module>
    <Module skippedDueTo="MissingPdb" hash="CC-AD-CE-97-BB-09-2E-35-3A-97-80-5F-28-9B-D3-1D-A6-28-CC-2D">
      <FullName>F:\Programs\Development\Microsoft Visual Studio 12.0\Common7\IDE\PrivateAssemblies\DataCollectors\Microsoft.VisualStudio.PerformanceTools.DataCollection.Editor.dll</FullName>
      <ModuleName>Microsoft.VisualStudio.PerformanceTools.DataCollection.Editor</ModuleName>
      <Classes />
    </Module>
    <Module skippedDueTo="Filter" hash="95-1C-13-07-F1-08-FE-50-F0-58-50-93-34-72-93-D0-D9-64-92-62">
      <FullName>C:\Windows\Microsoft.Net\assembly\GAC_MSIL\System.Windows.Forms\v4.0_4.0.0.0__b77a5c561934e089\System.Windows.Forms.dll</FullName>
      <ModuleName>System.Windows.Forms</ModuleName>
      <Classes />
    </Module>
    <Module skippedDueTo="Filter" hash="0D-D5-B2-1E-4C-1B-8D-16-0A-9F-65-F1-B0-E9-42-FD-A9-97-83-3E">
      <FullName>C:\Windows\Microsoft.Net\assembly\GAC_MSIL\System.Drawing\v4.0_4.0.0.0__b03f5f7f11d50a3a\System.Drawing.dll</FullName>
      <ModuleName>System.Drawing</ModuleName>
      <Classes />
    </Module>
    <Module skippedDueTo="MissingPdb" hash="95-F5-F0-2B-4A-8F-27-1C-6E-72-F8-87-27-0D-53-FB-B2-6C-9E-79">
      <FullName>F:\Programs\Development\Microsoft Visual Studio 12.0\Common7\IDE\PrivateAssemblies\DataCollectors\VSPerfControl.Interop.dll</FullName>
      <ModuleName>VSPerfControl.Interop</ModuleName>
      <Classes />
    </Module>
    <Module skippedDueTo="MissingPdb" hash="">
      <FullName>RefEmit_InMemoryManifestModule</FullName>
      <ModuleName>Anonymously Hosted DynamicMethods Assembly</ModuleName>
      <Classes />
    </Module>
  </Modules>
</CoverageSession>