<?xml version="1.0" encoding="utf-8"?>
<CoverageSession xmlns:xsd="http://www.w3.org/2001/XMLSchema" xmlns:xsi="http://www.w3.org/2001/XMLSchema-instance">
  <Summary numSequencePoints="328" visitedSequencePoints="282" numBranchPoints="195" visitedBranchPoints="148" sequenceCoverage="85.98" branchCoverage="75.90" maxCyclomaticComplexity="17" minCyclomaticComplexity="1" />
  <Modules>
    <Module skippedDueTo="Filter" hash="B5-D0-3C-D0-D3-0E-6D-9A-B0-27-ED-4B-C0-AC-D5-4F-18-84-56-AE">
      <FullName>C:\Windows\Microsoft.Net\assembly\GAC_32\mscorlib\v4.0_4.0.0.0__b77a5c561934e089\mscorlib.dll</FullName>
      <ModuleName>mscorlib</ModuleName>
      <Classes />
    </Module>
    <Module skippedDueTo="MissingPdb" hash="66-71-3F-9B-CE-FA-0C-A8-74-D7-88-15-33-DF-6B-A8-10-FE-A3-68">
      <FullName>C:\Projects\Kendar.Framework\Github\endaroza\Node.Cs.Alpha2\Node.Cs\build_utils\VisualStudioIdentifier.exe</FullName>
      <ModuleName>VisualStudioIdentifier</ModuleName>
      <Classes />
    </Module>
    <Module skippedDueTo="MissingPdb" hash="51-57-32-32-3A-99-BE-2D-0F-55-8E-53-39-A1-87-44-A4-8F-7F-96">
      <FullName>C:\Program Files (x86)\Microsoft Visual Studio 12.0\Common7\IDE\MSTest.exe</FullName>
      <ModuleName>MSTest</ModuleName>
      <Classes />
    </Module>
    <Module skippedDueTo="MissingPdb" hash="DC-F8-9B-F7-2C-08-0C-DA-07-27-F8-D5-02-E6-16-D6-41-91-92-AB">
      <FullName>C:\Windows\assembly\GAC_MSIL\Microsoft.VisualStudio.QualityTools.Common\12.0.0.0__b03f5f7f11d50a3a\Microsoft.VisualStudio.QualityTools.Common.dll</FullName>
      <ModuleName>Microsoft.VisualStudio.QualityTools.Common</ModuleName>
      <Classes />
    </Module>
    <Module skippedDueTo="Filter" hash="79-DD-49-29-A6-8C-BD-B2-DD-EB-1F-29-44-27-B0-62-83-FC-28-5B">
      <FullName>C:\Windows\Microsoft.Net\assembly\GAC_MSIL\System\v4.0_4.0.0.0__b77a5c561934e089\System.dll</FullName>
      <ModuleName>System</ModuleName>
      <Classes />
    </Module>
    <Module skippedDueTo="MissingPdb" hash="6C-F3-21-D3-55-B9-65-8F-79-5C-94-83-2B-55-5B-61-F1-44-E2-3D">
      <FullName>C:\Windows\assembly\GAC_MSIL\Microsoft.VisualStudio.QualityTools.ExecutionCommon\12.0.0.0__b03f5f7f11d50a3a\Microsoft.VisualStudio.QualityTools.ExecutionCommon.dll</FullName>
      <ModuleName>Microsoft.VisualStudio.QualityTools.ExecutionCommon</ModuleName>
      <Classes />
    </Module>
    <Module skippedDueTo="MissingPdb" hash="14-3D-05-8D-99-D4-2A-75-D3-21-57-04-93-CD-3F-7B-76-07-28-5E">
      <FullName>C:\Windows\assembly\GAC_MSIL\Microsoft.VisualStudio.QualityTools.Resource\12.0.0.0__b03f5f7f11d50a3a\Microsoft.VisualStudio.QualityTools.Resource.dll</FullName>
      <ModuleName>Microsoft.VisualStudio.QualityTools.Resource</ModuleName>
      <Classes />
    </Module>
    <Module skippedDueTo="Filter" hash="B6-60-CE-70-25-03-8E-12-F0-FF-EB-DA-C8-94-AA-A9-02-DE-71-07">
      <FullName>C:\Windows\Microsoft.Net\assembly\GAC_MSIL\System.Configuration\v4.0_4.0.0.0__b03f5f7f11d50a3a\System.Configuration.dll</FullName>
      <ModuleName>System.Configuration</ModuleName>
      <Classes />
    </Module>
    <Module skippedDueTo="Filter" hash="2C-B8-8B-0E-27-14-38-8E-71-A5-1D-A0-EE-33-D9-22-5F-A4-AF-79">
      <FullName>C:\Windows\Microsoft.Net\assembly\GAC_MSIL\System.Xml\v4.0_4.0.0.0__b77a5c561934e089\System.Xml.dll</FullName>
      <ModuleName>System.Xml</ModuleName>
      <Classes />
    </Module>
    <Module skippedDueTo="MissingPdb" hash="4B-47-90-56-FF-9C-A9-38-CA-FE-FB-B4-4B-BC-EE-61-73-64-81-46">
      <FullName>C:\Windows\Microsoft.Net\assembly\GAC_MSIL\Microsoft.VisualStudio.QualityTools.CommandLine\v4.0_12.0.0.0__b03f5f7f11d50a3a\Microsoft.VisualStudio.QualityTools.CommandLine.dll</FullName>
      <ModuleName>Microsoft.VisualStudio.QualityTools.CommandLine</ModuleName>
      <Classes />
    </Module>
    <Module skippedDueTo="MissingPdb" hash="41-2F-56-1F-42-4F-53-1E-38-1D-D7-1A-95-EE-62-C6-85-0D-03-76">
      <FullName>C:\Windows\assembly\GAC_MSIL\Microsoft.VisualStudio.QualityTools.TMI\12.0.0.0__b03f5f7f11d50a3a\Microsoft.VisualStudio.QualityTools.TMI.dll</FullName>
      <ModuleName>Microsoft.VisualStudio.QualityTools.TMI</ModuleName>
      <Classes />
    </Module>
    <Module skippedDueTo="Filter" hash="B6-92-70-2B-74-74-8B-7D-92-C2-67-1D-CA-15-D4-44-41-B2-4E-15">
      <FullName>C:\Windows\Microsoft.Net\assembly\GAC_32\System.Data\v4.0_4.0.0.0__b77a5c561934e089\System.Data.dll</FullName>
      <ModuleName>System.Data</ModuleName>
      <Classes />
    </Module>
    <Module skippedDueTo="Filter" hash="BF-C5-A6-49-C5-BD-81-31-CD-95-07-E3-C4-9B-08-F0-FC-C1-30-12">
      <FullName>C:\Windows\Microsoft.Net\assembly\GAC_MSIL\System.Numerics\v4.0_4.0.0.0__b77a5c561934e089\System.Numerics.dll</FullName>
      <ModuleName>System.Numerics</ModuleName>
      <Classes />
    </Module>
    <Module skippedDueTo="Filter" hash="95-50-78-76-0C-97-0A-A6-96-E2-68-E8-BD-4F-78-F1-1C-21-CA-10">
      <FullName>C:\Windows\Microsoft.Net\assembly\GAC_32\System.Web\v4.0_4.0.0.0__b03f5f7f11d50a3a\System.Web.dll</FullName>
      <ModuleName>System.Web</ModuleName>
      <Classes />
    </Module>
    <Module skippedDueTo="Filter" hash="43-0F-9E-14-71-13-7F-E2-26-11-26-04-62-4A-0E-92-1F-0F-04-20">
      <FullName>C:\Windows\Microsoft.Net\assembly\GAC_MSIL\System.Core\v4.0_4.0.0.0__b77a5c561934e089\System.Core.dll</FullName>
      <ModuleName>System.Core</ModuleName>
      <Classes />
    </Module>
    <Module skippedDueTo="MissingPdb" hash="B8-BD-0B-9C-FE-40-35-92-D1-0C-F8-1C-06-DF-75-D9-6D-4E-B5-9F">
      <FullName>C:\Windows\assembly\GAC_MSIL\Microsoft.VisualStudio.QualityTools.Tips.UnitTest.Tip\12.0.0.0__b03f5f7f11d50a3a\Microsoft.VisualStudio.QualityTools.Tips.UnitTest.Tip.dll</FullName>
      <ModuleName>Microsoft.VisualStudio.QualityTools.Tips.UnitTest.Tip</ModuleName>
      <Classes />
    </Module>
    <Module skippedDueTo="MissingPdb" hash="80-91-7B-77-89-19-B3-0A-B9-FD-35-76-4A-23-60-1A-8D-35-58-07">
      <FullName>C:\Windows\assembly\GAC_MSIL\Microsoft.VisualStudio.QualityTools.Tips.UnitTest.ObjectModel\12.0.0.0__b03f5f7f11d50a3a\Microsoft.VisualStudio.QualityTools.Tips.UnitTest.ObjectModel.dll</FullName>
      <ModuleName>Microsoft.VisualStudio.QualityTools.Tips.UnitTest.ObjectModel</ModuleName>
      <Classes />
    </Module>
    <Module skippedDueTo="MissingPdb" hash="B6-BE-C7-09-6A-69-79-02-C4-B3-2E-2E-B9-3D-72-09-BB-84-01-6E">
      <FullName>C:\Windows\assembly\GAC_MSIL\Microsoft.VisualStudio.QualityTools.UnitTestFramework\10.0.0.0__b03f5f7f11d50a3a\Microsoft.VisualStudio.QualityTools.UnitTestFramework.dll</FullName>
      <ModuleName>Microsoft.VisualStudio.QualityTools.UnitTestFramework</ModuleName>
      <Classes />
    </Module>
    <Module skippedDueTo="MissingPdb" hash="99-76-23-E4-09-72-A2-62-00-0F-31-EC-CA-15-24-E2-5A-E8-E3-72">
      <FullName>C:\Program Files (x86)\Microsoft Visual Studio 12.0\Common7\IDE\PublicAssemblies\Microsoft.VisualStudio.QualityTools.CodedUITestFramework.dll</FullName>
      <ModuleName>Microsoft.VisualStudio.QualityTools.CodedUITestFramework</ModuleName>
      <Classes />
    </Module>
    <Module skippedDueTo="MissingPdb" hash="91-A7-F9-01-20-FA-B7-30-6F-8D-00-4C-1E-EC-D4-8D-65-53-89-BC">
      <FullName>C:\Windows\assembly\GAC_MSIL\Microsoft.VisualStudio.QualityTools.Tips.UnitTest.AssemblyResolver\12.0.0.0__b03f5f7f11d50a3a\Microsoft.VisualStudio.QualityTools.Tips.UnitTest.AssemblyResolver.dll</FullName>
      <ModuleName>Microsoft.VisualStudio.QualityTools.Tips.UnitTest.AssemblyResolver</ModuleName>
      <Classes />
    </Module>
    <Module skippedDueTo="Filter" hash="09-B7-AB-04-8B-B1-A1-CC-94-9F-85-50-60-28-76-A7-FD-69-F9-D6">
      <FullName>C:\Projects\Kendar.Framework\Github\endaroza\Node.Cs.Alpha2\Node.Cs\.report\bin\Node.Cs.Lib.Test.dll</FullName>
      <ModuleName>Node.Cs.Lib.Test</ModuleName>
      <Classes />
    </Module>
    <Module skippedDueTo="Filter" hash="CF-D8-F6-91-59-68-87-A6-7B-F1-A1-58-78-FC-AC-19-BB-2B-53-3D">
      <FullName>C:\Projects\Kendar.Framework\Github\endaroza\Node.Cs.Alpha2\Node.Cs\.report\bin\Node.Cs.TestUtils.dll</FullName>
      <ModuleName>Node.Cs.TestUtils</ModuleName>
      <Classes />
    </Module>
    <Module hash="A6-77-BF-E4-DF-96-FD-2D-B5-0F-D5-0A-4E-2C-03-F2-98-6C-15-64">
      <Summary numSequencePoints="254" visitedSequencePoints="208" numBranchPoints="137" visitedBranchPoints="96" sequenceCoverage="81.89" branchCoverage="70.07" maxCyclomaticComplexity="11" minCyclomaticComplexity="1" />
      <FullName>C:\Projects\Kendar.Framework\Github\endaroza\Node.Cs.Alpha2\Node.Cs\.report\bin\Node.Cs.Lib.dll</FullName>
      <ModuleName>Node.Cs.Lib</ModuleName>
      <Files>
        <File uid="1" fullPath="c:\Projects\Kendar.Framework\Github\endaroza\Node.Cs.Alpha2\Node.Cs\src\Node.Cs.Lib\CommandHandlers\BasicNodeCommands.cs" />
        <File uid="3" fullPath="c:\Projects\Kendar.Framework\Github\endaroza\Node.Cs.Alpha2\Node.Cs\src\Node.Cs.Lib\Consoles\BasicNodeConsole.cs" />
        <File uid="4" fullPath="c:\Projects\Kendar.Framework\Github\endaroza\Node.Cs.Alpha2\Node.Cs\src\Node.Cs.Lib\NodeCsEntryPoint.cs" />
        <File uid="5" fullPath="c:\Projects\Kendar.Framework\Github\endaroza\Node.Cs.Alpha2\Node.Cs\src\Node.Cs.Lib\NodeCsEntryPointForTest.cs" />
        <File uid="6" fullPath="c:\Projects\Kendar.Framework\Github\endaroza\Node.Cs.Alpha2\Node.Cs\src\Node.Cs.Lib\NodeRootModule.cs" />
        <File uid="7" fullPath="c:\Projects\Kendar.Framework\Github\endaroza\Node.Cs.Alpha2\Node.Cs\src\Node.Cs.Lib\CommandHandlers\UiCommandsHandler.cs" />
      </Files>
      <Classes>
        <Class>
          <Summary numSequencePoints="0" visitedSequencePoints="0" numBranchPoints="0" visitedBranchPoints="0" sequenceCoverage="0" branchCoverage="0" maxCyclomaticComplexity="0" minCyclomaticComplexity="0" />
          <FullName>&lt;Module&gt;</FullName>
          <Methods />
        </Class>
        <Class>
          <Summary numSequencePoints="0" visitedSequencePoints="0" numBranchPoints="0" visitedBranchPoints="0" sequenceCoverage="0" branchCoverage="0" maxCyclomaticComplexity="1" minCyclomaticComplexity="1" />
          <FullName>Node.Cs.CommandHandlers.RunnableDefinition</FullName>
          <Methods>
            <Method visited="false" cyclomaticComplexity="1" sequenceCoverage="0" branchCoverage="0" isConstructor="false" isStatic="false" isGetter="true" isSetter="false">
              <Summary numSequencePoints="0" visitedSequencePoints="0" numBranchPoints="0" visitedBranchPoints="0" sequenceCoverage="0" branchCoverage="0" maxCyclomaticComplexity="1" minCyclomaticComplexity="1" />
              <MetadataToken>100663297</MetadataToken>
              <Name>System.DateTime Node.Cs.CommandHandlers.RunnableDefinition::get_Timestamp()</Name>
              <SequencePoints />
              <BranchPoints />
              <MethodPoint vc="0" uspid="1" ordinal="0" offset="0" />
            </Method>
            <Method visited="true" cyclomaticComplexity="1" sequenceCoverage="0" branchCoverage="0" isConstructor="false" isStatic="false" isGetter="false" isSetter="true">
              <Summary numSequencePoints="0" visitedSequencePoints="0" numBranchPoints="0" visitedBranchPoints="0" sequenceCoverage="0" branchCoverage="0" maxCyclomaticComplexity="1" minCyclomaticComplexity="1" />
              <MetadataToken>100663298</MetadataToken>
              <Name>System.Void Node.Cs.CommandHandlers.RunnableDefinition::set_Timestamp(System.DateTime)</Name>
              <SequencePoints />
              <BranchPoints />
              <MethodPoint vc="2" uspid="2" ordinal="0" offset="0" />
            </Method>
            <Method visited="false" cyclomaticComplexity="1" sequenceCoverage="0" branchCoverage="0" isConstructor="false" isStatic="false" isGetter="true" isSetter="false">
              <Summary numSequencePoints="0" visitedSequencePoints="0" numBranchPoints="0" visitedBranchPoints="0" sequenceCoverage="0" branchCoverage="0" maxCyclomaticComplexity="1" minCyclomaticComplexity="1" />
              <MetadataToken>100663299</MetadataToken>
              <Name>System.Type Node.Cs.CommandHandlers.RunnableDefinition::get_Type()</Name>
              <SequencePoints />
              <BranchPoints />
              <MethodPoint vc="0" uspid="3" ordinal="0" offset="0" />
            </Method>
            <Method visited="true" cyclomaticComplexity="1" sequenceCoverage="0" branchCoverage="0" isConstructor="false" isStatic="false" isGetter="false" isSetter="true">
              <Summary numSequencePoints="0" visitedSequencePoints="0" numBranchPoints="0" visitedBranchPoints="0" sequenceCoverage="0" branchCoverage="0" maxCyclomaticComplexity="1" minCyclomaticComplexity="1" />
              <MetadataToken>100663300</MetadataToken>
              <Name>System.Void Node.Cs.CommandHandlers.RunnableDefinition::set_Type(System.Type)</Name>
              <SequencePoints />
              <BranchPoints />
              <MethodPoint vc="2" uspid="4" ordinal="0" offset="0" />
            </Method>
            <Method visited="true" cyclomaticComplexity="1" sequenceCoverage="0" branchCoverage="0" isConstructor="true" isStatic="false" isGetter="false" isSetter="false">
              <Summary numSequencePoints="0" visitedSequencePoints="0" numBranchPoints="0" visitedBranchPoints="0" sequenceCoverage="0" branchCoverage="0" maxCyclomaticComplexity="1" minCyclomaticComplexity="1" />
              <MetadataToken>100663301</MetadataToken>
              <Name>System.Void Node.Cs.CommandHandlers.RunnableDefinition::.ctor()</Name>
              <SequencePoints />
              <BranchPoints />
              <MethodPoint vc="2" uspid="5" ordinal="0" offset="0" />
            </Method>
          </Methods>
        </Class>
        <Class>
          <Summary numSequencePoints="61" visitedSequencePoints="38" numBranchPoints="33" visitedBranchPoints="14" sequenceCoverage="62.30" branchCoverage="42.42" maxCyclomaticComplexity="11" minCyclomaticComplexity="1" />
          <FullName>Node.Cs.CommandHandlers.BasicNodeCommands</FullName>
          <Methods>
            <Method visited="true" cyclomaticComplexity="1" sequenceCoverage="100" branchCoverage="100" isConstructor="true" isStatic="false" isGetter="false" isSetter="false">
              <Summary numSequencePoints="5" visitedSequencePoints="5" numBranchPoints="1" visitedBranchPoints="1" sequenceCoverage="100" branchCoverage="100" maxCyclomaticComplexity="1" minCyclomaticComplexity="1" />
              <MetadataToken>100663302</MetadataToken>
              <Name>System.Void Node.Cs.CommandHandlers.BasicNodeCommands::.ctor(Node.Cs.Consoles.INodeConsole,Castle.Windsor.IWindsorContainer)</Name>
              <FileRef uid="1" />
              <SequencePoints>
                <SequencePoint vc="4" uspid="6" ordinal="0" offset="0" sl="39" sc="3" el="40" ec="87" bec="0" bev="0" fileid="1" />
                <SequencePoint vc="4" uspid="7" ordinal="1" offset="16" sl="42" sc="3" el="42" ec="78" bec="0" bev="0" fileid="1" />
                <SequencePoint vc="4" uspid="8" ordinal="2" offset="22" sl="44" sc="4" el="44" ec="23" bec="0" bev="0" fileid="1" />
                <SequencePoint vc="4" uspid="9" ordinal="3" offset="29" sl="45" sc="4" el="45" ec="27" bec="0" bev="0" fileid="1" />
                <SequencePoint vc="4" uspid="10" ordinal="4" offset="36" sl="46" sc="3" el="46" ec="4" bec="0" bev="0" fileid="1" />
              </SequencePoints>
              <BranchPoints />
              <MethodPoint xsi:type="SequencePoint" vc="4" uspid="6" ordinal="0" offset="0" sl="39" sc="3" el="40" ec="87" bec="0" bev="0" fileid="1" />
            </Method>
            <Method visited="true" cyclomaticComplexity="5" sequenceCoverage="72.73" branchCoverage="55.56" isConstructor="false" isStatic="false" isGetter="false" isSetter="false">
              <Summary numSequencePoints="11" visitedSequencePoints="8" numBranchPoints="9" visitedBranchPoints="5" sequenceCoverage="72.73" branchCoverage="55.56" maxCyclomaticComplexity="5" minCyclomaticComplexity="5" />
              <MetadataToken>100663303</MetadataToken>
              <Name>System.Void Node.Cs.CommandHandlers.BasicNodeCommands::Run(Node.Cs.INodeExecutionContext,System.String,System.String)</Name>
              <FileRef uid="1" />
              <SequencePoints>
                <SequencePoint vc="3" uspid="11" ordinal="0" offset="0" sl="55" sc="4" el="55" ec="25" bec="2" bev="1" fileid="1" />
                <SequencePoint vc="3" uspid="12" ordinal="1" offset="3" sl="57" sc="5" el="57" ec="26" bec="0" bev="0" fileid="1" />
                <SequencePoint vc="3" uspid="13" ordinal="2" offset="10" sl="59" sc="4" el="59" ec="101" bec="0" bev="0" fileid="1" />
                <SequencePoint vc="3" uspid="14" ordinal="3" offset="37" sl="60" sc="4" el="60" ec="141" bec="0" bev="0" fileid="1" />
                <SequencePoint vc="3" uspid="15" ordinal="4" offset="97" sl="61" sc="4" el="61" ec="35" bec="2" bev="2" fileid="1" />
                <SequencePoint vc="1" uspid="16" ordinal="5" offset="105" sl="63" sc="5" el="63" ec="62" bec="0" bev="0" fileid="1" />
                <SequencePoint vc="2" uspid="17" ordinal="6" offset="117" sl="65" sc="4" el="65" ec="68" bec="2" bev="1" fileid="1" />
                <SequencePoint vc="2" uspid="18" ordinal="7" offset="140" sl="67" sc="5" el="67" ec="50" bec="0" bev="0" fileid="1" />
                <SequencePoint vc="0" uspid="19" ordinal="8" offset="150" sl="69" sc="9" el="69" ec="74" bec="2" bev="0" fileid="1" />
                <SequencePoint vc="0" uspid="20" ordinal="9" offset="173" sl="71" sc="5" el="71" ec="41" bec="0" bev="0" fileid="1" />
                <SequencePoint vc="0" uspid="21" ordinal="10" offset="179" sl="75" sc="5" el="75" ec="39" bec="0" bev="0" fileid="1" />
              </SequencePoints>
              <BranchPoints>
                <BranchPoint vc="3" uspid="22" ordinal="0" offset="1" sl="55" path="0" offsetend="3" fileid="1" />
                <BranchPoint vc="0" uspid="23" ordinal="1" offset="1" sl="55" path="1" offsetend="10" fileid="1" />
                <BranchPoint vc="1" uspid="24" ordinal="2" offset="103" sl="61" path="0" offsetend="105" fileid="1" />
                <BranchPoint vc="2" uspid="25" ordinal="3" offset="103" sl="61" path="1" offsetend="117" fileid="1" />
                <BranchPoint vc="2" uspid="26" ordinal="4" offset="138" sl="65" path="0" offsetend="140" fileid="1" />
                <BranchPoint vc="0" uspid="27" ordinal="5" offset="138" sl="65" path="1" offsetend="150" fileid="1" />
                <BranchPoint vc="0" uspid="28" ordinal="6" offset="171" sl="69" path="0" offsetend="173" fileid="1" />
                <BranchPoint vc="0" uspid="29" ordinal="7" offset="171" sl="69" path="1" offsetend="179" fileid="1" />
              </BranchPoints>
              <MethodPoint xsi:type="SequencePoint" vc="3" uspid="11" ordinal="0" offset="0" sl="55" sc="4" el="55" ec="25" bec="2" bev="1" fileid="1" />
            </Method>
            <Method visited="true" cyclomaticComplexity="1" sequenceCoverage="100" branchCoverage="100" isConstructor="false" isStatic="false" isGetter="false" isSetter="false">
              <Summary numSequencePoints="2" visitedSequencePoints="2" numBranchPoints="1" visitedBranchPoints="1" sequenceCoverage="100" branchCoverage="100" maxCyclomaticComplexity="1" minCyclomaticComplexity="1" />
              <MetadataToken>100663304</MetadataToken>
              <Name>System.Void Node.Cs.CommandHandlers.BasicNodeCommands::Echo(Node.Cs.INodeExecutionContext,System.String)</Name>
              <FileRef uid="1" />
              <SequencePoints>
                <SequencePoint vc="1" uspid="30" ordinal="0" offset="0" sl="81" sc="4" el="81" ec="32" bec="0" bev="0" fileid="1" />
                <SequencePoint vc="1" uspid="31" ordinal="1" offset="18" sl="82" sc="3" el="82" ec="4" bec="0" bev="0" fileid="1" />
              </SequencePoints>
              <BranchPoints />
              <MethodPoint xsi:type="SequencePoint" vc="1" uspid="30" ordinal="0" offset="0" sl="81" sc="4" el="81" ec="32" bec="0" bev="0" fileid="1" />
            </Method>
            <Method visited="false" cyclomaticComplexity="1" sequenceCoverage="0" branchCoverage="0" isConstructor="false" isStatic="false" isGetter="false" isSetter="false">
              <Summary numSequencePoints="2" visitedSequencePoints="0" numBranchPoints="1" visitedBranchPoints="0" sequenceCoverage="0" branchCoverage="0" maxCyclomaticComplexity="1" minCyclomaticComplexity="1" />
              <MetadataToken>100663305</MetadataToken>
              <Name>System.Void Node.Cs.CommandHandlers.BasicNodeCommands::Exit(Node.Cs.INodeExecutionContext,System.Int32)</Name>
              <FileRef uid="1" />
              <SequencePoints>
                <SequencePoint vc="0" uspid="32" ordinal="0" offset="0" sl="86" sc="4" el="86" ec="32" bec="0" bev="0" fileid="1" />
                <SequencePoint vc="0" uspid="33" ordinal="1" offset="6" sl="87" sc="3" el="87" ec="4" bec="0" bev="0" fileid="1" />
              </SequencePoints>
              <BranchPoints />
              <MethodPoint xsi:type="SequencePoint" vc="0" uspid="32" ordinal="0" offset="0" sl="86" sc="4" el="86" ec="32" bec="0" bev="0" fileid="1" />
            </Method>
            <Method visited="true" cyclomaticComplexity="11" sequenceCoverage="56.10" branchCoverage="33.33" isConstructor="false" isStatic="false" isGetter="false" isSetter="false">
              <Summary numSequencePoints="41" visitedSequencePoints="23" numBranchPoints="21" visitedBranchPoints="7" sequenceCoverage="56.10" branchCoverage="33.33" maxCyclomaticComplexity="11" minCyclomaticComplexity="11" />
              <MetadataToken>100663306</MetadataToken>
              <Name>System.Void Node.Cs.CommandHandlers.BasicNodeCommands::RunAndBuild(System.String,Node.Cs.INodeExecutionContext,System.String)</Name>
              <FileRef uid="1" />
              <SequencePoints>
                <SequencePoint vc="2" uspid="34" ordinal="0" offset="21" sl="91" sc="4" el="91" ec="38" bec="0" bev="0" fileid="1" />
                <SequencePoint vc="2" uspid="35" ordinal="1" offset="27" sl="92" sc="4" el="92" ec="79" bec="0" bev="0" fileid="1" />
                <SequencePoint vc="2" uspid="36" ordinal="2" offset="49" sl="93" sc="4" el="93" ec="37" bec="0" bev="0" fileid="1" />
                <SequencePoint vc="2" uspid="37" ordinal="3" offset="61" sl="94" sc="4" el="94" ec="40" bec="0" bev="0" fileid="1" />
                <SequencePoint vc="2" uspid="38" ordinal="4" offset="73" sl="98" sc="5" el="98" ec="38" bec="2" bev="1" fileid="1" />
                <SequencePoint vc="0" uspid="39" ordinal="5" offset="87" sl="100" sc="6" el="100" ec="33" bec="0" bev="0" fileid="1" />
                <SequencePoint vc="0" uspid="40" ordinal="6" offset="101" sl="101" sc="6" el="101" ec="54" bec="2" bev="0" fileid="1" />
                <SequencePoint vc="0" uspid="41" ordinal="7" offset="121" sl="103" sc="7" el="103" ec="31" bec="0" bev="0" fileid="1" />
                <SequencePoint vc="2" uspid="42" ordinal="8" offset="134" sl="106" sc="5" el="106" ec="39" bec="2" bev="1" fileid="1" />
                <SequencePoint vc="2" uspid="43" ordinal="9" offset="151" sl="108" sc="6" el="108" ec="94" bec="0" bev="0" fileid="1" />
                <SequencePoint vc="2" uspid="44" ordinal="10" offset="210" sl="110" sc="6" el="113" ec="8" bec="0" bev="0" fileid="1" />
                <SequencePoint vc="2" uspid="45" ordinal="11" offset="236" sl="114" sc="6" el="114" ec="51" bec="0" bev="0" fileid="1" />
                <SequencePoint vc="2" uspid="46" ordinal="12" offset="249" sl="115" sc="6" el="115" ec="33" bec="0" bev="0" fileid="1" />
                <SequencePoint vc="2" uspid="47" ordinal="13" offset="256" sl="116" sc="6" el="116" ec="37" bec="0" bev="0" fileid="1" />
                <SequencePoint vc="2" uspid="48" ordinal="14" offset="265" sl="117" sc="6" el="117" ec="23" bec="2" bev="1" fileid="1" />
                <SequencePoint vc="0" uspid="49" ordinal="15" offset="277" sl="119" sc="7" el="119" ec="40" bec="0" bev="0" fileid="1" />
                <SequencePoint vc="0" uspid="50" ordinal="16" offset="284" sl="120" sc="7" el="120" ec="57" bec="0" bev="0" fileid="1" />
                <SequencePoint vc="0" uspid="51" ordinal="17" offset="297" sl="121" sc="33" el="121" ec="42" bec="0" bev="0" fileid="1" />
                <SequencePoint vc="0" uspid="52" ordinal="18" offset="313" sl="121" sc="16" el="121" ec="29" bec="0" bev="0" fileid="1" />
                <SequencePoint vc="0" uspid="53" ordinal="19" offset="322" sl="123" sc="8" el="123" ec="40" bec="0" bev="0" fileid="1" />
                <SequencePoint vc="0" uspid="54" ordinal="20" offset="326" sl="124" sc="30" el="124" ec="45" bec="0" bev="0" fileid="1" />
                <SequencePoint vc="0" uspid="55" ordinal="21" offset="337" sl="124" sc="17" el="124" ec="26" bec="0" bev="0" fileid="1" />
                <SequencePoint vc="0" uspid="56" ordinal="22" offset="346" sl="126" sc="9" el="126" ec="35" bec="2" bev="0" fileid="1" />
                <SequencePoint vc="0" uspid="57" ordinal="23" offset="357" sl="128" sc="10" el="128" ec="46" bec="0" bev="0" fileid="1" />
                <SequencePoint vc="0" uspid="58" ordinal="24" offset="373" sl="129" sc="10" el="129" ec="26" bec="0" bev="0" fileid="1" />
                <SequencePoint vc="0" uspid="59" ordinal="25" offset="383" sl="124" sc="27" el="124" ec="29" bec="2" bev="0" fileid="1" />
                <SequencePoint vc="0" uspid="60" ordinal="26" offset="408" sl="121" sc="30" el="121" ec="32" bec="2" bev="0" fileid="1" />
                <SequencePoint vc="0" uspid="61" ordinal="27" offset="433" sl="133" sc="7" el="133" ec="65" bec="0" bev="0" fileid="1" />
                <SequencePoint vc="2" uspid="62" ordinal="28" offset="456" sl="135" sc="6" el="135" ec="54" bec="0" bev="0" fileid="1" />
                <SequencePoint vc="2" uspid="63" ordinal="29" offset="464" sl="136" sc="6" el="136" ec="58" bec="0" bev="0" fileid="1" />
                <SequencePoint vc="2" uspid="64" ordinal="30" offset="473" sl="137" sc="6" el="139" ec="130" bec="2" bev="1" fileid="1" />
                <SequencePoint vc="2" uspid="65" ordinal="31" offset="508" sl="140" sc="6" el="144" ec="9" bec="0" bev="0" fileid="1" />
                <SequencePoint vc="2" uspid="66" ordinal="32" offset="551" sl="145" sc="6" el="145" ec="68" bec="0" bev="0" fileid="1" />
                <SequencePoint vc="0" uspid="67" ordinal="33" offset="591" sl="149" sc="6" el="149" ec="33" bec="0" bev="0" fileid="1" />
                <SequencePoint vc="0" uspid="68" ordinal="34" offset="605" sl="150" sc="6" el="150" ec="22" bec="0" bev="0" fileid="1" />
                <SequencePoint vc="2" uspid="69" ordinal="35" offset="614" sl="153" sc="5" el="153" ec="45" bec="0" bev="0" fileid="1" />
                <SequencePoint vc="2" uspid="70" ordinal="36" offset="629" sl="154" sc="5" el="154" ec="143" bec="2" bev="1" fileid="1" />
                <SequencePoint vc="2" uspid="71" ordinal="37" offset="669" sl="155" sc="5" el="155" ec="51" bec="0" bev="0" fileid="1" />
                <SequencePoint vc="2" uspid="72" ordinal="38" offset="687" sl="159" sc="5" el="159" ec="37" bec="2" bev="1" fileid="1" />
                <SequencePoint vc="2" uspid="73" ordinal="39" offset="695" sl="161" sc="6" el="161" ec="34" bec="0" bev="0" fileid="1" />
                <SequencePoint vc="2" uspid="74" ordinal="40" offset="702" sl="164" sc="3" el="164" ec="4" bec="0" bev="0" fileid="1" />
              </SequencePoints>
              <BranchPoints>
                <BranchPoint vc="0" uspid="75" ordinal="0" offset="85" sl="98" path="0" offsetend="87" fileid="1" />
                <BranchPoint vc="2" uspid="76" ordinal="1" offset="85" sl="98" path="1" offsetend="134" fileid="1" />
                <BranchPoint vc="0" uspid="77" ordinal="2" offset="119" sl="101" path="0" offsetend="121" fileid="1" />
                <BranchPoint vc="0" uspid="78" ordinal="3" offset="119" sl="101" path="1" offsetend="134" fileid="1" />
                <BranchPoint vc="2" uspid="79" ordinal="4" offset="146" sl="106" path="0" offsetend="151" fileid="1" />
                <BranchPoint vc="0" uspid="80" ordinal="5" offset="146" sl="106" path="1" offsetend="591" fileid="1" />
                <BranchPoint vc="0" uspid="81" ordinal="6" offset="272" sl="117" path="0" offsetend="277" fileid="1" />
                <BranchPoint vc="2" uspid="82" ordinal="7" offset="272" sl="117" path="1" offsetend="456" fileid="1" />
                <BranchPoint vc="0" uspid="83" ordinal="8" offset="355" sl="126" path="0" offsetend="357" fileid="1" />
                <BranchPoint vc="0" uspid="84" ordinal="9" offset="355" sl="126" path="1" offsetend="383" fileid="1" />
                <BranchPoint vc="0" uspid="85" ordinal="10" offset="390" sl="124" path="0" offsetend="392" fileid="1" />
                <BranchPoint vc="0" uspid="86" ordinal="11" offset="390" sl="124" path="1" offsetend="337" fileid="1" />
                <BranchPoint vc="0" uspid="87" ordinal="12" offset="415" sl="121" path="0" offsetend="417" fileid="1" />
                <BranchPoint vc="0" uspid="88" ordinal="13" offset="415" sl="121" path="1" offsetend="313" fileid="1" />
                <BranchPoint vc="2" uspid="89" ordinal="14" offset="482" sl="137" path="0" offsetend="484" fileid="1" />
                <BranchPoint vc="0" uspid="90" ordinal="15" offset="482" sl="137" path="1" offsetend="499" fileid="1" />
                <BranchPoint vc="2" uspid="91" ordinal="16" offset="643" sl="154" path="0" offsetend="645" fileid="1" />
                <BranchPoint vc="0" uspid="92" ordinal="17" offset="643" sl="154" path="1" offsetend="660" fileid="1" />
                <BranchPoint vc="2" uspid="93" ordinal="18" offset="693" sl="159" path="0" offsetend="695" fileid="1" />
                <BranchPoint vc="0" uspid="94" ordinal="19" offset="693" sl="159" path="1" offsetend="701" fileid="1" />
              </BranchPoints>
              <MethodPoint vc="2" uspid="95" ordinal="0" offset="0" />
            </Method>
          </Methods>
        </Class>
        <Class>
          <Summary numSequencePoints="3" visitedSequencePoints="3" numBranchPoints="3" visitedBranchPoints="3" sequenceCoverage="100" branchCoverage="100" maxCyclomaticComplexity="1" minCyclomaticComplexity="1" />
          <FullName>Node.Cs.CommandHandlers.BasicNodeCommands/&lt;&gt;c__DisplayClass7</FullName>
          <Methods>
            <Method visited="true" cyclomaticComplexity="1" sequenceCoverage="0" branchCoverage="0" isConstructor="true" isStatic="false" isGetter="false" isSetter="false">
              <Summary numSequencePoints="0" visitedSequencePoints="0" numBranchPoints="0" visitedBranchPoints="0" sequenceCoverage="0" branchCoverage="0" maxCyclomaticComplexity="1" minCyclomaticComplexity="1" />
              <MetadataToken>100663337</MetadataToken>
              <Name>System.Void Node.Cs.CommandHandlers.BasicNodeCommands/&lt;&gt;c__DisplayClass7::.ctor()</Name>
              <SequencePoints />
              <BranchPoints />
              <MethodPoint vc="2" uspid="96" ordinal="0" offset="0" />
            </Method>
            <Method visited="true" cyclomaticComplexity="1" sequenceCoverage="100" branchCoverage="100" isConstructor="false" isStatic="false" isGetter="false" isSetter="false">
              <Summary numSequencePoints="1" visitedSequencePoints="1" numBranchPoints="1" visitedBranchPoints="1" sequenceCoverage="100" branchCoverage="100" maxCyclomaticComplexity="1" minCyclomaticComplexity="1" />
              <MetadataToken>100663338</MetadataToken>
              <Name>System.Boolean Node.Cs.CommandHandlers.BasicNodeCommands/&lt;&gt;c__DisplayClass7::&lt;RunAndBuild&gt;b__2(System.Type)</Name>
              <FileRef uid="1" />
              <SequencePoints>
                <SequencePoint vc="2" uspid="97" ordinal="0" offset="0" sl="139" sc="27" el="139" ec="128" bec="0" bev="0" fileid="1" />
              </SequencePoints>
              <BranchPoints />
              <MethodPoint xsi:type="SequencePoint" vc="2" uspid="97" ordinal="0" offset="0" sl="139" sc="27" el="139" ec="128" bec="0" bev="0" fileid="1" />
            </Method>
            <Method visited="true" cyclomaticComplexity="1" sequenceCoverage="100" branchCoverage="100" isConstructor="false" isStatic="false" isGetter="false" isSetter="false">
              <Summary numSequencePoints="1" visitedSequencePoints="1" numBranchPoints="1" visitedBranchPoints="1" sequenceCoverage="100" branchCoverage="100" maxCyclomaticComplexity="1" minCyclomaticComplexity="1" />
              <MetadataToken>100663339</MetadataToken>
              <Name>System.Boolean Node.Cs.CommandHandlers.BasicNodeCommands/&lt;&gt;c__DisplayClass7::&lt;RunAndBuild&gt;b__4(System.Reflection.MethodInfo)</Name>
              <FileRef uid="1" />
              <SequencePoints>
                <SequencePoint vc="2" uspid="98" ordinal="0" offset="0" sl="154" sc="65" el="154" ec="141" bec="0" bev="0" fileid="1" />
              </SequencePoints>
              <BranchPoints />
              <MethodPoint xsi:type="SequencePoint" vc="2" uspid="98" ordinal="0" offset="0" sl="154" sc="65" el="154" ec="141" bec="0" bev="0" fileid="1" />
            </Method>
            <Method visited="true" cyclomaticComplexity="1" sequenceCoverage="100" branchCoverage="100" isConstructor="false" isStatic="false" isGetter="false" isSetter="false">
              <Summary numSequencePoints="1" visitedSequencePoints="1" numBranchPoints="1" visitedBranchPoints="1" sequenceCoverage="100" branchCoverage="100" maxCyclomaticComplexity="1" minCyclomaticComplexity="1" />
              <MetadataToken>100663340</MetadataToken>
              <Name>System.Boolean Node.Cs.CommandHandlers.BasicNodeCommands/&lt;&gt;c__DisplayClass7::&lt;RunAndBuild&gt;b__3(System.Reflection.MethodInfo)</Name>
              <FileRef uid="1" />
              <SequencePoints>
                <SequencePoint vc="2" uspid="99" ordinal="0" offset="0" sl="139" sc="51" el="139" ec="127" bec="0" bev="0" fileid="1" />
              </SequencePoints>
              <BranchPoints />
              <MethodPoint xsi:type="SequencePoint" vc="2" uspid="99" ordinal="0" offset="0" sl="139" sc="51" el="139" ec="127" bec="0" bev="0" fileid="1" />
            </Method>
          </Methods>
        </Class>
        <Class>
          <Summary numSequencePoints="7" visitedSequencePoints="0" numBranchPoints="4" visitedBranchPoints="0" sequenceCoverage="0" branchCoverage="0" maxCyclomaticComplexity="1" minCyclomaticComplexity="1" />
          <FullName>Node.Cs.Consoles.BasicNodeConsole</FullName>
          <Methods>
            <Method visited="false" cyclomaticComplexity="1" sequenceCoverage="0" branchCoverage="0" isConstructor="false" isStatic="false" isGetter="false" isSetter="false">
              <Summary numSequencePoints="2" visitedSequencePoints="0" numBranchPoints="1" visitedBranchPoints="0" sequenceCoverage="0" branchCoverage="0" maxCyclomaticComplexity="1" minCyclomaticComplexity="1" />
              <MetadataToken>100663307</MetadataToken>
              <Name>System.Void Node.Cs.Consoles.BasicNodeConsole::Write(System.String,System.Object[])</Name>
              <FileRef uid="3" />
              <SequencePoints>
                <SequencePoint vc="0" uspid="100" ordinal="0" offset="0" sl="24" sc="13" el="24" ec="59" bec="0" bev="0" fileid="3" />
                <SequencePoint vc="0" uspid="101" ordinal="1" offset="7" sl="25" sc="9" el="25" ec="10" bec="0" bev="0" fileid="3" />
              </SequencePoints>
              <BranchPoints />
              <MethodPoint xsi:type="SequencePoint" vc="0" uspid="100" ordinal="0" offset="0" sl="24" sc="13" el="24" ec="59" bec="0" bev="0" fileid="3" />
            </Method>
            <Method visited="false" cyclomaticComplexity="1" sequenceCoverage="0" branchCoverage="0" isConstructor="false" isStatic="false" isGetter="false" isSetter="false">
              <Summary numSequencePoints="2" visitedSequencePoints="0" numBranchPoints="1" visitedBranchPoints="0" sequenceCoverage="0" branchCoverage="0" maxCyclomaticComplexity="1" minCyclomaticComplexity="1" />
              <MetadataToken>100663308</MetadataToken>
              <Name>System.Void Node.Cs.Consoles.BasicNodeConsole::WriteLine(System.String,System.Object[])</Name>
              <FileRef uid="3" />
              <SequencePoints>
                <SequencePoint vc="0" uspid="102" ordinal="0" offset="0" sl="29" sc="13" el="29" ec="63" bec="0" bev="0" fileid="3" />
                <SequencePoint vc="0" uspid="103" ordinal="1" offset="7" sl="30" sc="9" el="30" ec="10" bec="0" bev="0" fileid="3" />
              </SequencePoints>
              <BranchPoints />
              <MethodPoint xsi:type="SequencePoint" vc="0" uspid="102" ordinal="0" offset="0" sl="29" sc="13" el="29" ec="63" bec="0" bev="0" fileid="3" />
            </Method>
            <Method visited="false" cyclomaticComplexity="1" sequenceCoverage="0" branchCoverage="0" isConstructor="false" isStatic="false" isGetter="false" isSetter="false">
              <Summary numSequencePoints="1" visitedSequencePoints="0" numBranchPoints="1" visitedBranchPoints="0" sequenceCoverage="0" branchCoverage="0" maxCyclomaticComplexity="1" minCyclomaticComplexity="1" />
              <MetadataToken>100663309</MetadataToken>
              <Name>System.String Node.Cs.Consoles.BasicNodeConsole::ReadLine()</Name>
              <FileRef uid="3" />
              <SequencePoints>
                <SequencePoint vc="0" uspid="104" ordinal="0" offset="0" sl="34" sc="13" el="34" ec="39" bec="0" bev="0" fileid="3" />
              </SequencePoints>
              <BranchPoints />
              <MethodPoint xsi:type="SequencePoint" vc="0" uspid="104" ordinal="0" offset="0" sl="34" sc="13" el="34" ec="39" bec="0" bev="0" fileid="3" />
            </Method>
            <Method visited="false" cyclomaticComplexity="1" sequenceCoverage="0" branchCoverage="0" isConstructor="false" isStatic="false" isGetter="false" isSetter="false">
              <Summary numSequencePoints="2" visitedSequencePoints="0" numBranchPoints="1" visitedBranchPoints="0" sequenceCoverage="0" branchCoverage="0" maxCyclomaticComplexity="1" minCyclomaticComplexity="1" />
              <MetadataToken>100663310</MetadataToken>
              <Name>System.Void Node.Cs.Consoles.BasicNodeConsole::Exit(System.Int32)</Name>
              <FileRef uid="3" />
              <SequencePoints>
                <SequencePoint vc="0" uspid="105" ordinal="0" offset="0" sl="39" sc="13" el="39" ec="41" bec="0" bev="0" fileid="3" />
                <SequencePoint vc="0" uspid="106" ordinal="1" offset="6" sl="40" sc="9" el="40" ec="10" bec="0" bev="0" fileid="3" />
              </SequencePoints>
              <BranchPoints />
              <MethodPoint xsi:type="SequencePoint" vc="0" uspid="105" ordinal="0" offset="0" sl="39" sc="13" el="39" ec="41" bec="0" bev="0" fileid="3" />
            </Method>
            <Method visited="false" cyclomaticComplexity="1" sequenceCoverage="0" branchCoverage="0" isConstructor="true" isStatic="false" isGetter="false" isSetter="false">
              <Summary numSequencePoints="0" visitedSequencePoints="0" numBranchPoints="0" visitedBranchPoints="0" sequenceCoverage="0" branchCoverage="0" maxCyclomaticComplexity="1" minCyclomaticComplexity="1" />
              <MetadataToken>100663311</MetadataToken>
              <Name>System.Void Node.Cs.Consoles.BasicNodeConsole::.ctor()</Name>
              <SequencePoints />
              <BranchPoints />
              <MethodPoint vc="0" uspid="107" ordinal="0" offset="0" />
            </Method>
          </Methods>
        </Class>
        <Class>
          <Summary numSequencePoints="40" visitedSequencePoints="35" numBranchPoints="16" visitedBranchPoints="12" sequenceCoverage="87.5" branchCoverage="75" maxCyclomaticComplexity="3" minCyclomaticComplexity="1" />
          <FullName>Node.Cs.NodeCsEntryPoint</FullName>
          <Methods>
            <Method visited="true" cyclomaticComplexity="1" sequenceCoverage="100" branchCoverage="100" isConstructor="true" isStatic="false" isGetter="false" isSetter="false">
              <Summary numSequencePoints="8" visitedSequencePoints="8" numBranchPoints="1" visitedBranchPoints="1" sequenceCoverage="100" branchCoverage="100" maxCyclomaticComplexity="1" minCyclomaticComplexity="1" />
              <MetadataToken>100663312</MetadataToken>
              <Name>System.Void Node.Cs.NodeCsEntryPoint::.ctor(GenericHelpers.CommandLineParser,Castle.Windsor.WindsorContainer)</Name>
              <FileRef uid="4" />
              <SequencePoints>
                <SequencePoint vc="4" uspid="108" ordinal="0" offset="0" sl="34" sc="3" el="34" ec="78" bec="0" bev="0" fileid="4" />
                <SequencePoint vc="4" uspid="109" ordinal="1" offset="6" sl="36" sc="4" el="36" ec="44" bec="0" bev="0" fileid="4" />
                <SequencePoint vc="4" uspid="110" ordinal="2" offset="12" sl="37" sc="4" el="37" ec="43" bec="0" bev="0" fileid="4" />
                <SequencePoint vc="4" uspid="111" ordinal="3" offset="24" sl="38" sc="4" el="38" ec="67" bec="0" bev="0" fileid="4" />
                <SequencePoint vc="4" uspid="112" ordinal="4" offset="40" sl="39" sc="4" el="39" ec="67" bec="0" bev="0" fileid="4" />
                <SequencePoint vc="4" uspid="113" ordinal="5" offset="56" sl="40" sc="4" el="40" ec="27" bec="0" bev="0" fileid="4" />
                <SequencePoint vc="4" uspid="114" ordinal="6" offset="63" sl="41" sc="4" el="46" ec="14" bec="0" bev="0" fileid="4" />
                <SequencePoint vc="4" uspid="115" ordinal="7" offset="103" sl="47" sc="3" el="47" ec="4" bec="0" bev="0" fileid="4" />
              </SequencePoints>
              <BranchPoints />
              <MethodPoint xsi:type="SequencePoint" vc="4" uspid="108" ordinal="0" offset="0" sl="34" sc="3" el="34" ec="78" bec="0" bev="0" fileid="4" />
            </Method>
            <Method visited="true" cyclomaticComplexity="2" sequenceCoverage="80" branchCoverage="66.67" isConstructor="false" isStatic="false" isGetter="false" isSetter="false">
              <Summary numSequencePoints="5" visitedSequencePoints="4" numBranchPoints="3" visitedBranchPoints="2" sequenceCoverage="80" branchCoverage="66.67" maxCyclomaticComplexity="2" minCyclomaticComplexity="2" />
              <MetadataToken>100663313</MetadataToken>
              <Name>System.Void Node.Cs.NodeCsEntryPoint::Run(System.Boolean)</Name>
              <FileRef uid="4" />
              <SequencePoints>
                <SequencePoint vc="4" uspid="116" ordinal="0" offset="0" sl="51" sc="4" el="51" ec="17" bec="0" bev="0" fileid="4" />
                <SequencePoint vc="4" uspid="117" ordinal="1" offset="6" sl="53" sc="4" el="53" ec="18" bec="2" bev="1" fileid="4" />
                <SequencePoint vc="0" uspid="118" ordinal="2" offset="9" sl="55" sc="5" el="55" ec="20" bec="0" bev="0" fileid="4" />
                <SequencePoint vc="4" uspid="119" ordinal="3" offset="15" sl="59" sc="5" el="59" ec="24" bec="0" bev="0" fileid="4" />
                <SequencePoint vc="4" uspid="120" ordinal="4" offset="21" sl="61" sc="3" el="61" ec="4" bec="0" bev="0" fileid="4" />
              </SequencePoints>
              <BranchPoints>
                <BranchPoint vc="0" uspid="121" ordinal="0" offset="7" sl="53" path="0" offsetend="9" fileid="4" />
                <BranchPoint vc="4" uspid="122" ordinal="1" offset="7" sl="53" path="1" offsetend="15" fileid="4" />
              </BranchPoints>
              <MethodPoint xsi:type="SequencePoint" vc="4" uspid="116" ordinal="0" offset="0" sl="51" sc="4" el="51" ec="17" bec="0" bev="0" fileid="4" />
            </Method>
            <Method visited="false" cyclomaticComplexity="1" sequenceCoverage="0" branchCoverage="0" isConstructor="false" isStatic="false" isGetter="false" isSetter="false">
              <Summary numSequencePoints="1" visitedSequencePoints="0" numBranchPoints="1" visitedBranchPoints="0" sequenceCoverage="0" branchCoverage="0" maxCyclomaticComplexity="1" minCyclomaticComplexity="1" />
              <MetadataToken>100663314</MetadataToken>
              <Name>System.Boolean Node.Cs.NodeCsEntryPoint::ShouldContinueRunning()</Name>
              <FileRef uid="4" />
              <SequencePoints>
                <SequencePoint vc="0" uspid="123" ordinal="0" offset="0" sl="65" sc="4" el="65" ec="16" bec="0" bev="0" fileid="4" />
              </SequencePoints>
              <BranchPoints />
              <MethodPoint xsi:type="SequencePoint" vc="0" uspid="123" ordinal="0" offset="0" sl="65" sc="4" el="65" ec="16" bec="0" bev="0" fileid="4" />
            </Method>
            <Method visited="false" cyclomaticComplexity="1" sequenceCoverage="0" branchCoverage="0" isConstructor="false" isStatic="true" isGetter="false" isSetter="false">
              <Summary numSequencePoints="1" visitedSequencePoints="0" numBranchPoints="1" visitedBranchPoints="0" sequenceCoverage="0" branchCoverage="0" maxCyclomaticComplexity="1" minCyclomaticComplexity="1" />
              <MetadataToken>100663315</MetadataToken>
              <Name>System.Void Node.Cs.NodeCsEntryPoint::RunAsService()</Name>
              <FileRef uid="4" />
              <SequencePoints>
                <SequencePoint vc="0" uspid="124" ordinal="0" offset="0" sl="70" sc="4" el="70" ec="73" bec="0" bev="0" fileid="4" />
              </SequencePoints>
              <BranchPoints />
              <MethodPoint xsi:type="SequencePoint" vc="0" uspid="124" ordinal="0" offset="0" sl="70" sc="4" el="70" ec="73" bec="0" bev="0" fileid="4" />
            </Method>
            <Method visited="true" cyclomaticComplexity="3" sequenceCoverage="100" branchCoverage="100" isConstructor="false" isStatic="false" isGetter="false" isSetter="false">
              <Summary numSequencePoints="9" visitedSequencePoints="9" numBranchPoints="5" visitedBranchPoints="5" sequenceCoverage="100" branchCoverage="100" maxCyclomaticComplexity="3" minCyclomaticComplexity="3" />
              <MetadataToken>100663316</MetadataToken>
              <Name>System.Void Node.Cs.NodeCsEntryPoint::RunAsInteractive()</Name>
              <FileRef uid="4" />
              <SequencePoints>
                <SequencePoint vc="4" uspid="125" ordinal="0" offset="0" sl="75" sc="4" el="75" ec="67" bec="0" bev="0" fileid="4" />
                <SequencePoint vc="4" uspid="126" ordinal="1" offset="12" sl="76" sc="4" el="76" ec="53" bec="0" bev="0" fileid="4" />
                <SequencePoint vc="4" uspid="127" ordinal="2" offset="26" sl="79" sc="5" el="79" ec="38" bec="0" bev="0" fileid="4" />
                <SequencePoint vc="4" uspid="128" ordinal="3" offset="33" sl="80" sc="5" el="80" ec="45" bec="2" bev="2" fileid="4" />
                <SequencePoint vc="2" uspid="129" ordinal="4" offset="41" sl="84" sc="7" el="84" ec="36" bec="0" bev="0" fileid="4" />
                <SequencePoint vc="1" uspid="130" ordinal="5" offset="50" sl="86" sc="6" el="86" ec="26" bec="0" bev="0" fileid="4" />
                <SequencePoint vc="1" uspid="131" ordinal="6" offset="51" sl="88" sc="7" el="88" ec="68" bec="0" bev="0" fileid="4" />
                <SequencePoint vc="8" uspid="132" ordinal="7" offset="89" sl="77" sc="4" el="77" ec="35" bec="2" bev="2" fileid="4" />
                <SequencePoint vc="4" uspid="133" ordinal="8" offset="97" sl="92" sc="3" el="92" ec="4" bec="0" bev="0" fileid="4" />
              </SequencePoints>
              <BranchPoints>
                <BranchPoint vc="2" uspid="134" ordinal="0" offset="39" sl="80" path="0" offsetend="41" fileid="4" />
                <BranchPoint vc="2" uspid="135" ordinal="1" offset="39" sl="80" path="1" offsetend="89" fileid="4" />
                <BranchPoint vc="4" uspid="136" ordinal="2" offset="95" sl="77" path="0" offsetend="97" fileid="4" />
                <BranchPoint vc="4" uspid="137" ordinal="3" offset="95" sl="77" path="1" offsetend="26" fileid="4" />
              </BranchPoints>
              <MethodPoint xsi:type="SequencePoint" vc="4" uspid="125" ordinal="0" offset="0" sl="75" sc="4" el="75" ec="67" bec="0" bev="0" fileid="4" />
            </Method>
            <Method visited="true" cyclomaticComplexity="1" sequenceCoverage="100" branchCoverage="100" isConstructor="false" isStatic="false" isGetter="false" isSetter="false">
              <Summary numSequencePoints="4" visitedSequencePoints="4" numBranchPoints="1" visitedBranchPoints="1" sequenceCoverage="100" branchCoverage="100" maxCyclomaticComplexity="1" minCyclomaticComplexity="1" />
              <MetadataToken>100663317</MetadataToken>
              <Name>System.Void Node.Cs.NodeCsEntryPoint::Initialize()</Name>
              <FileRef uid="4" />
              <SequencePoints>
                <SequencePoint vc="4" uspid="138" ordinal="0" offset="0" sl="96" sc="4" el="99" ec="31" bec="0" bev="0" fileid="4" />
                <SequencePoint vc="4" uspid="139" ordinal="1" offset="44" sl="101" sc="4" el="101" ec="28" bec="0" bev="0" fileid="4" />
                <SequencePoint vc="4" uspid="140" ordinal="2" offset="50" sl="102" sc="4" el="102" ec="32" bec="0" bev="0" fileid="4" />
                <SequencePoint vc="4" uspid="141" ordinal="3" offset="56" sl="103" sc="3" el="103" ec="4" bec="0" bev="0" fileid="4" />
              </SequencePoints>
              <BranchPoints />
              <MethodPoint xsi:type="SequencePoint" vc="4" uspid="138" ordinal="0" offset="0" sl="96" sc="4" el="99" ec="31" bec="0" bev="0" fileid="4" />
            </Method>
            <Method visited="true" cyclomaticComplexity="1" sequenceCoverage="100" branchCoverage="100" isConstructor="false" isStatic="false" isGetter="false" isSetter="false">
              <Summary numSequencePoints="7" visitedSequencePoints="7" numBranchPoints="1" visitedBranchPoints="1" sequenceCoverage="100" branchCoverage="100" maxCyclomaticComplexity="1" minCyclomaticComplexity="1" />
              <MetadataToken>100663318</MetadataToken>
              <Name>System.Void Node.Cs.NodeCsEntryPoint::SetupMainDependencies()</Name>
              <FileRef uid="4" />
              <SequencePoints>
                <SequencePoint vc="4" uspid="142" ordinal="0" offset="0" sl="107" sc="4" el="111" ec="28" bec="0" bev="0" fileid="4" />
                <SequencePoint vc="4" uspid="143" ordinal="1" offset="43" sl="113" sc="4" el="117" ec="28" bec="0" bev="0" fileid="4" />
                <SequencePoint vc="4" uspid="144" ordinal="2" offset="86" sl="119" sc="4" el="123" ec="28" bec="0" bev="0" fileid="4" />
                <SequencePoint vc="4" uspid="145" ordinal="3" offset="129" sl="125" sc="4" el="129" ec="28" bec="0" bev="0" fileid="4" />
                <SequencePoint vc="4" uspid="146" ordinal="4" offset="172" sl="131" sc="4" el="134" ec="31" bec="0" bev="0" fileid="4" />
                <SequencePoint vc="4" uspid="147" ordinal="5" offset="214" sl="136" sc="4" el="140" ec="8" bec="0" bev="0" fileid="4" />
                <SequencePoint vc="4" uspid="148" ordinal="6" offset="255" sl="141" sc="3" el="141" ec="4" bec="0" bev="0" fileid="4" />
              </SequencePoints>
              <BranchPoints />
              <MethodPoint xsi:type="SequencePoint" vc="4" uspid="142" ordinal="0" offset="0" sl="107" sc="4" el="111" ec="28" bec="0" bev="0" fileid="4" />
            </Method>
            <Method visited="true" cyclomaticComplexity="2" sequenceCoverage="60" branchCoverage="66.67" isConstructor="false" isStatic="false" isGetter="false" isSetter="false">
              <Summary numSequencePoints="5" visitedSequencePoints="3" numBranchPoints="3" visitedBranchPoints="2" sequenceCoverage="60" branchCoverage="66.67" maxCyclomaticComplexity="2" minCyclomaticComplexity="2" />
              <MetadataToken>100663319</MetadataToken>
              <Name>System.Void Node.Cs.NodeCsEntryPoint::PreInitializeBasicModules()</Name>
              <FileRef uid="4" />
              <SequencePoints>
                <SequencePoint vc="4" uspid="149" ordinal="0" offset="0" sl="145" sc="32" el="145" ec="68" bec="0" bev="0" fileid="4" />
                <SequencePoint vc="0" uspid="150" ordinal="1" offset="16" sl="145" sc="13" el="145" ec="28" bec="0" bev="0" fileid="4" />
                <SequencePoint vc="0" uspid="151" ordinal="2" offset="20" sl="147" sc="5" el="147" ec="33" bec="0" bev="0" fileid="4" />
                <SequencePoint vc="4" uspid="152" ordinal="3" offset="30" sl="145" sc="29" el="145" ec="31" bec="2" bev="1" fileid="4" />
                <SequencePoint vc="4" uspid="153" ordinal="4" offset="36" sl="149" sc="3" el="149" ec="4" bec="0" bev="0" fileid="4" />
              </SequencePoints>
              <BranchPoints>
                <BranchPoint vc="4" uspid="154" ordinal="0" offset="34" sl="145" path="0" offsetend="36" fileid="4" />
                <BranchPoint vc="0" uspid="155" ordinal="1" offset="34" sl="145" path="1" offsetend="16" fileid="4" />
              </BranchPoints>
              <MethodPoint xsi:type="SequencePoint" vc="4" uspid="149" ordinal="0" offset="0" sl="145" sc="32" el="145" ec="68" bec="0" bev="0" fileid="4" />
            </Method>
          </Methods>
        </Class>
        <Class>
          <Summary numSequencePoints="7" visitedSequencePoints="7" numBranchPoints="4" visitedBranchPoints="4" sequenceCoverage="100" branchCoverage="100" maxCyclomaticComplexity="2" minCyclomaticComplexity="1" />
          <FullName>Node.Cs.NodeCsEntryPointForTest</FullName>
          <Methods>
            <Method visited="true" cyclomaticComplexity="1" sequenceCoverage="0" branchCoverage="0" isConstructor="false" isStatic="false" isGetter="true" isSetter="false">
              <Summary numSequencePoints="0" visitedSequencePoints="0" numBranchPoints="0" visitedBranchPoints="0" sequenceCoverage="0" branchCoverage="0" maxCyclomaticComplexity="1" minCyclomaticComplexity="1" />
              <MetadataToken>100663320</MetadataToken>
              <Name>System.Int32 Node.Cs.NodeCsEntryPointForTest::get_CyclesToRun()</Name>
              <SequencePoints />
              <BranchPoints />
              <MethodPoint vc="12" uspid="156" ordinal="0" offset="0" />
            </Method>
            <Method visited="true" cyclomaticComplexity="1" sequenceCoverage="0" branchCoverage="0" isConstructor="false" isStatic="false" isGetter="false" isSetter="true">
              <Summary numSequencePoints="0" visitedSequencePoints="0" numBranchPoints="0" visitedBranchPoints="0" sequenceCoverage="0" branchCoverage="0" maxCyclomaticComplexity="1" minCyclomaticComplexity="1" />
              <MetadataToken>100663321</MetadataToken>
              <Name>System.Void Node.Cs.NodeCsEntryPointForTest::set_CyclesToRun(System.Int32)</Name>
              <SequencePoints />
              <BranchPoints />
              <MethodPoint vc="8" uspid="157" ordinal="0" offset="0" />
            </Method>
            <Method visited="true" cyclomaticComplexity="1" sequenceCoverage="100" branchCoverage="100" isConstructor="true" isStatic="false" isGetter="false" isSetter="false">
              <Summary numSequencePoints="3" visitedSequencePoints="3" numBranchPoints="1" visitedBranchPoints="1" sequenceCoverage="100" branchCoverage="100" maxCyclomaticComplexity="1" minCyclomaticComplexity="1" />
              <MetadataToken>100663322</MetadataToken>
              <Name>System.Void Node.Cs.NodeCsEntryPointForTest::.ctor(GenericHelpers.CommandLineParser,Castle.Windsor.WindsorContainer,System.Int32)</Name>
              <FileRef uid="5" />
              <SequencePoints>
                <SequencePoint vc="4" uspid="158" ordinal="0" offset="0" sl="26" sc="3" el="27" ec="25" bec="0" bev="0" fileid="5" />
                <SequencePoint vc="4" uspid="159" ordinal="1" offset="8" sl="29" sc="4" el="29" ec="30" bec="0" bev="0" fileid="5" />
                <SequencePoint vc="4" uspid="160" ordinal="2" offset="15" sl="30" sc="3" el="30" ec="4" bec="0" bev="0" fileid="5" />
              </SequencePoints>
              <BranchPoints />
              <MethodPoint xsi:type="SequencePoint" vc="4" uspid="158" ordinal="0" offset="0" sl="26" sc="3" el="27" ec="25" bec="0" bev="0" fileid="5" />
            </Method>
            <Method visited="true" cyclomaticComplexity="2" sequenceCoverage="100" branchCoverage="100" isConstructor="false" isStatic="false" isGetter="false" isSetter="false">
              <Summary numSequencePoints="4" visitedSequencePoints="4" numBranchPoints="3" visitedBranchPoints="3" sequenceCoverage="100" branchCoverage="100" maxCyclomaticComplexity="2" minCyclomaticComplexity="2" />
              <MetadataToken>100663323</MetadataToken>
              <Name>System.Boolean Node.Cs.NodeCsEntryPointForTest::ShouldContinueRunning()</Name>
              <FileRef uid="5" />
              <SequencePoints>
                <SequencePoint vc="8" uspid="161" ordinal="0" offset="0" sl="34" sc="4" el="34" ec="24" bec="2" bev="2" fileid="5" />
                <SequencePoint vc="4" uspid="162" ordinal="1" offset="9" sl="36" sc="5" el="36" ec="19" bec="0" bev="0" fileid="5" />
                <SequencePoint vc="4" uspid="163" ordinal="2" offset="23" sl="37" sc="5" el="37" ec="17" bec="0" bev="0" fileid="5" />
                <SequencePoint vc="4" uspid="164" ordinal="3" offset="25" sl="39" sc="4" el="39" ec="17" bec="0" bev="0" fileid="5" />
              </SequencePoints>
              <BranchPoints>
                <BranchPoint vc="4" uspid="165" ordinal="0" offset="7" sl="34" path="0" offsetend="9" fileid="5" />
                <BranchPoint vc="4" uspid="166" ordinal="1" offset="7" sl="34" path="1" offsetend="25" fileid="5" />
              </BranchPoints>
              <MethodPoint xsi:type="SequencePoint" vc="8" uspid="161" ordinal="0" offset="0" sl="34" sc="4" el="34" ec="24" bec="2" bev="2" fileid="5" />
            </Method>
          </Methods>
        </Class>
        <Class>
          <Summary numSequencePoints="9" visitedSequencePoints="9" numBranchPoints="2" visitedBranchPoints="2" sequenceCoverage="100" branchCoverage="100" maxCyclomaticComplexity="1" minCyclomaticComplexity="1" />
          <FullName>Node.Cs.NodeRootModule</FullName>
          <Methods>
            <Method visited="true" cyclomaticComplexity="1" sequenceCoverage="100" branchCoverage="100" isConstructor="true" isStatic="false" isGetter="false" isSetter="false">
              <Summary numSequencePoints="4" visitedSequencePoints="4" numBranchPoints="1" visitedBranchPoints="1" sequenceCoverage="100" branchCoverage="100" maxCyclomaticComplexity="1" minCyclomaticComplexity="1" />
              <MetadataToken>100663324</MetadataToken>
              <Name>System.Void Node.Cs.NodeRootModule::.ctor(Node.Cs.CommandHandlers.IUiCommandsHandler,Node.Cs.CommandHandlers.IBasicNodeCommands)</Name>
              <FileRef uid="6" />
              <SequencePoints>
                <SequencePoint vc="4" uspid="167" ordinal="0" offset="0" sl="26" sc="3" el="26" ec="97" bec="0" bev="0" fileid="6" />
                <SequencePoint vc="4" uspid="168" ordinal="1" offset="6" sl="28" sc="4" el="28" ec="39" bec="0" bev="0" fileid="6" />
                <SequencePoint vc="4" uspid="169" ordinal="2" offset="13" sl="29" sc="4" el="29" ec="38" bec="0" bev="0" fileid="6" />
                <SequencePoint vc="4" uspid="170" ordinal="3" offset="20" sl="30" sc="3" el="30" ec="4" bec="0" bev="0" fileid="6" />
              </SequencePoints>
              <BranchPoints />
              <MethodPoint xsi:type="SequencePoint" vc="4" uspid="167" ordinal="0" offset="0" sl="26" sc="3" el="26" ec="97" bec="0" bev="0" fileid="6" />
            </Method>
            <Method visited="true" cyclomaticComplexity="1" sequenceCoverage="100" branchCoverage="100" isConstructor="false" isStatic="false" isGetter="false" isSetter="false">
              <Summary numSequencePoints="5" visitedSequencePoints="5" numBranchPoints="1" visitedBranchPoints="1" sequenceCoverage="100" branchCoverage="100" maxCyclomaticComplexity="1" minCyclomaticComplexity="1" />
              <MetadataToken>100663325</MetadataToken>
              <Name>System.Void Node.Cs.NodeRootModule::PreInitialize()</Name>
              <FileRef uid="6" />
              <SequencePoints>
                <SequencePoint vc="4" uspid="171" ordinal="0" offset="0" sl="34" sc="4" el="36" ec="119" bec="0" bev="0" fileid="6" />
                <SequencePoint vc="4" uspid="172" ordinal="1" offset="45" sl="38" sc="4" el="40" ec="96" bec="0" bev="0" fileid="6" />
                <SequencePoint vc="4" uspid="173" ordinal="2" offset="90" sl="42" sc="4" el="44" ec="95" bec="0" bev="0" fileid="6" />
                <SequencePoint vc="4" uspid="174" ordinal="3" offset="135" sl="46" sc="4" el="48" ec="99" bec="0" bev="0" fileid="6" />
                <SequencePoint vc="4" uspid="175" ordinal="4" offset="180" sl="49" sc="3" el="49" ec="4" bec="0" bev="0" fileid="6" />
              </SequencePoints>
              <BranchPoints />
              <MethodPoint xsi:type="SequencePoint" vc="4" uspid="171" ordinal="0" offset="0" sl="34" sc="4" el="36" ec="119" bec="0" bev="0" fileid="6" />
            </Method>
          </Methods>
        </Class>
        <Class>
          <Summary numSequencePoints="127" visitedSequencePoints="116" numBranchPoints="75" visitedBranchPoints="61" sequenceCoverage="91.34" branchCoverage="81.33" maxCyclomaticComplexity="7" minCyclomaticComplexity="1" />
          <FullName>Node.Cs.CommandHandlers.UiCommandsHandler</FullName>
          <Methods>
            <Method visited="true" cyclomaticComplexity="1" sequenceCoverage="100" branchCoverage="100" isConstructor="true" isStatic="false" isGetter="false" isSetter="false">
              <Summary numSequencePoints="6" visitedSequencePoints="6" numBranchPoints="1" visitedBranchPoints="1" sequenceCoverage="100" branchCoverage="100" maxCyclomaticComplexity="1" minCyclomaticComplexity="1" />
              <MetadataToken>100663326</MetadataToken>
              <Name>System.Void Node.Cs.CommandHandlers.UiCommandsHandler::.ctor(Node.Cs.CommandHandlers.ICommandParser,Node.Cs.INodeExecutionContext,Node.Cs.Consoles.INodeConsole)</Name>
              <FileRef uid="7" />
              <SequencePoints>
                <SequencePoint vc="10" uspid="176" ordinal="0" offset="0" sl="33" sc="9" el="33" ec="116" bec="0" bev="0" fileid="7" />
                <SequencePoint vc="10" uspid="177" ordinal="1" offset="6" sl="35" sc="13" el="35" ec="44" bec="0" bev="0" fileid="7" />
                <SequencePoint vc="10" uspid="178" ordinal="2" offset="13" sl="36" sc="13" el="36" ec="32" bec="0" bev="0" fileid="7" />
                <SequencePoint vc="10" uspid="179" ordinal="3" offset="20" sl="37" sc="13" el="37" ec="107" bec="0" bev="0" fileid="7" />
                <SequencePoint vc="10" uspid="180" ordinal="4" offset="36" sl="38" sc="13" el="38" ec="32" bec="0" bev="0" fileid="7" />
                <SequencePoint vc="10" uspid="181" ordinal="5" offset="43" sl="39" sc="9" el="39" ec="10" bec="0" bev="0" fileid="7" />
              </SequencePoints>
              <BranchPoints />
              <MethodPoint xsi:type="SequencePoint" vc="10" uspid="176" ordinal="0" offset="0" sl="33" sc="9" el="33" ec="116" bec="0" bev="0" fileid="7" />
            </Method>
            <Method visited="true" cyclomaticComplexity="4" sequenceCoverage="90" branchCoverage="85.71" isConstructor="false" isStatic="false" isGetter="false" isSetter="false">
              <Summary numSequencePoints="10" visitedSequencePoints="9" numBranchPoints="7" visitedBranchPoints="6" sequenceCoverage="90" branchCoverage="85.71" maxCyclomaticComplexity="4" minCyclomaticComplexity="4" />
              <MetadataToken>100663327</MetadataToken>
              <Name>System.Boolean Node.Cs.CommandHandlers.UiCommandsHandler::ContainsCommand(System.String,System.Type[])</Name>
              <FileRef uid="7" />
              <SequencePoints>
                <SequencePoint vc="6" uspid="182" ordinal="0" offset="0" sl="43" sc="13" el="43" ec="46" bec="2" bev="2" fileid="7" />
                <SequencePoint vc="3" uspid="183" ordinal="1" offset="14" sl="45" sc="17" el="45" ec="30" bec="0" bev="0" fileid="7" />
                <SequencePoint vc="3" uspid="184" ordinal="2" offset="16" sl="47" sc="13" el="47" ec="52" bec="0" bev="0" fileid="7" />
                <SequencePoint vc="3" uspid="185" ordinal="3" offset="29" sl="48" sc="18" el="48" ec="28" bec="0" bev="0" fileid="7" />
                <SequencePoint vc="2" uspid="186" ordinal="4" offset="33" sl="50" sc="17" el="50" ec="51" bec="0" bev="0" fileid="7" />
                <SequencePoint vc="2" uspid="187" ordinal="5" offset="41" sl="51" sc="17" el="51" ec="60" bec="2" bev="1" fileid="7" />
                <SequencePoint vc="2" uspid="188" ordinal="6" offset="51" sl="53" sc="21" el="53" ec="33" bec="0" bev="0" fileid="7" />
                <SequencePoint vc="0" uspid="189" ordinal="7" offset="53" sl="48" sc="57" el="48" ec="60" bec="0" bev="0" fileid="7" />
                <SequencePoint vc="3" uspid="190" ordinal="8" offset="57" sl="48" sc="29" el="48" ec="55" bec="2" bev="2" fileid="7" />
                <SequencePoint vc="1" uspid="191" ordinal="9" offset="66" sl="56" sc="13" el="56" ec="26" bec="0" bev="0" fileid="7" />
              </SequencePoints>
              <BranchPoints>
                <BranchPoint vc="3" uspid="192" ordinal="0" offset="12" sl="43" path="0" offsetend="14" fileid="7" />
                <BranchPoint vc="3" uspid="193" ordinal="1" offset="12" sl="43" path="1" offsetend="16" fileid="7" />
                <BranchPoint vc="2" uspid="194" ordinal="2" offset="49" sl="51" path="0" offsetend="51" fileid="7" />
                <BranchPoint vc="0" uspid="195" ordinal="3" offset="49" sl="51" path="1" offsetend="53" fileid="7" />
                <BranchPoint vc="1" uspid="196" ordinal="4" offset="64" sl="48" path="0" offsetend="66" fileid="7" />
                <BranchPoint vc="2" uspid="197" ordinal="5" offset="64" sl="48" path="1" offsetend="33" fileid="7" />
              </BranchPoints>
              <MethodPoint xsi:type="SequencePoint" vc="6" uspid="182" ordinal="0" offset="0" sl="43" sc="13" el="43" ec="46" bec="2" bev="2" fileid="7" />
            </Method>
            <Method visited="true" cyclomaticComplexity="4" sequenceCoverage="90.91" branchCoverage="85.71" isConstructor="false" isStatic="false" isGetter="false" isSetter="false">
              <Summary numSequencePoints="11" visitedSequencePoints="10" numBranchPoints="7" visitedBranchPoints="6" sequenceCoverage="90.91" branchCoverage="85.71" maxCyclomaticComplexity="4" minCyclomaticComplexity="4" />
              <MetadataToken>100663328</MetadataToken>
              <Name>System.Void Node.Cs.CommandHandlers.UiCommandsHandler::RegisterCommand(Node.Cs.CommandHandlers.CommandDescriptor)</Name>
              <FileRef uid="7" />
              <SequencePoints>
                <SequencePoint vc="14" uspid="198" ordinal="0" offset="0" sl="62" sc="13" el="62" ec="54" bec="2" bev="2" fileid="7" />
                <SequencePoint vc="13" uspid="199" ordinal="1" offset="19" sl="64" sc="17" el="64" ec="76" bec="0" bev="0" fileid="7" />
                <SequencePoint vc="14" uspid="200" ordinal="2" offset="41" sl="66" sc="13" el="66" ec="60" bec="0" bev="0" fileid="7" />
                <SequencePoint vc="14" uspid="201" ordinal="3" offset="59" sl="67" sc="18" el="67" ec="28" bec="0" bev="0" fileid="7" />
                <SequencePoint vc="1" uspid="202" ordinal="4" offset="63" sl="69" sc="17" el="69" ec="51" bec="0" bev="0" fileid="7" />
                <SequencePoint vc="1" uspid="203" ordinal="5" offset="71" sl="70" sc="17" el="70" ec="52" bec="2" bev="1" fileid="7" />
                <SequencePoint vc="1" uspid="204" ordinal="6" offset="81" sl="72" sc="21" el="72" ec="99" bec="0" bev="0" fileid="7" />
                <SequencePoint vc="0" uspid="205" ordinal="7" offset="109" sl="67" sc="57" el="67" ec="60" bec="0" bev="0" fileid="7" />
                <SequencePoint vc="14" uspid="206" ordinal="8" offset="113" sl="67" sc="29" el="67" ec="55" bec="2" bev="2" fileid="7" />
                <SequencePoint vc="13" uspid="207" ordinal="9" offset="122" sl="75" sc="13" el="75" ec="38" bec="0" bev="0" fileid="7" />
                <SequencePoint vc="13" uspid="208" ordinal="10" offset="129" sl="76" sc="9" el="76" ec="10" bec="0" bev="0" fileid="7" />
              </SequencePoints>
              <BranchPoints>
                <BranchPoint vc="13" uspid="209" ordinal="0" offset="17" sl="62" path="0" offsetend="19" fileid="7" />
                <BranchPoint vc="1" uspid="210" ordinal="1" offset="17" sl="62" path="1" offsetend="41" fileid="7" />
                <BranchPoint vc="1" uspid="211" ordinal="2" offset="79" sl="70" path="0" offsetend="81" fileid="7" />
                <BranchPoint vc="0" uspid="212" ordinal="3" offset="79" sl="70" path="1" offsetend="109" fileid="7" />
                <BranchPoint vc="13" uspid="213" ordinal="4" offset="120" sl="67" path="0" offsetend="122" fileid="7" />
                <BranchPoint vc="1" uspid="214" ordinal="5" offset="120" sl="67" path="1" offsetend="63" fileid="7" />
              </BranchPoints>
              <MethodPoint xsi:type="SequencePoint" vc="14" uspid="198" ordinal="0" offset="0" sl="62" sc="13" el="62" ec="54" bec="2" bev="2" fileid="7" />
            </Method>
            <Method visited="true" cyclomaticComplexity="4" sequenceCoverage="50" branchCoverage="42.86" isConstructor="false" isStatic="false" isGetter="false" isSetter="false">
              <Summary numSequencePoints="12" visitedSequencePoints="6" numBranchPoints="7" visitedBranchPoints="3" sequenceCoverage="50" branchCoverage="42.86" maxCyclomaticComplexity="4" minCyclomaticComplexity="4" />
              <MetadataToken>100663329</MetadataToken>
              <Name>System.Boolean Node.Cs.CommandHandlers.UiCommandsHandler::HasSameParameters(Node.Cs.CommandHandlers.CommandDescriptor,Node.Cs.CommandHandlers.CommandDescriptor)</Name>
              <FileRef uid="7" />
              <SequencePoints>
                <SequencePoint vc="1" uspid="215" ordinal="0" offset="0" sl="80" sc="13" el="80" ec="67" bec="0" bev="0" fileid="7" />
                <SequencePoint vc="1" uspid="216" ordinal="1" offset="13" sl="81" sc="13" el="81" ec="67" bec="0" bev="0" fileid="7" />
                <SequencePoint vc="1" uspid="217" ordinal="2" offset="26" sl="82" sc="13" el="82" ec="42" bec="2" bev="1" fileid="7" />
                <SequencePoint vc="0" uspid="218" ordinal="3" offset="34" sl="82" sc="43" el="82" ec="56" bec="0" bev="0" fileid="7" />
                <SequencePoint vc="1" uspid="219" ordinal="4" offset="36" sl="83" sc="18" el="83" ec="28" bec="0" bev="0" fileid="7" />
                <SequencePoint vc="0" uspid="220" ordinal="5" offset="40" sl="85" sc="17" el="85" ec="33" bec="0" bev="0" fileid="7" />
                <SequencePoint vc="0" uspid="221" ordinal="6" offset="44" sl="86" sc="17" el="86" ec="33" bec="0" bev="0" fileid="7" />
                <SequencePoint vc="0" uspid="222" ordinal="7" offset="49" sl="87" sc="17" el="87" ec="30" bec="2" bev="0" fileid="7" />
                <SequencePoint vc="0" uspid="223" ordinal="8" offset="54" sl="87" sc="31" el="87" ec="44" bec="0" bev="0" fileid="7" />
                <SequencePoint vc="0" uspid="224" ordinal="9" offset="56" sl="83" sc="45" el="83" ec="48" bec="0" bev="0" fileid="7" />
                <SequencePoint vc="1" uspid="225" ordinal="10" offset="60" sl="83" sc="29" el="83" ec="43" bec="2" bev="1" fileid="7" />
                <SequencePoint vc="1" uspid="226" ordinal="11" offset="66" sl="89" sc="13" el="89" ec="25" bec="0" bev="0" fileid="7" />
              </SequencePoints>
              <BranchPoints>
                <BranchPoint vc="0" uspid="227" ordinal="0" offset="32" sl="82" path="0" offsetend="34" fileid="7" />
                <BranchPoint vc="1" uspid="228" ordinal="1" offset="32" sl="82" path="1" offsetend="36" fileid="7" />
                <BranchPoint vc="0" uspid="229" ordinal="2" offset="52" sl="87" path="0" offsetend="54" fileid="7" />
                <BranchPoint vc="0" uspid="230" ordinal="3" offset="52" sl="87" path="1" offsetend="56" fileid="7" />
                <BranchPoint vc="1" uspid="231" ordinal="4" offset="64" sl="83" path="0" offsetend="66" fileid="7" />
                <BranchPoint vc="0" uspid="232" ordinal="5" offset="64" sl="83" path="1" offsetend="40" fileid="7" />
              </BranchPoints>
              <MethodPoint xsi:type="SequencePoint" vc="1" uspid="215" ordinal="0" offset="0" sl="80" sc="13" el="80" ec="67" bec="0" bev="0" fileid="7" />
            </Method>
            <Method visited="true" cyclomaticComplexity="5" sequenceCoverage="92.86" branchCoverage="66.67" isConstructor="false" isStatic="false" isGetter="false" isSetter="false">
              <Summary numSequencePoints="14" visitedSequencePoints="13" numBranchPoints="9" visitedBranchPoints="6" sequenceCoverage="92.86" branchCoverage="66.67" maxCyclomaticComplexity="5" minCyclomaticComplexity="5" />
              <MetadataToken>100663330</MetadataToken>
              <Name>System.Void Node.Cs.CommandHandlers.UiCommandsHandler::UnregisterCommand(System.String,System.Type[])</Name>
              <FileRef uid="7" />
              <SequencePoints>
                <SequencePoint vc="2" uspid="233" ordinal="0" offset="0" sl="94" sc="13" el="94" ec="46" bec="2" bev="2" fileid="7" />
                <SequencePoint vc="1" uspid="234" ordinal="1" offset="14" sl="96" sc="17" el="96" ec="24" bec="0" bev="0" fileid="7" />
                <SequencePoint vc="1" uspid="235" ordinal="2" offset="15" sl="98" sc="13" el="98" ec="52" bec="0" bev="0" fileid="7" />
                <SequencePoint vc="1" uspid="236" ordinal="3" offset="28" sl="99" sc="13" el="99" ec="31" bec="0" bev="0" fileid="7" />
                <SequencePoint vc="1" uspid="237" ordinal="4" offset="30" sl="100" sc="18" el="100" ec="28" bec="0" bev="0" fileid="7" />
                <SequencePoint vc="1" uspid="238" ordinal="5" offset="34" sl="102" sc="17" el="102" ec="51" bec="0" bev="0" fileid="7" />
                <SequencePoint vc="1" uspid="239" ordinal="6" offset="42" sl="103" sc="17" el="103" ec="60" bec="2" bev="1" fileid="7" />
                <SequencePoint vc="1" uspid="240" ordinal="7" offset="52" sl="105" sc="21" el="105" ec="34" bec="0" bev="0" fileid="7" />
                <SequencePoint vc="1" uspid="241" ordinal="8" offset="54" sl="106" sc="21" el="106" ec="27" bec="0" bev="0" fileid="7" />
                <SequencePoint vc="0" uspid="242" ordinal="9" offset="56" sl="100" sc="57" el="100" ec="60" bec="0" bev="0" fileid="7" />
                <SequencePoint vc="1" uspid="243" ordinal="10" offset="60" sl="100" sc="29" el="100" ec="55" bec="2" bev="1" fileid="7" />
                <SequencePoint vc="1" uspid="244" ordinal="11" offset="69" sl="109" sc="13" el="109" ec="31" bec="2" bev="1" fileid="7" />
                <SequencePoint vc="1" uspid="245" ordinal="12" offset="73" sl="111" sc="17" el="111" ec="53" bec="0" bev="0" fileid="7" />
                <SequencePoint vc="1" uspid="246" ordinal="13" offset="80" sl="113" sc="9" el="113" ec="10" bec="0" bev="0" fileid="7" />
              </SequencePoints>
              <BranchPoints>
                <BranchPoint vc="1" uspid="247" ordinal="0" offset="12" sl="94" path="0" offsetend="14" fileid="7" />
                <BranchPoint vc="1" uspid="248" ordinal="1" offset="12" sl="94" path="1" offsetend="15" fileid="7" />
                <BranchPoint vc="1" uspid="249" ordinal="2" offset="50" sl="103" path="0" offsetend="52" fileid="7" />
                <BranchPoint vc="0" uspid="250" ordinal="3" offset="50" sl="103" path="1" offsetend="56" fileid="7" />
                <BranchPoint vc="0" uspid="251" ordinal="4" offset="67" sl="100" path="0" offsetend="69" fileid="7" />
                <BranchPoint vc="1" uspid="252" ordinal="5" offset="67" sl="100" path="1" offsetend="34" fileid="7" />
                <BranchPoint vc="1" uspid="253" ordinal="6" offset="71" sl="109" path="0" offsetend="73" fileid="7" />
                <BranchPoint vc="0" uspid="254" ordinal="7" offset="71" sl="109" path="1" offsetend="80" fileid="7" />
              </BranchPoints>
              <MethodPoint xsi:type="SequencePoint" vc="2" uspid="233" ordinal="0" offset="0" sl="94" sc="13" el="94" ec="46" bec="2" bev="2" fileid="7" />
            </Method>
            <Method visited="true" cyclomaticComplexity="4" sequenceCoverage="81.82" branchCoverage="71.43" isConstructor="false" isStatic="false" isGetter="false" isSetter="false">
              <Summary numSequencePoints="11" visitedSequencePoints="9" numBranchPoints="7" visitedBranchPoints="5" sequenceCoverage="81.82" branchCoverage="71.43" maxCyclomaticComplexity="4" minCyclomaticComplexity="4" />
              <MetadataToken>100663331</MetadataToken>
              <Name>System.Boolean Node.Cs.CommandHandlers.UiCommandsHandler::HasSameParameters(Node.Cs.CommandHandlers.CommandDescriptor,System.Type[])</Name>
              <FileRef uid="7" />
              <SequencePoints>
                <SequencePoint vc="3" uspid="255" ordinal="0" offset="0" sl="118" sc="13" el="118" ec="81" bec="0" bev="0" fileid="7" />
                <SequencePoint vc="3" uspid="256" ordinal="1" offset="13" sl="119" sc="13" el="119" ec="57" bec="2" bev="1" fileid="7" />
                <SequencePoint vc="0" uspid="257" ordinal="2" offset="21" sl="119" sc="58" el="119" ec="71" bec="0" bev="0" fileid="7" />
                <SequencePoint vc="3" uspid="258" ordinal="3" offset="23" sl="120" sc="18" el="120" ec="28" bec="0" bev="0" fileid="7" />
                <SequencePoint vc="1" uspid="259" ordinal="4" offset="27" sl="122" sc="17" el="122" ec="55" bec="0" bev="0" fileid="7" />
                <SequencePoint vc="1" uspid="260" ordinal="5" offset="36" sl="123" sc="17" el="123" ec="40" bec="0" bev="0" fileid="7" />
                <SequencePoint vc="1" uspid="261" ordinal="6" offset="40" sl="124" sc="17" el="124" ec="30" bec="2" bev="1" fileid="7" />
                <SequencePoint vc="0" uspid="262" ordinal="7" offset="49" sl="124" sc="31" el="124" ec="44" bec="0" bev="0" fileid="7" />
                <SequencePoint vc="1" uspid="263" ordinal="8" offset="51" sl="120" sc="53" el="120" ec="56" bec="0" bev="0" fileid="7" />
                <SequencePoint vc="4" uspid="264" ordinal="9" offset="55" sl="120" sc="29" el="120" ec="51" bec="2" bev="2" fileid="7" />
                <SequencePoint vc="3" uspid="265" ordinal="10" offset="61" sl="126" sc="13" el="126" ec="25" bec="0" bev="0" fileid="7" />
              </SequencePoints>
              <BranchPoints>
                <BranchPoint vc="0" uspid="266" ordinal="0" offset="19" sl="119" path="0" offsetend="21" fileid="7" />
                <BranchPoint vc="3" uspid="267" ordinal="1" offset="19" sl="119" path="1" offsetend="23" fileid="7" />
                <BranchPoint vc="0" uspid="268" ordinal="2" offset="47" sl="124" path="0" offsetend="49" fileid="7" />
                <BranchPoint vc="1" uspid="269" ordinal="3" offset="47" sl="124" path="1" offsetend="51" fileid="7" />
                <BranchPoint vc="3" uspid="270" ordinal="4" offset="59" sl="120" path="0" offsetend="61" fileid="7" />
                <BranchPoint vc="1" uspid="271" ordinal="5" offset="59" sl="120" path="1" offsetend="27" fileid="7" />
              </BranchPoints>
[...]
            </Method>
            <Method visited="true" cyclomaticComplexity="2" sequenceCoverage="100" branchCoverage="100" isConstructor="false" isStatic="false" isGetter="false" isSetter="false">
              <Summary numSequencePoints="3" visitedSequencePoints="3" numBranchPoints="3" visitedBranchPoints="3" sequenceCoverage="100" branchCoverage="100" maxCyclomaticComplexity="2" minCyclomaticComplexity="2" />
              <MetadataToken>100663341</MetadataToken>
              <Name>System.String Node.Cs.NodeExecutionContext::CreateDirIfNotExists(System.String)</Name>
              <FileRef uid="20" />
              <SequencePoints>
                <SequencePoint vc="24" uspid="496" ordinal="0" offset="0" sl="43" sc="4" el="43" ec="31" bec="2" bev="2" fileid="20" />
                <SequencePoint vc="4" uspid="497" ordinal="1" offset="8" sl="45" sc="5" el="45" ec="36" bec="0" bev="0" fileid="20" />
                <SequencePoint vc="24" uspid="498" ordinal="2" offset="15" sl="47" sc="4" el="47" ec="15" bec="0" bev="0" fileid="20" />
              </SequencePoints>
              <BranchPoints>
                <BranchPoint vc="4" uspid="499" ordinal="0" offset="6" sl="43" path="0" offsetend="8" fileid="20" />
                <BranchPoint vc="20" uspid="500" ordinal="1" offset="6" sl="43" path="1" offsetend="15" fileid="20" />
              </BranchPoints>
              <MethodPoint xsi:type="SequencePoint" vc="24" uspid="496" ordinal="0" offset="0" sl="43" sc="4" el="43" ec="31" bec="2" bev="2" fileid="20" />
            </Method>
          </Methods>
        </Class>
        <Class>
          <Summary numSequencePoints="9" visitedSequencePoints="9" numBranchPoints="3" visitedBranchPoints="3" sequenceCoverage="100" branchCoverage="100" maxCyclomaticComplexity="2" minCyclomaticComplexity="2" />
          <FullName>Node.Cs.NodeUtils</FullName>
          <Methods>
            <Method visited="true" cyclomaticComplexity="2" sequenceCoverage="100" branchCoverage="100" isConstructor="false" isStatic="true" isGetter="false" isSetter="false">
              <Summary numSequencePoints="9" visitedSequencePoints="9" numBranchPoints="3" visitedBranchPoints="3" sequenceCoverage="100" branchCoverage="100" maxCyclomaticComplexity="2" minCyclomaticComplexity="2" />
              <MetadataToken>100663354</MetadataToken>
              <Name>System.String Node.Cs.NodeUtils::CalculateMD5Hash(System.String)</Name>
              <FileRef uid="21" />
              <SequencePoints>
                <SequencePoint vc="2" uspid="501" ordinal="0" offset="0" sl="15" sc="13" el="15" ec="65" bec="0" bev="0" fileid="21" />
                <SequencePoint vc="2" uspid="502" ordinal="1" offset="6" sl="16" sc="13" el="16" ec="76" bec="0" bev="0" fileid="21" />
                <SequencePoint vc="2" uspid="503" ordinal="2" offset="18" sl="17" sc="13" el="17" ec="55" bec="0" bev="0" fileid="21" />
                <SequencePoint vc="2" uspid="504" ordinal="3" offset="26" sl="20" sc="13" el="20" ec="52" bec="0" bev="0" fileid="21" />
                <SequencePoint vc="2" uspid="505" ordinal="4" offset="32" sl="21" sc="18" el="21" ec="28" bec="0" bev="0" fileid="21" />
                <SequencePoint vc="32" uspid="506" ordinal="5" offset="37" sl="23" sc="17" el="23" ec="51" bec="0" bev="0" fileid="21" />
                <SequencePoint vc="32" uspid="507" ordinal="6" offset="62" sl="21" sc="46" el="21" ec="49" bec="0" bev="0" fileid="21" />
                <SequencePoint vc="34" uspid="508" ordinal="7" offset="68" sl="21" sc="29" el="21" ec="44" bec="2" bev="2" fileid="21" />
                <SequencePoint vc="2" uspid="509" ordinal="8" offset="75" sl="25" sc="13" el="25" ec="34" bec="0" bev="0" fileid="21" />
              </SequencePoints>
              <BranchPoints>
                <BranchPoint vc="2" uspid="510" ordinal="0" offset="73" sl="21" path="0" offsetend="75" fileid="21" />
                <BranchPoint vc="32" uspid="511" ordinal="1" offset="73" sl="21" path="1" offsetend="37" fileid="21" />
              </BranchPoints>
              <MethodPoint xsi:type="SequencePoint" vc="2" uspid="501" ordinal="0" offset="0" sl="15" sc="13" el="15" ec="65" bec="0" bev="0" fileid="21" />
            </Method>
          </Methods>
        </Class>
      </Classes>
    </Module>
    <Module skippedDueTo="MissingPdb" hash="D6-D2-A1-C9-DD-EF-1E-23-9A-9B-69-17-B0-3A-5A-89-2A-AD-75-30">
      <FullName>C:\Windows\Microsoft.Net\assembly\GAC_MSIL\Microsoft.VisualStudio.QualityTools.ControllerObject\v4.0_12.0.0.0__b03f5f7f11d50a3a\Microsoft.VisualStudio.QualityTools.ControllerObject.dll</FullName>
      <ModuleName>Microsoft.VisualStudio.QualityTools.ControllerObject</ModuleName>
      <Classes />
    </Module>
    <Module skippedDueTo="MissingPdb" hash="87-C9-BA-8D-5D-BC-48-A2-9A-EE-A2-4C-0D-24-85-14-7E-47-C9-50">
      <FullName>C:\Program Files (x86)\Microsoft Visual Studio 12.0\Common7\IDE\PrivateAssemblies\Microsoft.VisualStudio.TeamSystem.Licensing.dll</FullName>
      <ModuleName>Microsoft.VisualStudio.TeamSystem.Licensing</ModuleName>
      <Classes />
    </Module>
    <Module skippedDueTo="MissingPdb" hash="1D-1F-58-DB-C3-75-56-7F-9E-36-D4-74-56-60-D3-99-19-21-33-F4">
      <FullName>C:\Projects\Kendar.Framework\Github\endaroza\Node.Cs.Alpha2\Node.Cs\.report\bin\Castle.Windsor.dll</FullName>
      <ModuleName>Castle.Windsor</ModuleName>
      <Classes />
    </Module>
    <Module skippedDueTo="MissingPdb" hash="5E-53-6A-F9-74-B1-13-42-99-AE-BD-26-7F-AB-F8-CB-65-B1-2A-37">
      <FullName>C:\Projects\Kendar.Framework\Github\endaroza\Node.Cs.Alpha2\Node.Cs\.report\bin\Castle.Core.dll</FullName>
      <ModuleName>Castle.Core</ModuleName>
      <Classes />
    </Module>
    <Module skippedDueTo="MissingPdb" hash="CB-63-99-E0-2F-FD-88-09-15-21-28-61-2E-80-79-E5-05-CF-A4-F1">
      <FullName>C:\Projects\Kendar.Framework\Github\endaroza\Node.Cs.Alpha2\Node.Cs\.report\bin\GenericHelpers.dll</FullName>
      <ModuleName>GenericHelpers</ModuleName>
      <Classes />
    </Module>
    <Module skippedDueTo="MissingPdb" hash="C9-76-22-B4-8B-E9-48-54-0D-AC-2E-FF-EF-EC-E2-7F-BD-79-72-E4">
      <FullName>C:\Projects\Kendar.Framework\Github\endaroza\Node.Cs.Alpha2\Node.Cs\.report\bin\ConcurrencyHelpers.dll</FullName>
      <ModuleName>ConcurrencyHelpers</ModuleName>
      <Classes />
    </Module>
    <Module skippedDueTo="MissingPdb" hash="78-CE-BF-55-E5-E2-5B-E9-E0-2D-DA-E4-FA-46-C1-AB-4C-55-49-AE">
      <FullName>C:\Projects\Kendar.Framework\Github\endaroza\Node.Cs.Alpha2\Node.Cs\.report\bin\Moq.dll</FullName>
      <ModuleName>Moq</ModuleName>
      <Classes />
    </Module>
    <Module skippedDueTo="MissingPdb" hash="E2-10-C2-9A-16-8B-CB-CA-BC-BD-DA-C3-D7-B5-22-DC-6A-FC-5B-DA">
      <FullName>C:\Projects\Kendar.Framework\Github\endaroza\Node.Cs.Alpha2\Node.Cs\.report\bin\SharpTemplate.dll</FullName>
      <ModuleName>SharpTemplate</ModuleName>
      <Classes />
    </Module>
    <Module skippedDueTo="MissingPdb" hash="C8-1B-95-44-2E-BF-5A-19-78-BF-E8-87-A8-C2-18-88-E9-90-3B-92">
      <FullName>C:\Windows\Microsoft.Net\assembly\GAC_MSIL\Microsoft.CSharp\v4.0_4.0.0.0__b03f5f7f11d50a3a\Microsoft.CSharp.dll</FullName>
      <ModuleName>Microsoft.CSharp</ModuleName>
      <Classes />
    </Module>
    <Module skippedDueTo="MissingPdb" hash="67-B1-95-11-82-25-74-F1-A4-67-0F-86-B6-3A-F2-E3-E2-47-25-66">
      <FullName>C:\Projects\Kendar.Framework\Github\endaroza\Node.Cs.Alpha2\Node.Cs\.report\bin\UniversalTypeConverter.dll</FullName>
      <ModuleName>UniversalTypeConverter</ModuleName>
      <Classes />
    </Module>
    <Module skippedDueTo="MissingPdb" hash="65-84-09-3F-3D-4A-20-11-0F-F8-41-12-52-55-82-3D-5F-C7-91-15">
      <FullName>C:\Windows\assembly\GAC_MSIL\Microsoft.VisualStudio.QualityTools.AgentProcessManager\12.0.0.0__b03f5f7f11d50a3a\Microsoft.VisualStudio.QualityTools.AgentProcessManager.dll</FullName>
      <ModuleName>Microsoft.VisualStudio.QualityTools.AgentProcessManager</ModuleName>
      <Classes />
    </Module>
    <Module skippedDueTo="MissingPdb" hash="BF-6C-85-48-0A-74-60-89-2C-DB-0A-4D-BF-E3-85-68-0D-08-CD-10">
      <FullName>C:\Windows\assembly\GAC_MSIL\Microsoft.VisualStudio.QualityTools.DataCollectionAgentObject\12.0.0.0__b03f5f7f11d50a3a\Microsoft.VisualStudio.QualityTools.DataCollectionAgentObject.dll</FullName>
      <ModuleName>Microsoft.VisualStudio.QualityTools.DataCollectionAgentObject</ModuleName>
      <Classes />
    </Module>
    <Module skippedDueTo="MissingPdb" hash="C2-C1-8F-47-58-BB-5C-12-6A-16-A6-86-AB-70-8D-11-49-3A-AA-64">
      <FullName>C:\Windows\assembly\GAC_MSIL\Microsoft.VisualStudio.QualityTools.AgentObject\12.0.0.0__b03f5f7f11d50a3a\Microsoft.VisualStudio.QualityTools.AgentObject.dll</FullName>
      <ModuleName>Microsoft.VisualStudio.QualityTools.AgentObject</ModuleName>
      <Classes />
    </Module>
    <Module skippedDueTo="MissingPdb" hash="5D-4B-76-CA-B8-70-4D-26-A3-95-E9-EB-A9-4B-C4-42-8D-66-57-63">
      <FullName>C:\Windows\assembly\GAC_MSIL\Microsoft.VisualStudio.QualityTools.Tips.UnitTest.Adapter\12.0.0.0__b03f5f7f11d50a3a\Microsoft.VisualStudio.QualityTools.Tips.UnitTest.Adapter.dll</FullName>
      <ModuleName>Microsoft.VisualStudio.QualityTools.Tips.UnitTest.Adapter</ModuleName>
      <Classes />
    </Module>
    <Module skippedDueTo="MissingPdb" hash="68-87-2E-A4-40-72-CF-94-45-76-F1-8D-64-38-61-11-89-4B-60-38">
      <FullName>C:\Program Files (x86)\Microsoft Visual Studio 12.0\Common7\IDE\PrivateAssemblies\DataCollectors\Microsoft.IntelliTrace.ConfigUI.dll</FullName>
      <ModuleName>Microsoft.IntelliTrace.ConfigUI</ModuleName>
      <Classes />
    </Module>
    <Module skippedDueTo="MissingPdb" hash="AB-93-D6-03-44-AE-2D-B9-ED-FA-E9-99-79-68-A8-99-EF-8C-B5-48">
      <FullName>C:\Windows\Microsoft.Net\assembly\GAC_MSIL\PresentationFramework\v4.0_4.0.0.0__31bf3856ad364e35\PresentationFramework.dll</FullName>
      <ModuleName>PresentationFramework</ModuleName>
      <Classes />
    </Module>
    <Module skippedDueTo="MissingPdb" hash="B6-E7-24-A1-38-7E-9B-19-02-86-7F-8B-A4-B8-74-FB-49-1F-24-03">
      <FullName>C:\Windows\Microsoft.Net\assembly\GAC_32\PresentationCore\v4.0_4.0.0.0__31bf3856ad364e35\PresentationCore.dll</FullName>
      <ModuleName>PresentationCore</ModuleName>
      <Classes />
    </Module>
    <Module skippedDueTo="MissingPdb" hash="">
      <FullName>RefEmit_InMemoryManifestModule</FullName>
      <ModuleName>Anonymously Hosted DynamicMethods Assembly</ModuleName>
      <Classes />
    </Module>
    <Module skippedDueTo="MissingPdb" hash="DF-F3-98-CB-51-F3-7C-D8-04-5D-A0-B4-28-B0-05-7E-A5-E2-BB-E5">
      <FullName>C:\Windows\Microsoft.Net\assembly\GAC_MSIL\WindowsBase\v4.0_4.0.0.0__31bf3856ad364e35\WindowsBase.dll</FullName>
      <ModuleName>WindowsBase</ModuleName>
      <Classes />
    </Module>
    <Module skippedDueTo="Filter" hash="8C-01-69-43-04-90-E4-34-9B-36-3A-11-D0-94-4C-69-E1-CE-B8-89">
      <FullName>C:\Windows\Microsoft.Net\assembly\GAC_MSIL\System.Xaml\v4.0_4.0.0.0__b77a5c561934e089\System.Xaml.dll</FullName>
      <ModuleName>System.Xaml</ModuleName>
      <Classes />
    </Module>
    <Module skippedDueTo="Filter" hash="89-56-3D-19-91-43-4E-46-C4-BC-E3-A4-E3-3A-45-6C-E8-8F-74-7A">
      <FullName>C:\Windows\Microsoft.Net\assembly\GAC_MSIL\System.Windows.Forms\v4.0_4.0.0.0__b77a5c561934e089\System.Windows.Forms.dll</FullName>
      <ModuleName>System.Windows.Forms</ModuleName>
      <Classes />
    </Module>
    <Module skippedDueTo="Filter" hash="07-60-10-FE-FC-47-C6-6E-A6-55-16-EF-B4-F8-E7-C6-29-1D-66-AB">
      <FullName>C:\Windows\Microsoft.Net\assembly\GAC_MSIL\System.Drawing\v4.0_4.0.0.0__b03f5f7f11d50a3a\System.Drawing.dll</FullName>
      <ModuleName>System.Drawing</ModuleName>
      <Classes />
    </Module>
    <Module skippedDueTo="MissingPdb" hash="DC-BB-C1-4C-4A-D0-77-C4-51-72-1D-4B-6E-68-F2-31-AA-61-44-D3">
      <FullName>C:\Program Files (x86)\Microsoft Visual Studio 12.0\Common7\IDE\PrivateAssemblies\DataCollectors\Microsoft.VisualStudio.PerformanceTools.DataCollection.dll</FullName>
      <ModuleName>Microsoft.VisualStudio.PerformanceTools.DataCollection</ModuleName>
      <Classes />
    </Module>
    <Module skippedDueTo="MissingPdb" hash="CC-AD-CE-97-BB-09-2E-35-3A-97-80-5F-28-9B-D3-1D-A6-28-CC-2D">
      <FullName>C:\Program Files (x86)\Microsoft Visual Studio 12.0\Common7\IDE\PrivateAssemblies\DataCollectors\Microsoft.VisualStudio.PerformanceTools.DataCollection.Editor.dll</FullName>
      <ModuleName>Microsoft.VisualStudio.PerformanceTools.DataCollection.Editor</ModuleName>
      <Classes />
    </Module>
    <Module skippedDueTo="MissingPdb" hash="6B-44-41-0A-EE-E1-69-5E-90-67-33-19-B0-F2-09-14-CA-EF-36-F6">
      <FullName>C:\Program Files (x86)\Microsoft Visual Studio 12.0\Common7\IDE\PrivateAssemblies\DataCollectors\Microsoft.VisualStudio.QualityTools.Plugins.CodeCoverage.dll</FullName>
      <ModuleName>Microsoft.VisualStudio.QualityTools.Plugins.CodeCoverage</ModuleName>
      <Classes />
    </Module>
    <Module skippedDueTo="MissingPdb" hash="46-67-C8-A5-ED-AD-FC-35-D5-BA-5C-E5-BC-36-EA-00-E7-02-C3-AA">
      <FullName>C:\Program Files (x86)\Microsoft Visual Studio 12.0\Common7\IDE\PrivateAssemblies\DataCollectors\Microsoft.VisualStudio.QualityTools.Plugins.ScreenCapture.dll</FullName>
      <ModuleName>Microsoft.VisualStudio.QualityTools.Plugins.ScreenCapture</ModuleName>
      <Classes />
    </Module>
    <Module skippedDueTo="MissingPdb" hash="2A-9F-1C-9F-95-56-20-0A-82-AA-FD-DD-93-99-F7-1C-43-20-60-59">
      <FullName>C:\Program Files (x86)\Microsoft Visual Studio 12.0\Common7\IDE\PrivateAssemblies\DataCollectors\Microsoft.VisualStudio.TestTools.DataCollection.CodeCoverage.Editor.dll</FullName>
      <ModuleName>Microsoft.VisualStudio.TestTools.DataCollection.CodeCoverage.Editor</ModuleName>
      <Classes />
    </Module>
    <Module skippedDueTo="MissingPdb" hash="6D-A2-40-44-B7-7C-5D-9D-32-DE-2E-60-88-D5-AA-53-93-83-24-02">
      <FullName>C:\Program Files (x86)\Microsoft Visual Studio 12.0\Common7\IDE\PrivateAssemblies\Microsoft.VisualStudio.TestTools.TestSettings.Common.dll</FullName>
      <ModuleName>Microsoft.VisualStudio.TestTools.TestSettings.Common</ModuleName>
      <Classes />
    </Module>
    <Module skippedDueTo="MissingPdb" hash="D6-21-99-97-C6-AF-93-2E-1B-37-8F-B4-47-35-26-16-24-C7-33-37">
      <FullName>C:\Program Files (x86)\Microsoft Visual Studio 12.0\Common7\IDE\PrivateAssemblies\DataCollectors\Microsoft.VisualStudio.TestTools.DataCollection.EventLog.dll</FullName>
      <ModuleName>Microsoft.VisualStudio.TestTools.DataCollection.EventLog</ModuleName>
      <Classes />
    </Module>
    <Module skippedDueTo="MissingPdb" hash="62-31-8C-03-CC-5B-B0-47-75-5F-CD-C3-DB-4A-50-D6-56-30-15-3D">
      <FullName>C:\Program Files (x86)\Microsoft Visual Studio 12.0\Common7\IDE\PrivateAssemblies\DataCollectors\Microsoft.VisualStudio.TestTools.DataCollection.GenericCollector.Editor.dll</FullName>
      <ModuleName>Microsoft.VisualStudio.TestTools.DataCollection.GenericCollector.Editor</ModuleName>
      <Classes />
    </Module>
    <Module skippedDueTo="MissingPdb" hash="38-4A-51-75-C6-34-B8-40-F0-A4-4E-D7-65-DE-FA-EE-B4-78-92-D6">
      <FullName>C:\Program Files (x86)\Microsoft Visual Studio 12.0\Common7\IDE\PrivateAssemblies\DataCollectors\Microsoft.VisualStudio.TestTools.DataCollection.NetworkEmulation.dll</FullName>
      <ModuleName>Microsoft.VisualStudio.TestTools.DataCollection.NetworkEmulation</ModuleName>
      <Classes />
    </Module>
    <Module skippedDueTo="MissingPdb" hash="81-F4-A9-27-64-43-2E-3C-13-D1-A0-6C-4E-77-02-14-EA-3E-77-22">
      <FullName>C:\Program Files (x86)\Microsoft Visual Studio 12.0\Common7\IDE\PrivateAssemblies\DataCollectors\Microsoft.VisualStudio.TestTools.DataCollection.NetworkEmulation.Editor.dll</FullName>
      <ModuleName>Microsoft.VisualStudio.TestTools.DataCollection.NetworkEmulation.Editor</ModuleName>
      <Classes />
    </Module>
    <Module skippedDueTo="MissingPdb" hash="F2-6A-7D-F0-5A-23-DB-23-7D-A2-A3-41-BF-01-FE-4E-EA-BC-1E-42">
      <FullName>C:\Program Files (x86)\Microsoft Visual Studio 12.0\Common7\IDE\PrivateAssemblies\DataCollectors\Microsoft.VisualStudio.TestTools.DataCollection.SystemInfo.dll</FullName>
      <ModuleName>Microsoft.VisualStudio.TestTools.DataCollection.SystemInfo</ModuleName>
      <Classes />
    </Module>
    <Module skippedDueTo="MissingPdb" hash="03-EB-79-C1-C8-C4-85-B8-B4-62-50-09-01-AA-3A-37-DA-26-E3-69">
      <FullName>C:\Program Files (x86)\Microsoft Visual Studio 12.0\Common7\IDE\PrivateAssemblies\DataCollectors\Microsoft.VisualStudio.TestTools.DataCollection.VideoRecorder.dll</FullName>
      <ModuleName>Microsoft.VisualStudio.TestTools.DataCollection.VideoRecorder</ModuleName>
      <Classes />
    </Module>
    <Module skippedDueTo="MissingPdb" hash="81-2D-D6-B7-61-BF-15-B3-83-91-65-9A-E6-B2-4C-C1-26-A7-15-EA">
      <FullName>C:\Program Files (x86)\Microsoft Visual Studio 12.0\Common7\IDE\PrivateAssemblies\DataCollectors\VSTestVideoRecorder.exe</FullName>
      <ModuleName>VSTestVideoRecorder</ModuleName>
      <Classes />
    </Module>
    <Module skippedDueTo="MissingPdb" hash="CA-5A-5B-ED-C7-C8-AF-15-13-5D-A8-C9-C8-72-ED-AC-B1-D9-57-47">
      <FullName>C:\Program Files (x86)\Microsoft Visual Studio 12.0\Common7\IDE\PrivateAssemblies\DataCollectors\Microsoft.VisualStudio.TestTools.ManualTest.ActionLog.ConfigUI.dll</FullName>
      <ModuleName>Microsoft.VisualStudio.TestTools.ManualTest.ActionLog.ConfigUI</ModuleName>
      <Classes />
    </Module>
    <Module skippedDueTo="MissingPdb" hash="AD-4C-D6-1D-9A-E8-01-75-E1-B5-A5-D2-BD-88-CB-95-2D-F9-AC-8B">
      <FullName>C:\Program Files (x86)\Microsoft Visual Studio 12.0\Common7\IDE\PrivateAssemblies\DataCollectors\Microsoft.VisualStudio.TestTools.ManualTest.ActionLog.dll</FullName>
      <ModuleName>Microsoft.VisualStudio.TestTools.ManualTest.ActionLog</ModuleName>
      <Classes />
    </Module>
    <Module skippedDueTo="MissingPdb" hash="5A-1D-B2-6B-59-BA-F0-A0-E6-90-13-04-44-41-78-F6-EF-F0-24-85">
      <FullName>C:\Program Files (x86)\Microsoft Visual Studio 12.0\Common7\IDE\PublicAssemblies\Microsoft.VisualStudio.TestTools.UITest.Common.dll</FullName>
      <ModuleName>Microsoft.VisualStudio.TestTools.UITest.Common</ModuleName>
      <Classes />
    </Module>
    <Module skippedDueTo="MissingPdb" hash="05-50-59-50-64-5B-42-84-1B-DA-FF-8F-F6-4B-30-39-64-E9-E6-D9">
      <FullName>C:\Program Files (x86)\Microsoft Visual Studio 12.0\Common7\IDE\PrivateAssemblies\DataCollectors\Microsoft.VisualStudio.TraceCollector.dll</FullName>
      <ModuleName>Microsoft.VisualStudio.TraceCollector</ModuleName>
      <Classes />
    </Module>
    <Module skippedDueTo="MissingPdb" hash="A2-8C-C3-DA-73-6D-7F-84-46-28-BD-41-82-6F-38-5E-74-06-EC-5F">
      <FullName>C:\Windows\assembly\GAC_MSIL\Microsoft.IntelliTrace.12.0.0\12.0.0.0__b03f5f7f11d50a3a\Microsoft.IntelliTrace.12.0.0.dll</FullName>
      <ModuleName>Microsoft.IntelliTrace.12.0.0</ModuleName>
      <Classes />
    </Module>
    <Module skippedDueTo="MissingPdb" hash="96-68-51-02-06-ED-E1-76-47-88-51-EA-0D-CF-F6-BE-56-E9-74-9A">
      <FullName>C:\Windows\Microsoft.Net\assembly\GAC_MSIL\Microsoft.VisualStudio.ArchitectureTools.PEReader\v4.0_12.0.0.0__b03f5f7f11d50a3a\Microsoft.VisualStudio.ArchitectureTools.PEReader.dll</FullName>
      <ModuleName>Microsoft.VisualStudio.ArchitectureTools.PEReader</ModuleName>
      <Classes />
    </Module>
    <Module skippedDueTo="MissingPdb" hash="95-F5-F0-2B-4A-8F-27-1C-6E-72-F8-87-27-0D-53-FB-B2-6C-9E-79">
      <FullName>C:\Program Files (x86)\Microsoft Visual Studio 12.0\Common7\IDE\PrivateAssemblies\DataCollectors\VSPerfControl.Interop.dll</FullName>
      <ModuleName>VSPerfControl.Interop</ModuleName>
      <Classes />
    </Module>
  </Modules>
</CoverageSession>